
*** Running vivado
    with args -log lenet5_xbar_0.vds -m64 -product Vivado -mode batch -messageDb vivado.pb -notrace -source lenet5_xbar_0.tcl


****** Vivado v2021.2 (64-bit)
  **** SW Build 3367213 on Tue Oct 19 02:47:39 MDT 2021
  **** IP Build 3369179 on Thu Oct 21 08:25:16 MDT 2021
    ** Copyright 1986-2021 Xilinx, Inc. All Rights Reserved.

source lenet5_xbar_0.tcl -notrace
create_project: Time (s): cpu = 00:00:05 ; elapsed = 00:00:10 . Memory (MB): peak = 2693.961 ; gain = 2.023 ; free physical = 4042 ; free virtual = 12511
INFO: [IP_Flow 19-234] Refreshing IP repositories
INFO: [IP_Flow 19-1700] Loaded user IP repository '/home/idec/work/ai_fpga/codes/LeNet-5/LeNet-5.dlr.fpga/hw/hls/tcl.float/proj_lenet5/zed/impl/ip'.
INFO: [IP_Flow 19-1700] Loaded user IP repository '/home/idec/work/ai_fpga/codes/LeNet-5/LeNet-5.dlr.fpga/hw/iplib/bfm_axi_if.z7'.
INFO: [IP_Flow 19-2313] Loaded Vivado IP repository '/tools/xilinx/Vivado/2021.2/data/ip'.
Command: synth_design -top lenet5_xbar_0 -part xc7z020clg484-1 -mode out_of_context
Starting synth_design
Attempting to get a license for feature 'Synthesis' and/or device 'xc7z020'
INFO: [Common 17-349] Got license for feature 'Synthesis' and/or device 'xc7z020'
INFO: [Device 21-403] Loading part xc7z020clg484-1
INFO: [Synth 8-7079] Multithreading enabled for synth_design using a maximum of 4 processes.
INFO: [Synth 8-7078] Launching helper process for spawning children vivado processes
INFO: [Synth 8-7075] Helper process launched with PID 19990
---------------------------------------------------------------------------------
Starting RTL Elaboration : Time (s): cpu = 00:00:06 ; elapsed = 00:00:09 . Memory (MB): peak = 2694.109 ; gain = 0.000 ; free physical = 3176 ; free virtual = 11705
---------------------------------------------------------------------------------
INFO: [Synth 8-6157] synthesizing module 'lenet5_xbar_0' [/home/idec/work/ai_fpga/codes/LeNet-5/LeNet-5.dlr.fpga/hw/impl/vivado.zed.confmc.float/lenet5_confmc_zed/lenet5_confmc_zed.gen/sources_1/bd/lenet5/ip/lenet5_xbar_0/synth/lenet5_xbar_0.v:59]
INFO: [Synth 8-6157] synthesizing module 'axi_crossbar_v2_1_26_axi_crossbar' [/home/idec/work/ai_fpga/codes/LeNet-5/LeNet-5.dlr.fpga/hw/impl/vivado.zed.confmc.float/lenet5_confmc_zed/lenet5_confmc_zed.gen/sources_1/bd/lenet5/ipshared/ac57/hdl/axi_crossbar_v2_1_vl_rfs.v:4884]
INFO: [Synth 8-6157] synthesizing module 'axi_crossbar_v2_1_26_crossbar' [/home/idec/work/ai_fpga/codes/LeNet-5/LeNet-5.dlr.fpga/hw/impl/vivado.zed.confmc.float/lenet5_confmc_zed/lenet5_confmc_zed.gen/sources_1/bd/lenet5/ipshared/ac57/hdl/axi_crossbar_v2_1_vl_rfs.v:2239]
INFO: [Synth 8-6157] synthesizing module 'axi_crossbar_v2_1_26_si_transactor' [/home/idec/work/ai_fpga/codes/LeNet-5/LeNet-5.dlr.fpga/hw/impl/vivado.zed.confmc.float/lenet5_confmc_zed/lenet5_confmc_zed.gen/sources_1/bd/lenet5/ipshared/ac57/hdl/axi_crossbar_v2_1_vl_rfs.v:3800]
INFO: [Synth 8-6157] synthesizing module 'axi_crossbar_v2_1_26_addr_decoder' [/home/idec/work/ai_fpga/codes/LeNet-5/LeNet-5.dlr.fpga/hw/impl/vivado.zed.confmc.float/lenet5_confmc_zed/lenet5_confmc_zed.gen/sources_1/bd/lenet5/ipshared/ac57/hdl/axi_crossbar_v2_1_vl_rfs.v:794]
INFO: [Synth 8-6157] synthesizing module 'generic_baseblocks_v2_1_0_comparator_static' [/home/idec/work/ai_fpga/codes/LeNet-5/LeNet-5.dlr.fpga/hw/impl/vivado.zed.confmc.float/lenet5_confmc_zed/lenet5_confmc_zed.gen/sources_1/bd/lenet5/ipshared/b752/hdl/generic_baseblocks_v2_1_vl_rfs.v:2133]
INFO: [Synth 8-6157] synthesizing module 'generic_baseblocks_v2_1_0_carry_and' [/home/idec/work/ai_fpga/codes/LeNet-5/LeNet-5.dlr.fpga/hw/impl/vivado.zed.confmc.float/lenet5_confmc_zed/lenet5_confmc_zed.gen/sources_1/bd/lenet5/ipshared/b752/hdl/generic_baseblocks_v2_1_vl_rfs.v:62]
INFO: [Synth 8-6155] done synthesizing module 'generic_baseblocks_v2_1_0_carry_and' (1#1) [/home/idec/work/ai_fpga/codes/LeNet-5/LeNet-5.dlr.fpga/hw/impl/vivado.zed.confmc.float/lenet5_confmc_zed/lenet5_confmc_zed.gen/sources_1/bd/lenet5/ipshared/b752/hdl/generic_baseblocks_v2_1_vl_rfs.v:62]
INFO: [Synth 8-6155] done synthesizing module 'generic_baseblocks_v2_1_0_comparator_static' (2#1) [/home/idec/work/ai_fpga/codes/LeNet-5/LeNet-5.dlr.fpga/hw/impl/vivado.zed.confmc.float/lenet5_confmc_zed/lenet5_confmc_zed.gen/sources_1/bd/lenet5/ipshared/b752/hdl/generic_baseblocks_v2_1_vl_rfs.v:2133]
INFO: [Synth 8-6157] synthesizing module 'generic_baseblocks_v2_1_0_comparator_static__parameterized0' [/home/idec/work/ai_fpga/codes/LeNet-5/LeNet-5.dlr.fpga/hw/impl/vivado.zed.confmc.float/lenet5_confmc_zed/lenet5_confmc_zed.gen/sources_1/bd/lenet5/ipshared/b752/hdl/generic_baseblocks_v2_1_vl_rfs.v:2133]
INFO: [Synth 8-6155] done synthesizing module 'generic_baseblocks_v2_1_0_comparator_static__parameterized0' (2#1) [/home/idec/work/ai_fpga/codes/LeNet-5/LeNet-5.dlr.fpga/hw/impl/vivado.zed.confmc.float/lenet5_confmc_zed/lenet5_confmc_zed.gen/sources_1/bd/lenet5/ipshared/b752/hdl/generic_baseblocks_v2_1_vl_rfs.v:2133]
INFO: [Synth 8-6155] done synthesizing module 'axi_crossbar_v2_1_26_addr_decoder' (3#1) [/home/idec/work/ai_fpga/codes/LeNet-5/LeNet-5.dlr.fpga/hw/impl/vivado.zed.confmc.float/lenet5_confmc_zed/lenet5_confmc_zed.gen/sources_1/bd/lenet5/ipshared/ac57/hdl/axi_crossbar_v2_1_vl_rfs.v:794]
INFO: [Synth 8-6157] synthesizing module 'axi_data_fifo_v2_1_24_axic_srl_fifo' [/home/idec/work/ai_fpga/codes/LeNet-5/LeNet-5.dlr.fpga/hw/impl/vivado.zed.confmc.float/lenet5_confmc_zed/lenet5_confmc_zed.gen/sources_1/bd/lenet5/ipshared/fa53/hdl/axi_data_fifo_v2_1_vl_rfs.v:698]
INFO: [Synth 8-6157] synthesizing module 'axi_data_fifo_v2_1_24_ndeep_srl' [/home/idec/work/ai_fpga/codes/LeNet-5/LeNet-5.dlr.fpga/hw/impl/vivado.zed.confmc.float/lenet5_confmc_zed/lenet5_confmc_zed.gen/sources_1/bd/lenet5/ipshared/fa53/hdl/axi_data_fifo_v2_1_vl_rfs.v:1135]
INFO: [Synth 8-6157] synthesizing module 'SRLC32E' [/tools/xilinx/Vivado/2021.2/scripts/rt/data/unisim_comp.v:106149]
INFO: [Synth 8-6155] done synthesizing module 'SRLC32E' (4#1) [/tools/xilinx/Vivado/2021.2/scripts/rt/data/unisim_comp.v:106149]
INFO: [Synth 8-6155] done synthesizing module 'axi_data_fifo_v2_1_24_ndeep_srl' (5#1) [/home/idec/work/ai_fpga/codes/LeNet-5/LeNet-5.dlr.fpga/hw/impl/vivado.zed.confmc.float/lenet5_confmc_zed/lenet5_confmc_zed.gen/sources_1/bd/lenet5/ipshared/fa53/hdl/axi_data_fifo_v2_1_vl_rfs.v:1135]
WARNING: [Synth 8-6014] Unused sequential element areset_d1_reg was removed.  [/home/idec/work/ai_fpga/codes/LeNet-5/LeNet-5.dlr.fpga/hw/impl/vivado.zed.confmc.float/lenet5_confmc_zed/lenet5_confmc_zed.gen/sources_1/bd/lenet5/ipshared/fa53/hdl/axi_data_fifo_v2_1_vl_rfs.v:750]
WARNING: [Synth 8-6014] Unused sequential element S_READY_i_reg was removed.  [/home/idec/work/ai_fpga/codes/LeNet-5/LeNet-5.dlr.fpga/hw/impl/vivado.zed.confmc.float/lenet5_confmc_zed/lenet5_confmc_zed.gen/sources_1/bd/lenet5/ipshared/fa53/hdl/axi_data_fifo_v2_1_vl_rfs.v:789]
INFO: [Synth 8-6155] done synthesizing module 'axi_data_fifo_v2_1_24_axic_srl_fifo' (6#1) [/home/idec/work/ai_fpga/codes/LeNet-5/LeNet-5.dlr.fpga/hw/impl/vivado.zed.confmc.float/lenet5_confmc_zed/lenet5_confmc_zed.gen/sources_1/bd/lenet5/ipshared/fa53/hdl/axi_data_fifo_v2_1_vl_rfs.v:698]
INFO: [Synth 8-6157] synthesizing module 'axi_crossbar_v2_1_26_arbiter_resp' [/home/idec/work/ai_fpga/codes/LeNet-5/LeNet-5.dlr.fpga/hw/impl/vivado.zed.confmc.float/lenet5_confmc_zed/lenet5_confmc_zed.gen/sources_1/bd/lenet5/ipshared/ac57/hdl/axi_crossbar_v2_1_vl_rfs.v:1025]
INFO: [Synth 8-6155] done synthesizing module 'axi_crossbar_v2_1_26_arbiter_resp' (7#1) [/home/idec/work/ai_fpga/codes/LeNet-5/LeNet-5.dlr.fpga/hw/impl/vivado.zed.confmc.float/lenet5_confmc_zed/lenet5_confmc_zed.gen/sources_1/bd/lenet5/ipshared/ac57/hdl/axi_crossbar_v2_1_vl_rfs.v:1025]
INFO: [Synth 8-6157] synthesizing module 'generic_baseblocks_v2_1_0_mux_enc' [/home/idec/work/ai_fpga/codes/LeNet-5/LeNet-5.dlr.fpga/hw/impl/vivado.zed.confmc.float/lenet5_confmc_zed/lenet5_confmc_zed.gen/sources_1/bd/lenet5/ipshared/b752/hdl/generic_baseblocks_v2_1_vl_rfs.v:2452]
INFO: [Synth 8-6155] done synthesizing module 'generic_baseblocks_v2_1_0_mux_enc' (8#1) [/home/idec/work/ai_fpga/codes/LeNet-5/LeNet-5.dlr.fpga/hw/impl/vivado.zed.confmc.float/lenet5_confmc_zed/lenet5_confmc_zed.gen/sources_1/bd/lenet5/ipshared/b752/hdl/generic_baseblocks_v2_1_vl_rfs.v:2452]
WARNING: [Synth 8-6014] Unused sequential element gen_multi_thread.debug_r_beat_cnt_i_reg was removed.  [/home/idec/work/ai_fpga/codes/LeNet-5/LeNet-5.dlr.fpga/hw/impl/vivado.zed.confmc.float/lenet5_confmc_zed/lenet5_confmc_zed.gen/sources_1/bd/lenet5/ipshared/ac57/hdl/axi_crossbar_v2_1_vl_rfs.v:4346]
WARNING: [Synth 8-6014] Unused sequential element gen_multi_thread.debug_r_beat_cnt_i_reg was removed.  [/home/idec/work/ai_fpga/codes/LeNet-5/LeNet-5.dlr.fpga/hw/impl/vivado.zed.confmc.float/lenet5_confmc_zed/lenet5_confmc_zed.gen/sources_1/bd/lenet5/ipshared/ac57/hdl/axi_crossbar_v2_1_vl_rfs.v:4346]
INFO: [Synth 8-6155] done synthesizing module 'axi_crossbar_v2_1_26_si_transactor' (9#1) [/home/idec/work/ai_fpga/codes/LeNet-5/LeNet-5.dlr.fpga/hw/impl/vivado.zed.confmc.float/lenet5_confmc_zed/lenet5_confmc_zed.gen/sources_1/bd/lenet5/ipshared/ac57/hdl/axi_crossbar_v2_1_vl_rfs.v:3800]
INFO: [Synth 8-6157] synthesizing module 'axi_crossbar_v2_1_26_si_transactor__parameterized0' [/home/idec/work/ai_fpga/codes/LeNet-5/LeNet-5.dlr.fpga/hw/impl/vivado.zed.confmc.float/lenet5_confmc_zed/lenet5_confmc_zed.gen/sources_1/bd/lenet5/ipshared/ac57/hdl/axi_crossbar_v2_1_vl_rfs.v:3800]
INFO: [Synth 8-6157] synthesizing module 'generic_baseblocks_v2_1_0_mux_enc__parameterized0' [/home/idec/work/ai_fpga/codes/LeNet-5/LeNet-5.dlr.fpga/hw/impl/vivado.zed.confmc.float/lenet5_confmc_zed/lenet5_confmc_zed.gen/sources_1/bd/lenet5/ipshared/b752/hdl/generic_baseblocks_v2_1_vl_rfs.v:2452]
INFO: [Synth 8-6155] done synthesizing module 'generic_baseblocks_v2_1_0_mux_enc__parameterized0' (9#1) [/home/idec/work/ai_fpga/codes/LeNet-5/LeNet-5.dlr.fpga/hw/impl/vivado.zed.confmc.float/lenet5_confmc_zed/lenet5_confmc_zed.gen/sources_1/bd/lenet5/ipshared/b752/hdl/generic_baseblocks_v2_1_vl_rfs.v:2452]
WARNING: [Synth 8-6014] Unused sequential element gen_multi_thread.debug_r_beat_cnt_i_reg was removed.  [/home/idec/work/ai_fpga/codes/LeNet-5/LeNet-5.dlr.fpga/hw/impl/vivado.zed.confmc.float/lenet5_confmc_zed/lenet5_confmc_zed.gen/sources_1/bd/lenet5/ipshared/ac57/hdl/axi_crossbar_v2_1_vl_rfs.v:4346]
WARNING: [Synth 8-6014] Unused sequential element gen_multi_thread.debug_r_beat_cnt_i_reg was removed.  [/home/idec/work/ai_fpga/codes/LeNet-5/LeNet-5.dlr.fpga/hw/impl/vivado.zed.confmc.float/lenet5_confmc_zed/lenet5_confmc_zed.gen/sources_1/bd/lenet5/ipshared/ac57/hdl/axi_crossbar_v2_1_vl_rfs.v:4346]
INFO: [Synth 8-6155] done synthesizing module 'axi_crossbar_v2_1_26_si_transactor__parameterized0' (9#1) [/home/idec/work/ai_fpga/codes/LeNet-5/LeNet-5.dlr.fpga/hw/impl/vivado.zed.confmc.float/lenet5_confmc_zed/lenet5_confmc_zed.gen/sources_1/bd/lenet5/ipshared/ac57/hdl/axi_crossbar_v2_1_vl_rfs.v:3800]
INFO: [Synth 8-6157] synthesizing module 'axi_crossbar_v2_1_26_splitter' [/home/idec/work/ai_fpga/codes/LeNet-5/LeNet-5.dlr.fpga/hw/impl/vivado.zed.confmc.float/lenet5_confmc_zed/lenet5_confmc_zed.gen/sources_1/bd/lenet5/ipshared/ac57/hdl/axi_crossbar_v2_1_vl_rfs.v:4461]
INFO: [Synth 8-6155] done synthesizing module 'axi_crossbar_v2_1_26_splitter' (10#1) [/home/idec/work/ai_fpga/codes/LeNet-5/LeNet-5.dlr.fpga/hw/impl/vivado.zed.confmc.float/lenet5_confmc_zed/lenet5_confmc_zed.gen/sources_1/bd/lenet5/ipshared/ac57/hdl/axi_crossbar_v2_1_vl_rfs.v:4461]
INFO: [Synth 8-6157] synthesizing module 'axi_crossbar_v2_1_26_wdata_router' [/home/idec/work/ai_fpga/codes/LeNet-5/LeNet-5.dlr.fpga/hw/impl/vivado.zed.confmc.float/lenet5_confmc_zed/lenet5_confmc_zed.gen/sources_1/bd/lenet5/ipshared/ac57/hdl/axi_crossbar_v2_1_vl_rfs.v:4736]
INFO: [Synth 8-6157] synthesizing module 'axi_data_fifo_v2_1_24_axic_reg_srl_fifo' [/home/idec/work/ai_fpga/codes/LeNet-5/LeNet-5.dlr.fpga/hw/impl/vivado.zed.confmc.float/lenet5_confmc_zed/lenet5_confmc_zed.gen/sources_1/bd/lenet5/ipshared/fa53/hdl/axi_data_fifo_v2_1_vl_rfs.v:889]
INFO: [Synth 8-155] case statement is not full and has no default [/home/idec/work/ai_fpga/codes/LeNet-5/LeNet-5.dlr.fpga/hw/impl/vivado.zed.confmc.float/lenet5_confmc_zed/lenet5_confmc_zed.gen/sources_1/bd/lenet5/ipshared/fa53/hdl/axi_data_fifo_v2_1_vl_rfs.v:986]
INFO: [Synth 8-6155] done synthesizing module 'axi_data_fifo_v2_1_24_axic_reg_srl_fifo' (11#1) [/home/idec/work/ai_fpga/codes/LeNet-5/LeNet-5.dlr.fpga/hw/impl/vivado.zed.confmc.float/lenet5_confmc_zed/lenet5_confmc_zed.gen/sources_1/bd/lenet5/ipshared/fa53/hdl/axi_data_fifo_v2_1_vl_rfs.v:889]
INFO: [Synth 8-6155] done synthesizing module 'axi_crossbar_v2_1_26_wdata_router' (12#1) [/home/idec/work/ai_fpga/codes/LeNet-5/LeNet-5.dlr.fpga/hw/impl/vivado.zed.confmc.float/lenet5_confmc_zed/lenet5_confmc_zed.gen/sources_1/bd/lenet5/ipshared/ac57/hdl/axi_crossbar_v2_1_vl_rfs.v:4736]
INFO: [Synth 8-6157] synthesizing module 'axi_crossbar_v2_1_26_si_transactor__parameterized1' [/home/idec/work/ai_fpga/codes/LeNet-5/LeNet-5.dlr.fpga/hw/impl/vivado.zed.confmc.float/lenet5_confmc_zed/lenet5_confmc_zed.gen/sources_1/bd/lenet5/ipshared/ac57/hdl/axi_crossbar_v2_1_vl_rfs.v:3800]
INFO: [Synth 8-6157] synthesizing module 'axi_crossbar_v2_1_26_addr_decoder__parameterized0' [/home/idec/work/ai_fpga/codes/LeNet-5/LeNet-5.dlr.fpga/hw/impl/vivado.zed.confmc.float/lenet5_confmc_zed/lenet5_confmc_zed.gen/sources_1/bd/lenet5/ipshared/ac57/hdl/axi_crossbar_v2_1_vl_rfs.v:794]
INFO: [Synth 8-6155] done synthesizing module 'axi_crossbar_v2_1_26_addr_decoder__parameterized0' (12#1) [/home/idec/work/ai_fpga/codes/LeNet-5/LeNet-5.dlr.fpga/hw/impl/vivado.zed.confmc.float/lenet5_confmc_zed/lenet5_confmc_zed.gen/sources_1/bd/lenet5/ipshared/ac57/hdl/axi_crossbar_v2_1_vl_rfs.v:794]
INFO: [Synth 8-6157] synthesizing module 'axi_data_fifo_v2_1_24_axic_srl_fifo__parameterized0' [/home/idec/work/ai_fpga/codes/LeNet-5/LeNet-5.dlr.fpga/hw/impl/vivado.zed.confmc.float/lenet5_confmc_zed/lenet5_confmc_zed.gen/sources_1/bd/lenet5/ipshared/fa53/hdl/axi_data_fifo_v2_1_vl_rfs.v:698]
INFO: [Synth 8-6157] synthesizing module 'axi_data_fifo_v2_1_24_ndeep_srl__parameterized0' [/home/idec/work/ai_fpga/codes/LeNet-5/LeNet-5.dlr.fpga/hw/impl/vivado.zed.confmc.float/lenet5_confmc_zed/lenet5_confmc_zed.gen/sources_1/bd/lenet5/ipshared/fa53/hdl/axi_data_fifo_v2_1_vl_rfs.v:1135]
INFO: [Synth 8-6155] done synthesizing module 'axi_data_fifo_v2_1_24_ndeep_srl__parameterized0' (12#1) [/home/idec/work/ai_fpga/codes/LeNet-5/LeNet-5.dlr.fpga/hw/impl/vivado.zed.confmc.float/lenet5_confmc_zed/lenet5_confmc_zed.gen/sources_1/bd/lenet5/ipshared/fa53/hdl/axi_data_fifo_v2_1_vl_rfs.v:1135]
WARNING: [Synth 8-6014] Unused sequential element areset_d1_reg was removed.  [/home/idec/work/ai_fpga/codes/LeNet-5/LeNet-5.dlr.fpga/hw/impl/vivado.zed.confmc.float/lenet5_confmc_zed/lenet5_confmc_zed.gen/sources_1/bd/lenet5/ipshared/fa53/hdl/axi_data_fifo_v2_1_vl_rfs.v:750]
WARNING: [Synth 8-6014] Unused sequential element S_READY_i_reg was removed.  [/home/idec/work/ai_fpga/codes/LeNet-5/LeNet-5.dlr.fpga/hw/impl/vivado.zed.confmc.float/lenet5_confmc_zed/lenet5_confmc_zed.gen/sources_1/bd/lenet5/ipshared/fa53/hdl/axi_data_fifo_v2_1_vl_rfs.v:789]
INFO: [Synth 8-6155] done synthesizing module 'axi_data_fifo_v2_1_24_axic_srl_fifo__parameterized0' (12#1) [/home/idec/work/ai_fpga/codes/LeNet-5/LeNet-5.dlr.fpga/hw/impl/vivado.zed.confmc.float/lenet5_confmc_zed/lenet5_confmc_zed.gen/sources_1/bd/lenet5/ipshared/fa53/hdl/axi_data_fifo_v2_1_vl_rfs.v:698]
WARNING: [Synth 8-6014] Unused sequential element gen_single_thread.debug_r_beat_cnt_i_reg was removed.  [/home/idec/work/ai_fpga/codes/LeNet-5/LeNet-5.dlr.fpga/hw/impl/vivado.zed.confmc.float/lenet5_confmc_zed/lenet5_confmc_zed.gen/sources_1/bd/lenet5/ipshared/ac57/hdl/axi_crossbar_v2_1_vl_rfs.v:4192]
WARNING: [Synth 8-6014] Unused sequential element gen_single_thread.active_id_reg was removed.  [/home/idec/work/ai_fpga/codes/LeNet-5/LeNet-5.dlr.fpga/hw/impl/vivado.zed.confmc.float/lenet5_confmc_zed/lenet5_confmc_zed.gen/sources_1/bd/lenet5/ipshared/ac57/hdl/axi_crossbar_v2_1_vl_rfs.v:4150]
INFO: [Synth 8-6155] done synthesizing module 'axi_crossbar_v2_1_26_si_transactor__parameterized1' (12#1) [/home/idec/work/ai_fpga/codes/LeNet-5/LeNet-5.dlr.fpga/hw/impl/vivado.zed.confmc.float/lenet5_confmc_zed/lenet5_confmc_zed.gen/sources_1/bd/lenet5/ipshared/ac57/hdl/axi_crossbar_v2_1_vl_rfs.v:3800]
INFO: [Synth 8-6157] synthesizing module 'axi_crossbar_v2_1_26_si_transactor__parameterized2' [/home/idec/work/ai_fpga/codes/LeNet-5/LeNet-5.dlr.fpga/hw/impl/vivado.zed.confmc.float/lenet5_confmc_zed/lenet5_confmc_zed.gen/sources_1/bd/lenet5/ipshared/ac57/hdl/axi_crossbar_v2_1_vl_rfs.v:3800]
WARNING: [Synth 8-6014] Unused sequential element gen_single_thread.debug_r_beat_cnt_i_reg was removed.  [/home/idec/work/ai_fpga/codes/LeNet-5/LeNet-5.dlr.fpga/hw/impl/vivado.zed.confmc.float/lenet5_confmc_zed/lenet5_confmc_zed.gen/sources_1/bd/lenet5/ipshared/ac57/hdl/axi_crossbar_v2_1_vl_rfs.v:4192]
WARNING: [Synth 8-6014] Unused sequential element gen_single_thread.active_id_reg was removed.  [/home/idec/work/ai_fpga/codes/LeNet-5/LeNet-5.dlr.fpga/hw/impl/vivado.zed.confmc.float/lenet5_confmc_zed/lenet5_confmc_zed.gen/sources_1/bd/lenet5/ipshared/ac57/hdl/axi_crossbar_v2_1_vl_rfs.v:4150]
INFO: [Synth 8-6155] done synthesizing module 'axi_crossbar_v2_1_26_si_transactor__parameterized2' (12#1) [/home/idec/work/ai_fpga/codes/LeNet-5/LeNet-5.dlr.fpga/hw/impl/vivado.zed.confmc.float/lenet5_confmc_zed/lenet5_confmc_zed.gen/sources_1/bd/lenet5/ipshared/ac57/hdl/axi_crossbar_v2_1_vl_rfs.v:3800]
INFO: [Synth 8-6157] synthesizing module 'axi_crossbar_v2_1_26_wdata_router__parameterized0' [/home/idec/work/ai_fpga/codes/LeNet-5/LeNet-5.dlr.fpga/hw/impl/vivado.zed.confmc.float/lenet5_confmc_zed/lenet5_confmc_zed.gen/sources_1/bd/lenet5/ipshared/ac57/hdl/axi_crossbar_v2_1_vl_rfs.v:4736]
INFO: [Synth 8-6157] synthesizing module 'axi_data_fifo_v2_1_24_axic_reg_srl_fifo__parameterized0' [/home/idec/work/ai_fpga/codes/LeNet-5/LeNet-5.dlr.fpga/hw/impl/vivado.zed.confmc.float/lenet5_confmc_zed/lenet5_confmc_zed.gen/sources_1/bd/lenet5/ipshared/fa53/hdl/axi_data_fifo_v2_1_vl_rfs.v:889]
INFO: [Synth 8-6157] synthesizing module 'axi_data_fifo_v2_1_24_ndeep_srl__parameterized1' [/home/idec/work/ai_fpga/codes/LeNet-5/LeNet-5.dlr.fpga/hw/impl/vivado.zed.confmc.float/lenet5_confmc_zed/lenet5_confmc_zed.gen/sources_1/bd/lenet5/ipshared/fa53/hdl/axi_data_fifo_v2_1_vl_rfs.v:1135]
INFO: [Synth 8-6155] done synthesizing module 'axi_data_fifo_v2_1_24_ndeep_srl__parameterized1' (12#1) [/home/idec/work/ai_fpga/codes/LeNet-5/LeNet-5.dlr.fpga/hw/impl/vivado.zed.confmc.float/lenet5_confmc_zed/lenet5_confmc_zed.gen/sources_1/bd/lenet5/ipshared/fa53/hdl/axi_data_fifo_v2_1_vl_rfs.v:1135]
INFO: [Synth 8-155] case statement is not full and has no default [/home/idec/work/ai_fpga/codes/LeNet-5/LeNet-5.dlr.fpga/hw/impl/vivado.zed.confmc.float/lenet5_confmc_zed/lenet5_confmc_zed.gen/sources_1/bd/lenet5/ipshared/fa53/hdl/axi_data_fifo_v2_1_vl_rfs.v:986]
INFO: [Synth 8-6155] done synthesizing module 'axi_data_fifo_v2_1_24_axic_reg_srl_fifo__parameterized0' (12#1) [/home/idec/work/ai_fpga/codes/LeNet-5/LeNet-5.dlr.fpga/hw/impl/vivado.zed.confmc.float/lenet5_confmc_zed/lenet5_confmc_zed.gen/sources_1/bd/lenet5/ipshared/fa53/hdl/axi_data_fifo_v2_1_vl_rfs.v:889]
INFO: [Synth 8-6155] done synthesizing module 'axi_crossbar_v2_1_26_wdata_router__parameterized0' (12#1) [/home/idec/work/ai_fpga/codes/LeNet-5/LeNet-5.dlr.fpga/hw/impl/vivado.zed.confmc.float/lenet5_confmc_zed/lenet5_confmc_zed.gen/sources_1/bd/lenet5/ipshared/ac57/hdl/axi_crossbar_v2_1_vl_rfs.v:4736]
INFO: [Synth 8-6157] synthesizing module 'axi_crossbar_v2_1_26_addr_decoder__parameterized1' [/home/idec/work/ai_fpga/codes/LeNet-5/LeNet-5.dlr.fpga/hw/impl/vivado.zed.confmc.float/lenet5_confmc_zed/lenet5_confmc_zed.gen/sources_1/bd/lenet5/ipshared/ac57/hdl/axi_crossbar_v2_1_vl_rfs.v:794]
INFO: [Synth 8-6155] done synthesizing module 'axi_crossbar_v2_1_26_addr_decoder__parameterized1' (12#1) [/home/idec/work/ai_fpga/codes/LeNet-5/LeNet-5.dlr.fpga/hw/impl/vivado.zed.confmc.float/lenet5_confmc_zed/lenet5_confmc_zed.gen/sources_1/bd/lenet5/ipshared/ac57/hdl/axi_crossbar_v2_1_vl_rfs.v:794]
INFO: [Synth 8-6157] synthesizing module 'axi_data_fifo_v2_1_24_axic_srl_fifo__parameterized1' [/home/idec/work/ai_fpga/codes/LeNet-5/LeNet-5.dlr.fpga/hw/impl/vivado.zed.confmc.float/lenet5_confmc_zed/lenet5_confmc_zed.gen/sources_1/bd/lenet5/ipshared/fa53/hdl/axi_data_fifo_v2_1_vl_rfs.v:698]
WARNING: [Synth 8-6014] Unused sequential element areset_d1_reg was removed.  [/home/idec/work/ai_fpga/codes/LeNet-5/LeNet-5.dlr.fpga/hw/impl/vivado.zed.confmc.float/lenet5_confmc_zed/lenet5_confmc_zed.gen/sources_1/bd/lenet5/ipshared/fa53/hdl/axi_data_fifo_v2_1_vl_rfs.v:750]
WARNING: [Synth 8-6014] Unused sequential element S_READY_i_reg was removed.  [/home/idec/work/ai_fpga/codes/LeNet-5/LeNet-5.dlr.fpga/hw/impl/vivado.zed.confmc.float/lenet5_confmc_zed/lenet5_confmc_zed.gen/sources_1/bd/lenet5/ipshared/fa53/hdl/axi_data_fifo_v2_1_vl_rfs.v:789]
INFO: [Synth 8-6155] done synthesizing module 'axi_data_fifo_v2_1_24_axic_srl_fifo__parameterized1' (12#1) [/home/idec/work/ai_fpga/codes/LeNet-5/LeNet-5.dlr.fpga/hw/impl/vivado.zed.confmc.float/lenet5_confmc_zed/lenet5_confmc_zed.gen/sources_1/bd/lenet5/ipshared/fa53/hdl/axi_data_fifo_v2_1_vl_rfs.v:698]
INFO: [Synth 8-6157] synthesizing module 'axi_crossbar_v2_1_26_wdata_mux' [/home/idec/work/ai_fpga/codes/LeNet-5/LeNet-5.dlr.fpga/hw/impl/vivado.zed.confmc.float/lenet5_confmc_zed/lenet5_confmc_zed.gen/sources_1/bd/lenet5/ipshared/ac57/hdl/axi_crossbar_v2_1_vl_rfs.v:4561]
INFO: [Synth 8-6157] synthesizing module 'axi_data_fifo_v2_1_24_axic_reg_srl_fifo__parameterized1' [/home/idec/work/ai_fpga/codes/LeNet-5/LeNet-5.dlr.fpga/hw/impl/vivado.zed.confmc.float/lenet5_confmc_zed/lenet5_confmc_zed.gen/sources_1/bd/lenet5/ipshared/fa53/hdl/axi_data_fifo_v2_1_vl_rfs.v:889]
INFO: [Synth 8-155] case statement is not full and has no default [/home/idec/work/ai_fpga/codes/LeNet-5/LeNet-5.dlr.fpga/hw/impl/vivado.zed.confmc.float/lenet5_confmc_zed/lenet5_confmc_zed.gen/sources_1/bd/lenet5/ipshared/fa53/hdl/axi_data_fifo_v2_1_vl_rfs.v:986]
WARNING: [Synth 8-6014] Unused sequential element s_ready_i_reg was removed.  [/home/idec/work/ai_fpga/codes/LeNet-5/LeNet-5.dlr.fpga/hw/impl/vivado.zed.confmc.float/lenet5_confmc_zed/lenet5_confmc_zed.gen/sources_1/bd/lenet5/ipshared/fa53/hdl/axi_data_fifo_v2_1_vl_rfs.v:1038]
INFO: [Synth 8-6155] done synthesizing module 'axi_data_fifo_v2_1_24_axic_reg_srl_fifo__parameterized1' (12#1) [/home/idec/work/ai_fpga/codes/LeNet-5/LeNet-5.dlr.fpga/hw/impl/vivado.zed.confmc.float/lenet5_confmc_zed/lenet5_confmc_zed.gen/sources_1/bd/lenet5/ipshared/fa53/hdl/axi_data_fifo_v2_1_vl_rfs.v:889]
INFO: [Synth 8-6157] synthesizing module 'generic_baseblocks_v2_1_0_mux_enc__parameterized1' [/home/idec/work/ai_fpga/codes/LeNet-5/LeNet-5.dlr.fpga/hw/impl/vivado.zed.confmc.float/lenet5_confmc_zed/lenet5_confmc_zed.gen/sources_1/bd/lenet5/ipshared/b752/hdl/generic_baseblocks_v2_1_vl_rfs.v:2452]
INFO: [Synth 8-6155] done synthesizing module 'generic_baseblocks_v2_1_0_mux_enc__parameterized1' (12#1) [/home/idec/work/ai_fpga/codes/LeNet-5/LeNet-5.dlr.fpga/hw/impl/vivado.zed.confmc.float/lenet5_confmc_zed/lenet5_confmc_zed.gen/sources_1/bd/lenet5/ipshared/b752/hdl/generic_baseblocks_v2_1_vl_rfs.v:2452]
INFO: [Synth 8-6155] done synthesizing module 'axi_crossbar_v2_1_26_wdata_mux' (13#1) [/home/idec/work/ai_fpga/codes/LeNet-5/LeNet-5.dlr.fpga/hw/impl/vivado.zed.confmc.float/lenet5_confmc_zed/lenet5_confmc_zed.gen/sources_1/bd/lenet5/ipshared/ac57/hdl/axi_crossbar_v2_1_vl_rfs.v:4561]
INFO: [Synth 8-6157] synthesizing module 'axi_register_slice_v2_1_25_axi_register_slice' [/home/idec/work/ai_fpga/codes/LeNet-5/LeNet-5.dlr.fpga/hw/impl/vivado.zed.confmc.float/lenet5_confmc_zed/lenet5_confmc_zed.gen/sources_1/bd/lenet5/ipshared/e1e6/hdl/axi_register_slice_v2_1_vl_rfs.v:3726]
INFO: [Synth 8-6157] synthesizing module 'axi_infrastructure_v1_1_0_axi2vector' [/home/idec/work/ai_fpga/codes/LeNet-5/LeNet-5.dlr.fpga/hw/impl/vivado.zed.confmc.float/lenet5_confmc_zed/lenet5_confmc_zed.gen/sources_1/bd/lenet5/ipshared/ec67/hdl/axi_infrastructure_v1_1_vl_rfs.v:60]
INFO: [Synth 8-6155] done synthesizing module 'axi_infrastructure_v1_1_0_axi2vector' (14#1) [/home/idec/work/ai_fpga/codes/LeNet-5/LeNet-5.dlr.fpga/hw/impl/vivado.zed.confmc.float/lenet5_confmc_zed/lenet5_confmc_zed.gen/sources_1/bd/lenet5/ipshared/ec67/hdl/axi_infrastructure_v1_1_vl_rfs.v:60]
INFO: [Synth 8-6157] synthesizing module 'axi_infrastructure_v1_1_0_vector2axi' [/home/idec/work/ai_fpga/codes/LeNet-5/LeNet-5.dlr.fpga/hw/impl/vivado.zed.confmc.float/lenet5_confmc_zed/lenet5_confmc_zed.gen/sources_1/bd/lenet5/ipshared/ec67/hdl/axi_infrastructure_v1_1_vl_rfs.v:474]
INFO: [Synth 8-6155] done synthesizing module 'axi_infrastructure_v1_1_0_vector2axi' (15#1) [/home/idec/work/ai_fpga/codes/LeNet-5/LeNet-5.dlr.fpga/hw/impl/vivado.zed.confmc.float/lenet5_confmc_zed/lenet5_confmc_zed.gen/sources_1/bd/lenet5/ipshared/ec67/hdl/axi_infrastructure_v1_1_vl_rfs.v:474]
INFO: [Synth 8-6157] synthesizing module 'axi_register_slice_v2_1_25_axic_register_slice' [/home/idec/work/ai_fpga/codes/LeNet-5/LeNet-5.dlr.fpga/hw/impl/vivado.zed.confmc.float/lenet5_confmc_zed/lenet5_confmc_zed.gen/sources_1/bd/lenet5/ipshared/e1e6/hdl/axi_register_slice_v2_1_vl_rfs.v:1498]
INFO: [Synth 8-6155] done synthesizing module 'axi_register_slice_v2_1_25_axic_register_slice' (16#1) [/home/idec/work/ai_fpga/codes/LeNet-5/LeNet-5.dlr.fpga/hw/impl/vivado.zed.confmc.float/lenet5_confmc_zed/lenet5_confmc_zed.gen/sources_1/bd/lenet5/ipshared/e1e6/hdl/axi_register_slice_v2_1_vl_rfs.v:1498]
INFO: [Synth 8-6157] synthesizing module 'axi_register_slice_v2_1_25_axic_register_slice__parameterized0' [/home/idec/work/ai_fpga/codes/LeNet-5/LeNet-5.dlr.fpga/hw/impl/vivado.zed.confmc.float/lenet5_confmc_zed/lenet5_confmc_zed.gen/sources_1/bd/lenet5/ipshared/e1e6/hdl/axi_register_slice_v2_1_vl_rfs.v:1498]
INFO: [Synth 8-6155] done synthesizing module 'axi_register_slice_v2_1_25_axic_register_slice__parameterized0' (16#1) [/home/idec/work/ai_fpga/codes/LeNet-5/LeNet-5.dlr.fpga/hw/impl/vivado.zed.confmc.float/lenet5_confmc_zed/lenet5_confmc_zed.gen/sources_1/bd/lenet5/ipshared/e1e6/hdl/axi_register_slice_v2_1_vl_rfs.v:1498]
INFO: [Synth 8-6157] synthesizing module 'axi_register_slice_v2_1_25_axic_register_slice__parameterized1' [/home/idec/work/ai_fpga/codes/LeNet-5/LeNet-5.dlr.fpga/hw/impl/vivado.zed.confmc.float/lenet5_confmc_zed/lenet5_confmc_zed.gen/sources_1/bd/lenet5/ipshared/e1e6/hdl/axi_register_slice_v2_1_vl_rfs.v:1498]
INFO: [Synth 8-6155] done synthesizing module 'axi_register_slice_v2_1_25_axic_register_slice__parameterized1' (16#1) [/home/idec/work/ai_fpga/codes/LeNet-5/LeNet-5.dlr.fpga/hw/impl/vivado.zed.confmc.float/lenet5_confmc_zed/lenet5_confmc_zed.gen/sources_1/bd/lenet5/ipshared/e1e6/hdl/axi_register_slice_v2_1_vl_rfs.v:1498]
INFO: [Synth 8-6157] synthesizing module 'axi_register_slice_v2_1_25_axic_register_slice__parameterized2' [/home/idec/work/ai_fpga/codes/LeNet-5/LeNet-5.dlr.fpga/hw/impl/vivado.zed.confmc.float/lenet5_confmc_zed/lenet5_confmc_zed.gen/sources_1/bd/lenet5/ipshared/e1e6/hdl/axi_register_slice_v2_1_vl_rfs.v:1498]
INFO: [Synth 8-6155] done synthesizing module 'axi_register_slice_v2_1_25_axic_register_slice__parameterized2' (16#1) [/home/idec/work/ai_fpga/codes/LeNet-5/LeNet-5.dlr.fpga/hw/impl/vivado.zed.confmc.float/lenet5_confmc_zed/lenet5_confmc_zed.gen/sources_1/bd/lenet5/ipshared/e1e6/hdl/axi_register_slice_v2_1_vl_rfs.v:1498]
INFO: [Synth 8-6155] done synthesizing module 'axi_register_slice_v2_1_25_axi_register_slice' (17#1) [/home/idec/work/ai_fpga/codes/LeNet-5/LeNet-5.dlr.fpga/hw/impl/vivado.zed.confmc.float/lenet5_confmc_zed/lenet5_confmc_zed.gen/sources_1/bd/lenet5/ipshared/e1e6/hdl/axi_register_slice_v2_1_vl_rfs.v:3726]
WARNING: [Synth 8-7071] port 'aclk2x' of module 'axi_register_slice_v2_1_25_axi_register_slice' is unconnected for instance 'reg_slice_mi' [/home/idec/work/ai_fpga/codes/LeNet-5/LeNet-5.dlr.fpga/hw/impl/vivado.zed.confmc.float/lenet5_confmc_zed/lenet5_confmc_zed.gen/sources_1/bd/lenet5/ipshared/ac57/hdl/axi_crossbar_v2_1_vl_rfs.v:3122]
WARNING: [Synth 8-7023] instance 'reg_slice_mi' of module 'axi_register_slice_v2_1_25_axi_register_slice' has 93 connections declared, but only 92 given [/home/idec/work/ai_fpga/codes/LeNet-5/LeNet-5.dlr.fpga/hw/impl/vivado.zed.confmc.float/lenet5_confmc_zed/lenet5_confmc_zed.gen/sources_1/bd/lenet5/ipshared/ac57/hdl/axi_crossbar_v2_1_vl_rfs.v:3122]
INFO: [Synth 8-6157] synthesizing module 'axi_crossbar_v2_1_26_addr_decoder__parameterized2' [/home/idec/work/ai_fpga/codes/LeNet-5/LeNet-5.dlr.fpga/hw/impl/vivado.zed.confmc.float/lenet5_confmc_zed/lenet5_confmc_zed.gen/sources_1/bd/lenet5/ipshared/ac57/hdl/axi_crossbar_v2_1_vl_rfs.v:794]
INFO: [Synth 8-6155] done synthesizing module 'axi_crossbar_v2_1_26_addr_decoder__parameterized2' (17#1) [/home/idec/work/ai_fpga/codes/LeNet-5/LeNet-5.dlr.fpga/hw/impl/vivado.zed.confmc.float/lenet5_confmc_zed/lenet5_confmc_zed.gen/sources_1/bd/lenet5/ipshared/ac57/hdl/axi_crossbar_v2_1_vl_rfs.v:794]
INFO: [Synth 8-6157] synthesizing module 'axi_data_fifo_v2_1_24_axic_srl_fifo__parameterized2' [/home/idec/work/ai_fpga/codes/LeNet-5/LeNet-5.dlr.fpga/hw/impl/vivado.zed.confmc.float/lenet5_confmc_zed/lenet5_confmc_zed.gen/sources_1/bd/lenet5/ipshared/fa53/hdl/axi_data_fifo_v2_1_vl_rfs.v:698]
WARNING: [Synth 8-6014] Unused sequential element areset_d1_reg was removed.  [/home/idec/work/ai_fpga/codes/LeNet-5/LeNet-5.dlr.fpga/hw/impl/vivado.zed.confmc.float/lenet5_confmc_zed/lenet5_confmc_zed.gen/sources_1/bd/lenet5/ipshared/fa53/hdl/axi_data_fifo_v2_1_vl_rfs.v:750]
WARNING: [Synth 8-6014] Unused sequential element S_READY_i_reg was removed.  [/home/idec/work/ai_fpga/codes/LeNet-5/LeNet-5.dlr.fpga/hw/impl/vivado.zed.confmc.float/lenet5_confmc_zed/lenet5_confmc_zed.gen/sources_1/bd/lenet5/ipshared/fa53/hdl/axi_data_fifo_v2_1_vl_rfs.v:789]
INFO: [Synth 8-6155] done synthesizing module 'axi_data_fifo_v2_1_24_axic_srl_fifo__parameterized2' (17#1) [/home/idec/work/ai_fpga/codes/LeNet-5/LeNet-5.dlr.fpga/hw/impl/vivado.zed.confmc.float/lenet5_confmc_zed/lenet5_confmc_zed.gen/sources_1/bd/lenet5/ipshared/fa53/hdl/axi_data_fifo_v2_1_vl_rfs.v:698]
INFO: [Synth 8-6157] synthesizing module 'axi_crossbar_v2_1_26_wdata_mux__parameterized0' [/home/idec/work/ai_fpga/codes/LeNet-5/LeNet-5.dlr.fpga/hw/impl/vivado.zed.confmc.float/lenet5_confmc_zed/lenet5_confmc_zed.gen/sources_1/bd/lenet5/ipshared/ac57/hdl/axi_crossbar_v2_1_vl_rfs.v:4561]
INFO: [Synth 8-6157] synthesizing module 'axi_data_fifo_v2_1_24_axic_reg_srl_fifo__parameterized2' [/home/idec/work/ai_fpga/codes/LeNet-5/LeNet-5.dlr.fpga/hw/impl/vivado.zed.confmc.float/lenet5_confmc_zed/lenet5_confmc_zed.gen/sources_1/bd/lenet5/ipshared/fa53/hdl/axi_data_fifo_v2_1_vl_rfs.v:889]
INFO: [Synth 8-155] case statement is not full and has no default [/home/idec/work/ai_fpga/codes/LeNet-5/LeNet-5.dlr.fpga/hw/impl/vivado.zed.confmc.float/lenet5_confmc_zed/lenet5_confmc_zed.gen/sources_1/bd/lenet5/ipshared/fa53/hdl/axi_data_fifo_v2_1_vl_rfs.v:986]
WARNING: [Synth 8-6014] Unused sequential element s_ready_i_reg was removed.  [/home/idec/work/ai_fpga/codes/LeNet-5/LeNet-5.dlr.fpga/hw/impl/vivado.zed.confmc.float/lenet5_confmc_zed/lenet5_confmc_zed.gen/sources_1/bd/lenet5/ipshared/fa53/hdl/axi_data_fifo_v2_1_vl_rfs.v:1038]
INFO: [Synth 8-6155] done synthesizing module 'axi_data_fifo_v2_1_24_axic_reg_srl_fifo__parameterized2' (17#1) [/home/idec/work/ai_fpga/codes/LeNet-5/LeNet-5.dlr.fpga/hw/impl/vivado.zed.confmc.float/lenet5_confmc_zed/lenet5_confmc_zed.gen/sources_1/bd/lenet5/ipshared/fa53/hdl/axi_data_fifo_v2_1_vl_rfs.v:889]
INFO: [Synth 8-6155] done synthesizing module 'axi_crossbar_v2_1_26_wdata_mux__parameterized0' (17#1) [/home/idec/work/ai_fpga/codes/LeNet-5/LeNet-5.dlr.fpga/hw/impl/vivado.zed.confmc.float/lenet5_confmc_zed/lenet5_confmc_zed.gen/sources_1/bd/lenet5/ipshared/ac57/hdl/axi_crossbar_v2_1_vl_rfs.v:4561]
WARNING: [Synth 8-7071] port 'aclk2x' of module 'axi_register_slice_v2_1_25_axi_register_slice' is unconnected for instance 'reg_slice_mi' [/home/idec/work/ai_fpga/codes/LeNet-5/LeNet-5.dlr.fpga/hw/impl/vivado.zed.confmc.float/lenet5_confmc_zed/lenet5_confmc_zed.gen/sources_1/bd/lenet5/ipshared/ac57/hdl/axi_crossbar_v2_1_vl_rfs.v:3122]
WARNING: [Synth 8-7023] instance 'reg_slice_mi' of module 'axi_register_slice_v2_1_25_axi_register_slice' has 93 connections declared, but only 92 given [/home/idec/work/ai_fpga/codes/LeNet-5/LeNet-5.dlr.fpga/hw/impl/vivado.zed.confmc.float/lenet5_confmc_zed/lenet5_confmc_zed.gen/sources_1/bd/lenet5/ipshared/ac57/hdl/axi_crossbar_v2_1_vl_rfs.v:3122]
INFO: [Synth 8-6157] synthesizing module 'axi_data_fifo_v2_1_24_axic_srl_fifo__parameterized3' [/home/idec/work/ai_fpga/codes/LeNet-5/LeNet-5.dlr.fpga/hw/impl/vivado.zed.confmc.float/lenet5_confmc_zed/lenet5_confmc_zed.gen/sources_1/bd/lenet5/ipshared/fa53/hdl/axi_data_fifo_v2_1_vl_rfs.v:698]
WARNING: [Synth 8-6014] Unused sequential element areset_d1_reg was removed.  [/home/idec/work/ai_fpga/codes/LeNet-5/LeNet-5.dlr.fpga/hw/impl/vivado.zed.confmc.float/lenet5_confmc_zed/lenet5_confmc_zed.gen/sources_1/bd/lenet5/ipshared/fa53/hdl/axi_data_fifo_v2_1_vl_rfs.v:750]
WARNING: [Synth 8-6014] Unused sequential element S_READY_i_reg was removed.  [/home/idec/work/ai_fpga/codes/LeNet-5/LeNet-5.dlr.fpga/hw/impl/vivado.zed.confmc.float/lenet5_confmc_zed/lenet5_confmc_zed.gen/sources_1/bd/lenet5/ipshared/fa53/hdl/axi_data_fifo_v2_1_vl_rfs.v:789]
INFO: [Synth 8-6155] done synthesizing module 'axi_data_fifo_v2_1_24_axic_srl_fifo__parameterized3' (17#1) [/home/idec/work/ai_fpga/codes/LeNet-5/LeNet-5.dlr.fpga/hw/impl/vivado.zed.confmc.float/lenet5_confmc_zed/lenet5_confmc_zed.gen/sources_1/bd/lenet5/ipshared/fa53/hdl/axi_data_fifo_v2_1_vl_rfs.v:698]
INFO: [Synth 8-6157] synthesizing module 'axi_crossbar_v2_1_26_wdata_mux__parameterized1' [/home/idec/work/ai_fpga/codes/LeNet-5/LeNet-5.dlr.fpga/hw/impl/vivado.zed.confmc.float/lenet5_confmc_zed/lenet5_confmc_zed.gen/sources_1/bd/lenet5/ipshared/ac57/hdl/axi_crossbar_v2_1_vl_rfs.v:4561]
INFO: [Synth 8-6157] synthesizing module 'axi_data_fifo_v2_1_24_axic_reg_srl_fifo__parameterized3' [/home/idec/work/ai_fpga/codes/LeNet-5/LeNet-5.dlr.fpga/hw/impl/vivado.zed.confmc.float/lenet5_confmc_zed/lenet5_confmc_zed.gen/sources_1/bd/lenet5/ipshared/fa53/hdl/axi_data_fifo_v2_1_vl_rfs.v:889]
INFO: [Synth 8-155] case statement is not full and has no default [/home/idec/work/ai_fpga/codes/LeNet-5/LeNet-5.dlr.fpga/hw/impl/vivado.zed.confmc.float/lenet5_confmc_zed/lenet5_confmc_zed.gen/sources_1/bd/lenet5/ipshared/fa53/hdl/axi_data_fifo_v2_1_vl_rfs.v:986]
WARNING: [Synth 8-6014] Unused sequential element s_ready_i_reg was removed.  [/home/idec/work/ai_fpga/codes/LeNet-5/LeNet-5.dlr.fpga/hw/impl/vivado.zed.confmc.float/lenet5_confmc_zed/lenet5_confmc_zed.gen/sources_1/bd/lenet5/ipshared/fa53/hdl/axi_data_fifo_v2_1_vl_rfs.v:1038]
INFO: [Synth 8-6155] done synthesizing module 'axi_data_fifo_v2_1_24_axic_reg_srl_fifo__parameterized3' (17#1) [/home/idec/work/ai_fpga/codes/LeNet-5/LeNet-5.dlr.fpga/hw/impl/vivado.zed.confmc.float/lenet5_confmc_zed/lenet5_confmc_zed.gen/sources_1/bd/lenet5/ipshared/fa53/hdl/axi_data_fifo_v2_1_vl_rfs.v:889]
INFO: [Synth 8-6155] done synthesizing module 'axi_crossbar_v2_1_26_wdata_mux__parameterized1' (17#1) [/home/idec/work/ai_fpga/codes/LeNet-5/LeNet-5.dlr.fpga/hw/impl/vivado.zed.confmc.float/lenet5_confmc_zed/lenet5_confmc_zed.gen/sources_1/bd/lenet5/ipshared/ac57/hdl/axi_crossbar_v2_1_vl_rfs.v:4561]
WARNING: [Synth 8-7071] port 'aclk2x' of module 'axi_register_slice_v2_1_25_axi_register_slice' is unconnected for instance 'reg_slice_mi' [/home/idec/work/ai_fpga/codes/LeNet-5/LeNet-5.dlr.fpga/hw/impl/vivado.zed.confmc.float/lenet5_confmc_zed/lenet5_confmc_zed.gen/sources_1/bd/lenet5/ipshared/ac57/hdl/axi_crossbar_v2_1_vl_rfs.v:3122]
WARNING: [Synth 8-7023] instance 'reg_slice_mi' of module 'axi_register_slice_v2_1_25_axi_register_slice' has 93 connections declared, but only 92 given [/home/idec/work/ai_fpga/codes/LeNet-5/LeNet-5.dlr.fpga/hw/impl/vivado.zed.confmc.float/lenet5_confmc_zed/lenet5_confmc_zed.gen/sources_1/bd/lenet5/ipshared/ac57/hdl/axi_crossbar_v2_1_vl_rfs.v:3122]
INFO: [Synth 8-6157] synthesizing module 'axi_crossbar_v2_1_26_decerr_slave' [/home/idec/work/ai_fpga/codes/LeNet-5/LeNet-5.dlr.fpga/hw/impl/vivado.zed.confmc.float/lenet5_confmc_zed/lenet5_confmc_zed.gen/sources_1/bd/lenet5/ipshared/ac57/hdl/axi_crossbar_v2_1_vl_rfs.v:3501]
INFO: [Synth 8-155] case statement is not full and has no default [/home/idec/work/ai_fpga/codes/LeNet-5/LeNet-5.dlr.fpga/hw/impl/vivado.zed.confmc.float/lenet5_confmc_zed/lenet5_confmc_zed.gen/sources_1/bd/lenet5/ipshared/ac57/hdl/axi_crossbar_v2_1_vl_rfs.v:3633]
INFO: [Synth 8-6155] done synthesizing module 'axi_crossbar_v2_1_26_decerr_slave' (18#1) [/home/idec/work/ai_fpga/codes/LeNet-5/LeNet-5.dlr.fpga/hw/impl/vivado.zed.confmc.float/lenet5_confmc_zed/lenet5_confmc_zed.gen/sources_1/bd/lenet5/ipshared/ac57/hdl/axi_crossbar_v2_1_vl_rfs.v:3501]
INFO: [Synth 8-6157] synthesizing module 'axi_crossbar_v2_1_26_addr_arbiter' [/home/idec/work/ai_fpga/codes/LeNet-5/LeNet-5.dlr.fpga/hw/impl/vivado.zed.confmc.float/lenet5_confmc_zed/lenet5_confmc_zed.gen/sources_1/bd/lenet5/ipshared/ac57/hdl/axi_crossbar_v2_1_vl_rfs.v:423]
INFO: [Synth 8-6157] synthesizing module 'generic_baseblocks_v2_1_0_mux_enc__parameterized2' [/home/idec/work/ai_fpga/codes/LeNet-5/LeNet-5.dlr.fpga/hw/impl/vivado.zed.confmc.float/lenet5_confmc_zed/lenet5_confmc_zed.gen/sources_1/bd/lenet5/ipshared/b752/hdl/generic_baseblocks_v2_1_vl_rfs.v:2452]
INFO: [Synth 8-6155] done synthesizing module 'generic_baseblocks_v2_1_0_mux_enc__parameterized2' (18#1) [/home/idec/work/ai_fpga/codes/LeNet-5/LeNet-5.dlr.fpga/hw/impl/vivado.zed.confmc.float/lenet5_confmc_zed/lenet5_confmc_zed.gen/sources_1/bd/lenet5/ipshared/b752/hdl/generic_baseblocks_v2_1_vl_rfs.v:2452]
INFO: [Synth 8-6157] synthesizing module 'generic_baseblocks_v2_1_0_mux_enc__parameterized3' [/home/idec/work/ai_fpga/codes/LeNet-5/LeNet-5.dlr.fpga/hw/impl/vivado.zed.confmc.float/lenet5_confmc_zed/lenet5_confmc_zed.gen/sources_1/bd/lenet5/ipshared/b752/hdl/generic_baseblocks_v2_1_vl_rfs.v:2452]
INFO: [Synth 8-6155] done synthesizing module 'generic_baseblocks_v2_1_0_mux_enc__parameterized3' (18#1) [/home/idec/work/ai_fpga/codes/LeNet-5/LeNet-5.dlr.fpga/hw/impl/vivado.zed.confmc.float/lenet5_confmc_zed/lenet5_confmc_zed.gen/sources_1/bd/lenet5/ipshared/b752/hdl/generic_baseblocks_v2_1_vl_rfs.v:2452]
INFO: [Synth 8-6155] done synthesizing module 'axi_crossbar_v2_1_26_addr_arbiter' (19#1) [/home/idec/work/ai_fpga/codes/LeNet-5/LeNet-5.dlr.fpga/hw/impl/vivado.zed.confmc.float/lenet5_confmc_zed/lenet5_confmc_zed.gen/sources_1/bd/lenet5/ipshared/ac57/hdl/axi_crossbar_v2_1_vl_rfs.v:423]
WARNING: [Synth 8-6014] Unused sequential element gen_master_slots[0].gen_mi_write.gen_debug_w.debug_w_beat_cnt_i_reg was removed.  [/home/idec/work/ai_fpga/codes/LeNet-5/LeNet-5.dlr.fpga/hw/impl/vivado.zed.confmc.float/lenet5_confmc_zed/lenet5_confmc_zed.gen/sources_1/bd/lenet5/ipshared/ac57/hdl/axi_crossbar_v2_1_vl_rfs.v:2997]
WARNING: [Synth 8-6014] Unused sequential element gen_master_slots[1].gen_mi_write.gen_debug_w.debug_w_beat_cnt_i_reg was removed.  [/home/idec/work/ai_fpga/codes/LeNet-5/LeNet-5.dlr.fpga/hw/impl/vivado.zed.confmc.float/lenet5_confmc_zed/lenet5_confmc_zed.gen/sources_1/bd/lenet5/ipshared/ac57/hdl/axi_crossbar_v2_1_vl_rfs.v:2997]
WARNING: [Synth 8-6014] Unused sequential element gen_master_slots[2].gen_mi_write.gen_debug_w.debug_w_beat_cnt_i_reg was removed.  [/home/idec/work/ai_fpga/codes/LeNet-5/LeNet-5.dlr.fpga/hw/impl/vivado.zed.confmc.float/lenet5_confmc_zed/lenet5_confmc_zed.gen/sources_1/bd/lenet5/ipshared/ac57/hdl/axi_crossbar_v2_1_vl_rfs.v:2997]
INFO: [Synth 8-6155] done synthesizing module 'axi_crossbar_v2_1_26_crossbar' (20#1) [/home/idec/work/ai_fpga/codes/LeNet-5/LeNet-5.dlr.fpga/hw/impl/vivado.zed.confmc.float/lenet5_confmc_zed/lenet5_confmc_zed.gen/sources_1/bd/lenet5/ipshared/ac57/hdl/axi_crossbar_v2_1_vl_rfs.v:2239]
INFO: [Synth 8-6155] done synthesizing module 'axi_crossbar_v2_1_26_axi_crossbar' (21#1) [/home/idec/work/ai_fpga/codes/LeNet-5/LeNet-5.dlr.fpga/hw/impl/vivado.zed.confmc.float/lenet5_confmc_zed/lenet5_confmc_zed.gen/sources_1/bd/lenet5/ipshared/ac57/hdl/axi_crossbar_v2_1_vl_rfs.v:4884]
INFO: [Synth 8-6155] done synthesizing module 'lenet5_xbar_0' (22#1) [/home/idec/work/ai_fpga/codes/LeNet-5/LeNet-5.dlr.fpga/hw/impl/vivado.zed.confmc.float/lenet5_confmc_zed/lenet5_confmc_zed.gen/sources_1/bd/lenet5/ip/lenet5_xbar_0/synth/lenet5_xbar_0.v:59]
WARNING: [Synth 8-7129] Port ACLK in module axi_register_slice_v2_1_25_axic_register_slice is either unconnected or has no load
WARNING: [Synth 8-7129] Port ARESET in module axi_register_slice_v2_1_25_axic_register_slice is either unconnected or has no load
WARNING: [Synth 8-7129] Port ACLK in module axi_register_slice_v2_1_25_axic_register_slice__parameterized0 is either unconnected or has no load
WARNING: [Synth 8-7129] Port ARESET in module axi_register_slice_v2_1_25_axic_register_slice__parameterized0 is either unconnected or has no load
WARNING: [Synth 8-7129] Port m_axi_buser[0] in module axi_infrastructure_v1_1_0_vector2axi is either unconnected or has no load
WARNING: [Synth 8-7129] Port m_axi_ruser[0] in module axi_infrastructure_v1_1_0_vector2axi is either unconnected or has no load
WARNING: [Synth 8-7129] Port s_axi_awuser[0] in module axi_infrastructure_v1_1_0_axi2vector is either unconnected or has no load
WARNING: [Synth 8-7129] Port s_axi_wid[4] in module axi_infrastructure_v1_1_0_axi2vector is either unconnected or has no load
WARNING: [Synth 8-7129] Port s_axi_wid[3] in module axi_infrastructure_v1_1_0_axi2vector is either unconnected or has no load
WARNING: [Synth 8-7129] Port s_axi_wid[2] in module axi_infrastructure_v1_1_0_axi2vector is either unconnected or has no load
WARNING: [Synth 8-7129] Port s_axi_wid[1] in module axi_infrastructure_v1_1_0_axi2vector is either unconnected or has no load
WARNING: [Synth 8-7129] Port s_axi_wid[0] in module axi_infrastructure_v1_1_0_axi2vector is either unconnected or has no load
WARNING: [Synth 8-7129] Port s_axi_wuser[0] in module axi_infrastructure_v1_1_0_axi2vector is either unconnected or has no load
WARNING: [Synth 8-7129] Port s_axi_aruser[0] in module axi_infrastructure_v1_1_0_axi2vector is either unconnected or has no load
WARNING: [Synth 8-7129] Port aclk2x in module axi_register_slice_v2_1_25_axi_register_slice is either unconnected or has no load
WARNING: [Synth 8-7129] Port ADDR[1] in module axi_crossbar_v2_1_26_addr_decoder__parameterized0 is either unconnected or has no load
WARNING: [Synth 8-7129] Port ADDR[0] in module axi_crossbar_v2_1_26_addr_decoder__parameterized0 is either unconnected or has no load
WARNING: [Synth 8-7129] Port S_ABURST[1] in module axi_crossbar_v2_1_26_si_transactor__parameterized2 is either unconnected or has no load
WARNING: [Synth 8-7129] Port S_ABURST[0] in module axi_crossbar_v2_1_26_si_transactor__parameterized2 is either unconnected or has no load
WARNING: [Synth 8-7129] Port S_ABURST[1] in module axi_crossbar_v2_1_26_si_transactor__parameterized1 is either unconnected or has no load
WARNING: [Synth 8-7129] Port S_ABURST[0] in module axi_crossbar_v2_1_26_si_transactor__parameterized1 is either unconnected or has no load
WARNING: [Synth 8-7129] Port ADDR[1] in module axi_crossbar_v2_1_26_addr_decoder is either unconnected or has no load
WARNING: [Synth 8-7129] Port ADDR[0] in module axi_crossbar_v2_1_26_addr_decoder is either unconnected or has no load
WARNING: [Synth 8-7129] Port S_ABURST[1] in module axi_crossbar_v2_1_26_si_transactor__parameterized0 is either unconnected or has no load
WARNING: [Synth 8-7129] Port S_ABURST[0] in module axi_crossbar_v2_1_26_si_transactor__parameterized0 is either unconnected or has no load
WARNING: [Synth 8-7129] Port S_ABURST[1] in module axi_crossbar_v2_1_26_si_transactor is either unconnected or has no load
WARNING: [Synth 8-7129] Port S_ABURST[0] in module axi_crossbar_v2_1_26_si_transactor is either unconnected or has no load
WARNING: [Synth 8-7129] Port S_AXI_AWID[9] in module axi_crossbar_v2_1_26_crossbar is either unconnected or has no load
WARNING: [Synth 8-7129] Port S_AXI_AWID[8] in module axi_crossbar_v2_1_26_crossbar is either unconnected or has no load
WARNING: [Synth 8-7129] Port S_AXI_AWID[7] in module axi_crossbar_v2_1_26_crossbar is either unconnected or has no load
WARNING: [Synth 8-7129] Port S_AXI_AWID[6] in module axi_crossbar_v2_1_26_crossbar is either unconnected or has no load
WARNING: [Synth 8-7129] Port S_AXI_AWID[5] in module axi_crossbar_v2_1_26_crossbar is either unconnected or has no load
WARNING: [Synth 8-7129] Port S_AXI_WID[9] in module axi_crossbar_v2_1_26_crossbar is either unconnected or has no load
WARNING: [Synth 8-7129] Port S_AXI_WID[8] in module axi_crossbar_v2_1_26_crossbar is either unconnected or has no load
WARNING: [Synth 8-7129] Port S_AXI_WID[7] in module axi_crossbar_v2_1_26_crossbar is either unconnected or has no load
WARNING: [Synth 8-7129] Port S_AXI_WID[6] in module axi_crossbar_v2_1_26_crossbar is either unconnected or has no load
WARNING: [Synth 8-7129] Port S_AXI_WID[5] in module axi_crossbar_v2_1_26_crossbar is either unconnected or has no load
WARNING: [Synth 8-7129] Port S_AXI_WID[4] in module axi_crossbar_v2_1_26_crossbar is either unconnected or has no load
WARNING: [Synth 8-7129] Port S_AXI_WID[3] in module axi_crossbar_v2_1_26_crossbar is either unconnected or has no load
WARNING: [Synth 8-7129] Port S_AXI_WID[2] in module axi_crossbar_v2_1_26_crossbar is either unconnected or has no load
WARNING: [Synth 8-7129] Port S_AXI_WID[1] in module axi_crossbar_v2_1_26_crossbar is either unconnected or has no load
WARNING: [Synth 8-7129] Port S_AXI_WID[0] in module axi_crossbar_v2_1_26_crossbar is either unconnected or has no load
WARNING: [Synth 8-7129] Port S_AXI_ARID[9] in module axi_crossbar_v2_1_26_crossbar is either unconnected or has no load
WARNING: [Synth 8-7129] Port S_AXI_ARID[8] in module axi_crossbar_v2_1_26_crossbar is either unconnected or has no load
WARNING: [Synth 8-7129] Port S_AXI_ARID[7] in module axi_crossbar_v2_1_26_crossbar is either unconnected or has no load
WARNING: [Synth 8-7129] Port S_AXI_ARID[6] in module axi_crossbar_v2_1_26_crossbar is either unconnected or has no load
WARNING: [Synth 8-7129] Port S_AXI_ARID[5] in module axi_crossbar_v2_1_26_crossbar is either unconnected or has no load
WARNING: [Synth 8-7129] Port s_axi_awid[9] in module axi_crossbar_v2_1_26_axi_crossbar is either unconnected or has no load
WARNING: [Synth 8-7129] Port s_axi_awid[8] in module axi_crossbar_v2_1_26_axi_crossbar is either unconnected or has no load
WARNING: [Synth 8-7129] Port s_axi_awid[7] in module axi_crossbar_v2_1_26_axi_crossbar is either unconnected or has no load
WARNING: [Synth 8-7129] Port s_axi_awid[6] in module axi_crossbar_v2_1_26_axi_crossbar is either unconnected or has no load
WARNING: [Synth 8-7129] Port s_axi_awid[5] in module axi_crossbar_v2_1_26_axi_crossbar is either unconnected or has no load
WARNING: [Synth 8-7129] Port s_axi_awuser[1] in module axi_crossbar_v2_1_26_axi_crossbar is either unconnected or has no load
WARNING: [Synth 8-7129] Port s_axi_awuser[0] in module axi_crossbar_v2_1_26_axi_crossbar is either unconnected or has no load
WARNING: [Synth 8-7129] Port s_axi_wid[9] in module axi_crossbar_v2_1_26_axi_crossbar is either unconnected or has no load
WARNING: [Synth 8-7129] Port s_axi_wid[8] in module axi_crossbar_v2_1_26_axi_crossbar is either unconnected or has no load
WARNING: [Synth 8-7129] Port s_axi_wid[7] in module axi_crossbar_v2_1_26_axi_crossbar is either unconnected or has no load
WARNING: [Synth 8-7129] Port s_axi_wid[6] in module axi_crossbar_v2_1_26_axi_crossbar is either unconnected or has no load
WARNING: [Synth 8-7129] Port s_axi_wid[5] in module axi_crossbar_v2_1_26_axi_crossbar is either unconnected or has no load
WARNING: [Synth 8-7129] Port s_axi_wid[4] in module axi_crossbar_v2_1_26_axi_crossbar is either unconnected or has no load
WARNING: [Synth 8-7129] Port s_axi_wid[3] in module axi_crossbar_v2_1_26_axi_crossbar is either unconnected or has no load
WARNING: [Synth 8-7129] Port s_axi_wid[2] in module axi_crossbar_v2_1_26_axi_crossbar is either unconnected or has no load
WARNING: [Synth 8-7129] Port s_axi_wid[1] in module axi_crossbar_v2_1_26_axi_crossbar is either unconnected or has no load
WARNING: [Synth 8-7129] Port s_axi_wid[0] in module axi_crossbar_v2_1_26_axi_crossbar is either unconnected or has no load
WARNING: [Synth 8-7129] Port s_axi_wuser[1] in module axi_crossbar_v2_1_26_axi_crossbar is either unconnected or has no load
WARNING: [Synth 8-7129] Port s_axi_wuser[0] in module axi_crossbar_v2_1_26_axi_crossbar is either unconnected or has no load
WARNING: [Synth 8-7129] Port s_axi_arid[9] in module axi_crossbar_v2_1_26_axi_crossbar is either unconnected or has no load
WARNING: [Synth 8-7129] Port s_axi_arid[8] in module axi_crossbar_v2_1_26_axi_crossbar is either unconnected or has no load
WARNING: [Synth 8-7129] Port s_axi_arid[7] in module axi_crossbar_v2_1_26_axi_crossbar is either unconnected or has no load
WARNING: [Synth 8-7129] Port s_axi_arid[6] in module axi_crossbar_v2_1_26_axi_crossbar is either unconnected or has no load
WARNING: [Synth 8-7129] Port s_axi_arid[5] in module axi_crossbar_v2_1_26_axi_crossbar is either unconnected or has no load
WARNING: [Synth 8-7129] Port s_axi_aruser[1] in module axi_crossbar_v2_1_26_axi_crossbar is either unconnected or has no load
WARNING: [Synth 8-7129] Port s_axi_aruser[0] in module axi_crossbar_v2_1_26_axi_crossbar is either unconnected or has no load
WARNING: [Synth 8-7129] Port m_axi_buser[1] in module axi_crossbar_v2_1_26_axi_crossbar is either unconnected or has no load
WARNING: [Synth 8-7129] Port m_axi_buser[0] in module axi_crossbar_v2_1_26_axi_crossbar is either unconnected or has no load
WARNING: [Synth 8-7129] Port m_axi_ruser[1] in module axi_crossbar_v2_1_26_axi_crossbar is either unconnected or has no load
WARNING: [Synth 8-7129] Port m_axi_ruser[0] in module axi_crossbar_v2_1_26_axi_crossbar is either unconnected or has no load
---------------------------------------------------------------------------------
Finished RTL Elaboration : Time (s): cpu = 00:00:11 ; elapsed = 00:00:15 . Memory (MB): peak = 2694.109 ; gain = 0.000 ; free physical = 3186 ; free virtual = 11716
---------------------------------------------------------------------------------
---------------------------------------------------------------------------------
Start Handling Custom Attributes
---------------------------------------------------------------------------------
---------------------------------------------------------------------------------
Finished Handling Custom Attributes : Time (s): cpu = 00:00:13 ; elapsed = 00:00:17 . Memory (MB): peak = 2694.109 ; gain = 0.000 ; free physical = 3177 ; free virtual = 11707
---------------------------------------------------------------------------------
---------------------------------------------------------------------------------
Finished RTL Optimization Phase 1 : Time (s): cpu = 00:00:13 ; elapsed = 00:00:17 . Memory (MB): peak = 2694.109 ; gain = 0.000 ; free physical = 3177 ; free virtual = 11707
---------------------------------------------------------------------------------
Netlist sorting complete. Time (s): cpu = 00:00:00.06 ; elapsed = 00:00:00.06 . Memory (MB): peak = 2694.109 ; gain = 0.000 ; free physical = 3170 ; free virtual = 11700
INFO: [Project 1-570] Preparing netlist for logic optimization

Processing XDC Constraints
Initializing timing engine
Parsing XDC File [/home/idec/work/ai_fpga/codes/LeNet-5/LeNet-5.dlr.fpga/hw/impl/vivado.zed.confmc.float/lenet5_confmc_zed/lenet5_confmc_zed.gen/sources_1/bd/lenet5/ip/lenet5_xbar_0/lenet5_xbar_0_ooc.xdc] for cell 'inst'
Finished Parsing XDC File [/home/idec/work/ai_fpga/codes/LeNet-5/LeNet-5.dlr.fpga/hw/impl/vivado.zed.confmc.float/lenet5_confmc_zed/lenet5_confmc_zed.gen/sources_1/bd/lenet5/ip/lenet5_xbar_0/lenet5_xbar_0_ooc.xdc] for cell 'inst'
Parsing XDC File [/home/idec/work/ai_fpga/codes/LeNet-5/LeNet-5.dlr.fpga/hw/impl/vivado.zed.confmc.float/lenet5_confmc_zed/lenet5_confmc_zed.runs/lenet5_xbar_0_synth_1/dont_touch.xdc]
Finished Parsing XDC File [/home/idec/work/ai_fpga/codes/LeNet-5/LeNet-5.dlr.fpga/hw/impl/vivado.zed.confmc.float/lenet5_confmc_zed/lenet5_confmc_zed.runs/lenet5_xbar_0_synth_1/dont_touch.xdc]
Completed Processing XDC Constraints

Netlist sorting complete. Time (s): cpu = 00:00:00 ; elapsed = 00:00:00 . Memory (MB): peak = 2782.785 ; gain = 0.000 ; free physical = 3069 ; free virtual = 11599
INFO: [Project 1-111] Unisim Transformation Summary:
No Unisim elements were transformed.

Constraint Validation Runtime : Time (s): cpu = 00:00:00.08 ; elapsed = 00:00:00.09 . Memory (MB): peak = 2782.789 ; gain = 0.004 ; free physical = 3067 ; free virtual = 11597
---------------------------------------------------------------------------------
Finished Constraint Validation : Time (s): cpu = 00:00:21 ; elapsed = 00:00:26 . Memory (MB): peak = 2782.789 ; gain = 88.680 ; free physical = 3148 ; free virtual = 11678
---------------------------------------------------------------------------------
---------------------------------------------------------------------------------
Start Loading Part and Timing Information
---------------------------------------------------------------------------------
Loading part: xc7z020clg484-1
---------------------------------------------------------------------------------
Finished Loading Part and Timing Information : Time (s): cpu = 00:00:21 ; elapsed = 00:00:26 . Memory (MB): peak = 2782.789 ; gain = 88.680 ; free physical = 3148 ; free virtual = 11678
---------------------------------------------------------------------------------
---------------------------------------------------------------------------------
Start Applying 'set_property' XDC Constraints
---------------------------------------------------------------------------------
Applied set_property KEEP_HIERARCHY = SOFT for inst. (constraint file  /home/idec/work/ai_fpga/codes/LeNet-5/LeNet-5.dlr.fpga/hw/impl/vivado.zed.confmc.float/lenet5_confmc_zed/lenet5_confmc_zed.runs/lenet5_xbar_0_synth_1/dont_touch.xdc, line 9).
---------------------------------------------------------------------------------
Finished applying 'set_property' XDC Constraints : Time (s): cpu = 00:00:21 ; elapsed = 00:00:26 . Memory (MB): peak = 2782.789 ; gain = 88.680 ; free physical = 3151 ; free virtual = 11681
---------------------------------------------------------------------------------
INFO: [Synth 8-802] inferred FSM for state register 'state_reg' in module 'axi_data_fifo_v2_1_24_axic_reg_srl_fifo'
INFO: [Synth 8-802] inferred FSM for state register 'state_reg' in module 'axi_data_fifo_v2_1_24_axic_reg_srl_fifo__parameterized0'
INFO: [Synth 8-802] inferred FSM for state register 'state_reg' in module 'axi_data_fifo_v2_1_24_axic_reg_srl_fifo__parameterized1'
INFO: [Synth 8-802] inferred FSM for state register 'state_reg' in module 'axi_data_fifo_v2_1_24_axic_reg_srl_fifo__parameterized2'
INFO: [Synth 8-802] inferred FSM for state register 'state_reg' in module 'axi_data_fifo_v2_1_24_axic_reg_srl_fifo__parameterized3'
INFO: [Synth 8-802] inferred FSM for state register 'gen_axi.write_cs_reg' in module 'axi_crossbar_v2_1_26_decerr_slave'
---------------------------------------------------------------------------------------------------
                   State |                     New Encoding |                Previous Encoding 
---------------------------------------------------------------------------------------------------
                    ZERO |                             1000 |                               10
                     ONE |                             0010 |                               11
                     TWO |                             0001 |                               01
                  iSTATE |                             0100 |                               00
---------------------------------------------------------------------------------------------------
INFO: [Synth 8-3354] encoded FSM with state register 'state_reg' using encoding 'one-hot' in module 'axi_data_fifo_v2_1_24_axic_reg_srl_fifo'
---------------------------------------------------------------------------------------------------
                   State |                     New Encoding |                Previous Encoding 
---------------------------------------------------------------------------------------------------
                    ZERO |                             1000 |                               10
                     ONE |                             0010 |                               11
                     TWO |                             0001 |                               01
                  iSTATE |                             0100 |                               00
---------------------------------------------------------------------------------------------------
INFO: [Synth 8-3354] encoded FSM with state register 'state_reg' using encoding 'one-hot' in module 'axi_data_fifo_v2_1_24_axic_reg_srl_fifo__parameterized0'
---------------------------------------------------------------------------------------------------
                   State |                     New Encoding |                Previous Encoding 
---------------------------------------------------------------------------------------------------
                    ZERO |                             1000 |                               10
                     ONE |                             0010 |                               11
                     TWO |                             0001 |                               01
                  iSTATE |                             0100 |                               00
---------------------------------------------------------------------------------------------------
INFO: [Synth 8-3354] encoded FSM with state register 'state_reg' using encoding 'one-hot' in module 'axi_data_fifo_v2_1_24_axic_reg_srl_fifo__parameterized1'
---------------------------------------------------------------------------------------------------
                   State |                     New Encoding |                Previous Encoding 
---------------------------------------------------------------------------------------------------
                    ZERO |                             1000 |                               10
                     ONE |                             0010 |                               11
                     TWO |                             0001 |                               01
                  iSTATE |                             0100 |                               00
---------------------------------------------------------------------------------------------------
INFO: [Synth 8-3354] encoded FSM with state register 'state_reg' using encoding 'one-hot' in module 'axi_data_fifo_v2_1_24_axic_reg_srl_fifo__parameterized2'
---------------------------------------------------------------------------------------------------
                   State |                     New Encoding |                Previous Encoding 
---------------------------------------------------------------------------------------------------
                    ZERO |                             1000 |                               10
                     ONE |                             0010 |                               11
                     TWO |                             0001 |                               01
                  iSTATE |                             0100 |                               00
---------------------------------------------------------------------------------------------------
INFO: [Synth 8-3354] encoded FSM with state register 'state_reg' using encoding 'one-hot' in module 'axi_data_fifo_v2_1_24_axic_reg_srl_fifo__parameterized3'
---------------------------------------------------------------------------------------------------
                   State |                     New Encoding |                Previous Encoding 
---------------------------------------------------------------------------------------------------
            P_WRITE_IDLE |                              001 |                               00
            P_WRITE_DATA |                              010 |                               01
            P_WRITE_RESP |                              100 |                               10
---------------------------------------------------------------------------------------------------
INFO: [Synth 8-3354] encoded FSM with state register 'gen_axi.write_cs_reg' using encoding 'one-hot' in module 'axi_crossbar_v2_1_26_decerr_slave'
---------------------------------------------------------------------------------
Finished RTL Optimization Phase 2 : Time (s): cpu = 00:00:22 ; elapsed = 00:00:28 . Memory (MB): peak = 2782.789 ; gain = 88.680 ; free physical = 3135 ; free virtual = 11667
---------------------------------------------------------------------------------
---------------------------------------------------------------------------------
Start RTL Component Statistics 
---------------------------------------------------------------------------------
Detailed RTL Component Info : 
+---Adders : 
	   2 Input    8 Bit       Adders := 3     
	   2 Input    5 Bit       Adders := 6     
	   2 Input    4 Bit       Adders := 3     
	   2 Input    2 Bit       Adders := 24    
	   2 Input    1 Bit       Adders := 2     
+---XORs : 
	   2 Input      1 Bit         XORs := 14    
+---Registers : 
	               68 Bit    Registers := 2     
	               40 Bit    Registers := 6     
	                8 Bit    Registers := 3     
	                7 Bit    Registers := 3     
	                5 Bit    Registers := 6     
	                4 Bit    Registers := 5     
	                3 Bit    Registers := 8     
	                2 Bit    Registers := 32    
	                1 Bit    Registers := 49    
+---Muxes : 
	   2 Input   40 Bit        Muxes := 6     
	   2 Input   24 Bit        Muxes := 6     
	   2 Input   16 Bit        Muxes := 4     
	   2 Input    8 Bit        Muxes := 1     
	   2 Input    5 Bit        Muxes := 2     
	   3 Input    4 Bit        Muxes := 5     
	   2 Input    4 Bit        Muxes := 15    
	   2 Input    3 Bit        Muxes := 4     
	   2 Input    2 Bit        Muxes := 44    
	   3 Input    2 Bit        Muxes := 4     
	   2 Input    1 Bit        Muxes := 86    
	   4 Input    1 Bit        Muxes := 15    
	   3 Input    1 Bit        Muxes := 9     
---------------------------------------------------------------------------------
Finished RTL Component Statistics 
---------------------------------------------------------------------------------
---------------------------------------------------------------------------------
Start Part Resource Summary
---------------------------------------------------------------------------------
Part Resources:
DSPs: 220 (col length:60)
BRAMs: 280 (col length: RAMB18 60 RAMB36 30)
---------------------------------------------------------------------------------
Finished Part Resource Summary
---------------------------------------------------------------------------------
---------------------------------------------------------------------------------
Start Cross Boundary and Area Optimization
---------------------------------------------------------------------------------
WARNING: [Synth 8-7080] Parallel synthesis criteria is not met
WARNING: [Synth 8-7129] Port aclk2x in module axi_register_slice_v2_1_25_axi_register_slice is either unconnected or has no load
WARNING: [Synth 8-7129] Port s_axi_awuser[0] in module axi_register_slice_v2_1_25_axi_register_slice is either unconnected or has no load
WARNING: [Synth 8-7129] Port s_axi_wid[4] in module axi_register_slice_v2_1_25_axi_register_slice is either unconnected or has no load
WARNING: [Synth 8-7129] Port s_axi_wid[3] in module axi_register_slice_v2_1_25_axi_register_slice is either unconnected or has no load
WARNING: [Synth 8-7129] Port s_axi_wid[2] in module axi_register_slice_v2_1_25_axi_register_slice is either unconnected or has no load
WARNING: [Synth 8-7129] Port s_axi_wid[1] in module axi_register_slice_v2_1_25_axi_register_slice is either unconnected or has no load
WARNING: [Synth 8-7129] Port s_axi_wid[0] in module axi_register_slice_v2_1_25_axi_register_slice is either unconnected or has no load
WARNING: [Synth 8-7129] Port s_axi_wuser[0] in module axi_register_slice_v2_1_25_axi_register_slice is either unconnected or has no load
WARNING: [Synth 8-7129] Port s_axi_aruser[0] in module axi_register_slice_v2_1_25_axi_register_slice is either unconnected or has no load
WARNING: [Synth 8-7129] Port m_axi_buser[0] in module axi_register_slice_v2_1_25_axi_register_slice is either unconnected or has no load
WARNING: [Synth 8-7129] Port m_axi_ruser[0] in module axi_register_slice_v2_1_25_axi_register_slice is either unconnected or has no load
WARNING: [Synth 8-7129] Port S_ABURST[1] in module axi_crossbar_v2_1_26_si_transactor__parameterized2 is either unconnected or has no load
WARNING: [Synth 8-7129] Port S_ABURST[0] in module axi_crossbar_v2_1_26_si_transactor__parameterized2 is either unconnected or has no load
WARNING: [Synth 8-7129] Port S_ABURST[1] in module axi_crossbar_v2_1_26_si_transactor__parameterized1 is either unconnected or has no load
WARNING: [Synth 8-7129] Port S_ABURST[0] in module axi_crossbar_v2_1_26_si_transactor__parameterized1 is either unconnected or has no load
WARNING: [Synth 8-7129] Port S_ABURST[1] in module axi_crossbar_v2_1_26_si_transactor__parameterized0 is either unconnected or has no load
WARNING: [Synth 8-7129] Port S_ABURST[0] in module axi_crossbar_v2_1_26_si_transactor__parameterized0 is either unconnected or has no load
WARNING: [Synth 8-7129] Port S_ABURST[1] in module axi_crossbar_v2_1_26_si_transactor is either unconnected or has no load
WARNING: [Synth 8-7129] Port S_ABURST[0] in module axi_crossbar_v2_1_26_si_transactor is either unconnected or has no load
WARNING: [Synth 8-7129] Port S_AXI_AWID[9] in module axi_crossbar_v2_1_26_crossbar is either unconnected or has no load
WARNING: [Synth 8-7129] Port S_AXI_AWID[8] in module axi_crossbar_v2_1_26_crossbar is either unconnected or has no load
WARNING: [Synth 8-7129] Port S_AXI_AWID[7] in module axi_crossbar_v2_1_26_crossbar is either unconnected or has no load
WARNING: [Synth 8-7129] Port S_AXI_AWID[6] in module axi_crossbar_v2_1_26_crossbar is either unconnected or has no load
INFO: [Common 17-14] Message 'Synth 8-7129' appears 100 times and further instances of the messages will be disabled. Use the Tcl command set_msg_config to change the current settings.
INFO: [Synth 8-3332] Sequential element (gen_samd.crossbar_samd/gen_slave_slots[0].gen_si_write.wdata_router_w/wrouter_aw_fifo/FSM_onehot_state_reg[2]) is unused and will be removed from module axi_crossbar_v2_1_26_axi_crossbar.
INFO: [Synth 8-3332] Sequential element (gen_samd.crossbar_samd/gen_slave_slots[1].gen_si_write.wdata_router_w/wrouter_aw_fifo/FSM_onehot_state_reg[2]) is unused and will be removed from module axi_crossbar_v2_1_26_axi_crossbar.
INFO: [Synth 8-3332] Sequential element (gen_samd.crossbar_samd/gen_master_slots[0].gen_mi_write.wdata_mux_w/gen_wmux.wmux_aw_fifo/FSM_onehot_state_reg[2]) is unused and will be removed from module axi_crossbar_v2_1_26_axi_crossbar.
INFO: [Synth 8-3332] Sequential element (gen_samd.crossbar_samd/gen_master_slots[1].gen_mi_write.wdata_mux_w/gen_wmux.wmux_aw_fifo/FSM_onehot_state_reg[2]) is unused and will be removed from module axi_crossbar_v2_1_26_axi_crossbar.
INFO: [Synth 8-3332] Sequential element (gen_samd.crossbar_samd/gen_master_slots[2].gen_mi_write.wdata_mux_w/gen_wmux.wmux_aw_fifo/FSM_onehot_state_reg[2]) is unused and will be removed from module axi_crossbar_v2_1_26_axi_crossbar.
---------------------------------------------------------------------------------
Finished Cross Boundary and Area Optimization : Time (s): cpu = 00:00:29 ; elapsed = 00:00:34 . Memory (MB): peak = 2782.789 ; gain = 88.680 ; free physical = 3109 ; free virtual = 11646
---------------------------------------------------------------------------------
---------------------------------------------------------------------------------
Start Applying XDC Timing Constraints
---------------------------------------------------------------------------------
---------------------------------------------------------------------------------
Finished Applying XDC Timing Constraints : Time (s): cpu = 00:00:36 ; elapsed = 00:00:41 . Memory (MB): peak = 2782.789 ; gain = 88.680 ; free physical = 2991 ; free virtual = 11528
---------------------------------------------------------------------------------
---------------------------------------------------------------------------------
Start Timing Optimization
---------------------------------------------------------------------------------
---------------------------------------------------------------------------------
Finished Timing Optimization : Time (s): cpu = 00:00:41 ; elapsed = 00:00:47 . Memory (MB): peak = 2782.789 ; gain = 88.680 ; free physical = 2959 ; free virtual = 11496
---------------------------------------------------------------------------------
---------------------------------------------------------------------------------
Start Technology Mapping
---------------------------------------------------------------------------------
---------------------------------------------------------------------------------
Finished Technology Mapping : Time (s): cpu = 00:00:42 ; elapsed = 00:00:48 . Memory (MB): peak = 2782.789 ; gain = 88.680 ; free physical = 2948 ; free virtual = 11485
---------------------------------------------------------------------------------
---------------------------------------------------------------------------------
Start IO Insertion
---------------------------------------------------------------------------------
---------------------------------------------------------------------------------
Start Flattening Before IO Insertion
---------------------------------------------------------------------------------
---------------------------------------------------------------------------------
Finished Flattening Before IO Insertion
---------------------------------------------------------------------------------
---------------------------------------------------------------------------------
Start Final Netlist Cleanup
---------------------------------------------------------------------------------
---------------------------------------------------------------------------------
Finished Final Netlist Cleanup
---------------------------------------------------------------------------------
---------------------------------------------------------------------------------
Finished IO Insertion : Time (s): cpu = 00:00:47 ; elapsed = 00:00:52 . Memory (MB): peak = 2782.789 ; gain = 88.680 ; free physical = 2949 ; free virtual = 11486
---------------------------------------------------------------------------------
---------------------------------------------------------------------------------
Start Renaming Generated Instances
---------------------------------------------------------------------------------
---------------------------------------------------------------------------------
Finished Renaming Generated Instances : Time (s): cpu = 00:00:47 ; elapsed = 00:00:52 . Memory (MB): peak = 2782.789 ; gain = 88.680 ; free physical = 2949 ; free virtual = 11486
---------------------------------------------------------------------------------
---------------------------------------------------------------------------------
Start Rebuilding User Hierarchy
---------------------------------------------------------------------------------
---------------------------------------------------------------------------------
Finished Rebuilding User Hierarchy : Time (s): cpu = 00:00:47 ; elapsed = 00:00:52 . Memory (MB): peak = 2782.789 ; gain = 88.680 ; free physical = 2946 ; free virtual = 11483
---------------------------------------------------------------------------------
---------------------------------------------------------------------------------
Start Renaming Generated Ports
---------------------------------------------------------------------------------
---------------------------------------------------------------------------------
Finished Renaming Generated Ports : Time (s): cpu = 00:00:47 ; elapsed = 00:00:52 . Memory (MB): peak = 2782.789 ; gain = 88.680 ; free physical = 2944 ; free virtual = 11481
---------------------------------------------------------------------------------
---------------------------------------------------------------------------------
Start Handling Custom Attributes
---------------------------------------------------------------------------------
---------------------------------------------------------------------------------
Finished Handling Custom Attributes : Time (s): cpu = 00:00:47 ; elapsed = 00:00:52 . Memory (MB): peak = 2782.789 ; gain = 88.680 ; free physical = 2949 ; free virtual = 11486
---------------------------------------------------------------------------------
---------------------------------------------------------------------------------
Start Renaming Generated Nets
---------------------------------------------------------------------------------
---------------------------------------------------------------------------------
Finished Renaming Generated Nets : Time (s): cpu = 00:00:47 ; elapsed = 00:00:52 . Memory (MB): peak = 2782.789 ; gain = 88.680 ; free physical = 2949 ; free virtual = 11486
---------------------------------------------------------------------------------
---------------------------------------------------------------------------------
Start Writing Synthesis Report
---------------------------------------------------------------------------------

Report BlackBoxes: 
+-+--------------+----------+
| |BlackBox name |Instances |
+-+--------------+----------+
+-+--------------+----------+

Report Cell Usage: 
+------+--------+------+
|      |Cell    |Count |
+------+--------+------+
|1     |LUT1    |    12|
|2     |LUT2    |    35|
|3     |LUT3    |   320|
|4     |LUT4    |   104|
|5     |LUT5    |   109|
|6     |LUT6    |   174|
|7     |SRLC32E |     7|
|8     |FDRE    |   481|
|9     |FDSE    |    30|
+------+--------+------+
---------------------------------------------------------------------------------
Finished Writing Synthesis Report : Time (s): cpu = 00:00:47 ; elapsed = 00:00:52 . Memory (MB): peak = 2782.789 ; gain = 88.680 ; free physical = 2949 ; free virtual = 11486
---------------------------------------------------------------------------------
Synthesis finished with 0 errors, 0 critical warnings and 74 warnings.
Synthesis Optimization Runtime : Time (s): cpu = 00:00:44 ; elapsed = 00:00:49 . Memory (MB): peak = 2782.789 ; gain = 0.000 ; free physical = 3003 ; free virtual = 11540
Synthesis Optimization Complete : Time (s): cpu = 00:00:47 ; elapsed = 00:00:53 . Memory (MB): peak = 2782.789 ; gain = 88.680 ; free physical = 3002 ; free virtual = 11539
INFO: [Project 1-571] Translating synthesized netlist
Netlist sorting complete. Time (s): cpu = 00:00:00.02 ; elapsed = 00:00:00.02 . Memory (MB): peak = 2782.789 ; gain = 0.000 ; free physical = 3082 ; free virtual = 11619
INFO: [Project 1-570] Preparing netlist for logic optimization
INFO: [Opt 31-138] Pushed 0 inverter(s) to 0 load pin(s).
Netlist sorting complete. Time (s): cpu = 00:00:00 ; elapsed = 00:00:00 . Memory (MB): peak = 2782.789 ; gain = 0.000 ; free physical = 3007 ; free virtual = 11544
INFO: [Project 1-111] Unisim Transformation Summary:
No Unisim elements were transformed.

Synth Design complete, checksum: 64e5e0e
INFO: [Common 17-83] Releasing license: Synthesis
138 Infos, 131 Warnings, 0 Critical Warnings and 0 Errors encountered.
synth_design completed successfully
synth_design: Time (s): cpu = 00:00:59 ; elapsed = 00:01:21 . Memory (MB): peak = 2782.789 ; gain = 88.828 ; free physical = 3230 ; free virtual = 11766
INFO: [Common 17-1381] The checkpoint '/home/idec/work/ai_fpga/codes/LeNet-5/LeNet-5.dlr.fpga/hw/impl/vivado.zed.confmc.float/lenet5_confmc_zed/lenet5_confmc_zed.runs/lenet5_xbar_0_synth_1/lenet5_xbar_0.dcp' has been generated.
INFO: [Coretcl 2-1648] Added synthesis output to IP cache for IP lenet5_xbar_0, cache-ID = b860f05a7ac4fb29
INFO: [Coretcl 2-1174] Renamed 40 cell refs.
INFO: [Common 17-1381] The checkpoint '/home/idec/work/ai_fpga/codes/LeNet-5/LeNet-5.dlr.fpga/hw/impl/vivado.zed.confmc.float/lenet5_confmc_zed/lenet5_confmc_zed.runs/lenet5_xbar_0_synth_1/lenet5_xbar_0.dcp' has been generated.
INFO: [runtcl-4] Executing : report_utilization -file lenet5_xbar_0_utilization_synth.rpt -pb lenet5_xbar_0_utilization_synth.pb
INFO: [Common 17-206] Exiting Vivado at Tue Jul  2 16:39:47 2024...
