#-----------------------------------------------------------
# Vivado v2021.2 (64-bit)
# SW Build 3367213 on Tue Oct 19 02:47:39 MDT 2021
# IP Build 3369179 on Thu Oct 21 08:25:16 MDT 2021
# Start of session at: Tue Jul  2 15:31:09 2024
# Process ID: 28799
# Current directory: /home/idec/work/ai_fpga/codes/LeNet-5/LeNet-5.dlr.fpga/hw/hls/tcl.float/proj_lenet5/zed/impl/ip
# Command line: vivado -notrace -mode batch -source run_ippack.tcl
# Log file: /home/idec/work/ai_fpga/codes/LeNet-5/LeNet-5.dlr.fpga/hw/hls/tcl.float/proj_lenet5/zed/impl/ip/vivado.log
# Journal file: /home/idec/work/ai_fpga/codes/LeNet-5/LeNet-5.dlr.fpga/hw/hls/tcl.float/proj_lenet5/zed/impl/ip/vivado.jou
# Running On: train18, OS: Linux, CPU Frequency: 2069.378 MHz, CPU Physical cores: 4, Host memory: 16610 MB
#-----------------------------------------------------------
source run_ippack.tcl -notrace
create_project: Time (s): cpu = 00:00:05 ; elapsed = 00:00:06 . Memory (MB): peak = 2718.480 ; gain = 2.023 ; free physical = 8165 ; free virtual = 20544
INFO: [IP_Flow 19-234] Refreshing IP repositories
INFO: [IP_Flow 19-1704] No user IP repositories specified
INFO: [IP_Flow 19-2313] Loaded Vivado IP repository '/tools/xilinx/Vivado/2021.2/data/ip'.
WARNING: [IP_Flow 19-4832] The IP name 'lenet5_fadd_32ns_32ns_32_5_full_dsp_1_ip' you have specified is long. The Windows operating system has path length limitations. It is recommended you use shorter names to reduce the likelihood of issues.
INFO: [IP_Flow 19-1686] Generating 'Synthesis' target for IP 'lenet5_fadd_32ns_32ns_32_5_full_dsp_1_ip'...
INFO: [IP_Flow 19-1686] Generating 'Simulation' target for IP 'lenet5_fadd_32ns_32ns_32_5_full_dsp_1_ip'...
WARNING: [IP_Flow 19-4832] The IP name 'lenet5_fcmp_32ns_32ns_1_2_no_dsp_1_ip' you have specified is long. The Windows operating system has path length limitations. It is recommended you use shorter names to reduce the likelihood of issues.
INFO: [IP_Flow 19-1686] Generating 'Synthesis' target for IP 'lenet5_fcmp_32ns_32ns_1_2_no_dsp_1_ip'...
INFO: [IP_Flow 19-1686] Generating 'Simulation' target for IP 'lenet5_fcmp_32ns_32ns_1_2_no_dsp_1_ip'...
WARNING: [IP_Flow 19-4832] The IP name 'lenet5_fmul_32ns_32ns_32_4_max_dsp_1_ip' you have specified is long. The Windows operating system has path length limitations. It is recommended you use shorter names to reduce the likelihood of issues.
INFO: [IP_Flow 19-1686] Generating 'Synthesis' target for IP 'lenet5_fmul_32ns_32ns_32_4_max_dsp_1_ip'...
INFO: [IP_Flow 19-1686] Generating 'Simulation' target for IP 'lenet5_fmul_32ns_32ns_32_4_max_dsp_1_ip'...
INFO: [IP_Flow 19-234] Refreshing IP repositories
INFO: [IP_Flow 19-1704] No user IP repositories specified
INFO: [IP_Flow 19-2313] Loaded Vivado IP repository '/tools/xilinx/Vivado/2021.2/data/ip'.
INFO: [Common 17-206] Exiting Vivado at Tue Jul  2 15:31:42 2024...
