

================================================================
== Vitis HLS Report for 'Convolution2d_float_s'
================================================================
* Date:           Tue Jul  2 15:30:34 2024

* Version:        2021.2 (Build 3367213 on Tue Oct 19 02:47:39 MDT 2021)
* Project:        proj_lenet5
* Solution:       zed (Vivado IP Flow Target)
* Product family: zynq
* Target device:  xc7z020-clg484-1


================================================================
== Performance Estimates
================================================================
+ Timing: 
    * Summary: 
    +--------+----------+----------+------------+
    |  Clock |  Target  | Estimated| Uncertainty|
    +--------+----------+----------+------------+
    |ap_clk  |  10.00 ns|  8.567 ns|     2.70 ns|
    +--------+----------+----------+------------+

+ Latency: 
    * Summary: 
    +---------+---------+----------+----------+--------+--------+---------+
    |  Latency (cycles) |  Latency (absolute) |     Interval    | Pipeline|
    |   min   |   max   |    min   |    max   |   min  |   max  |   Type  |
    +---------+---------+----------+----------+--------+--------+---------+
    |   123079|   123079|  1.231 ms|  1.231 ms|  123079|  123079|       no|
    +---------+---------+----------+----------+--------+--------+---------+

    + Detail: 
        * Instance: 
        N/A

        * Loop: 
        +-------------------+---------+---------+----------+-----------+-----------+------+----------+
        |                   |  Latency (cycles) | Iteration|  Initiation Interval  | Trip |          |
        |     Loop Name     |   min   |   max   |  Latency |  achieved |   target  | Count| Pipelined|
        +-------------------+---------+---------+----------+-----------+-----------+------+----------+
        |- VITIS_LOOP_94_1  |   123078|   123078|     20513|          -|          -|     6|        no|
        +-------------------+---------+---------+----------+-----------+-----------+------+----------+

============================================================
+ Verbose Summary: Synthesis Manager
============================================================
InlineROM: 1
ExposeGlobal: 0
============================================================
+ Verbose Summary: CDFG Model
============================================================
IsTopModel: 0
ResetActiveHigh: 1
IsCombinational: 0
IsDatapathOnly: 0
HasWiredReturn: 1
HasMFsm: 0
HasVarLatency: 1
IsPipeline: 0
IsRtlPipelined: 0
IsInstanceOverlapped: 0
IsDontTouch: 0
HasImplIP: 0
IsGatedGlobalClock: 0


============================================================
+ Verbose Summary: Schedule
============================================================
* Number of FSM states : 6
* Pipeline : 0
* Dataflow Pipeline: 0

* FSM state transitions: 
1 --> 2 
2 --> 3 
3 --> 4 
4 --> 5 
5 --> 6 
6 --> 2 

* FSM state operations: 

State 1 <SV = 0> <Delay = 1.58>
ST_1 : Operation 7 [1/1] (0.00ns)   --->   "%phi_mul186 = alloca i32 1"   --->   Operation 7 'alloca' 'phi_mul186' <Predicate = true> <Delay = 0.00>
ST_1 : Operation 8 [1/1] (0.00ns)   --->   "%phi_mul = alloca i32 1"   --->   Operation 8 'alloca' 'phi_mul' <Predicate = true> <Delay = 0.00>
ST_1 : Operation 9 [1/1] (0.00ns)   --->   "%f = alloca i32 1"   --->   Operation 9 'alloca' 'f' <Predicate = true> <Delay = 0.00>
ST_1 : Operation 10 [1/1] (0.00ns)   --->   "%specinterface_ln0 = specinterface void @_ssdm_op_SpecInterface, i32 %data, void @empty_7, i32 0, i32 0, void @empty_11, i32 0, i32 10, void @empty_10, void @empty, void @empty_11, i32 16, i32 16, i32 16, i32 16, void @empty_11, void @empty_11"   --->   Operation 10 'specinterface' 'specinterface_ln0' <Predicate = true> <Delay = 0.00>
ST_1 : Operation 11 [1/1] (0.00ns)   --->   "%in_data_read = read i32 @_ssdm_op_Read.ap_auto.i32, i32 %in_data" [/home/idec/work/ai_fpga/codes/Deep_Learning_Routines/v1.4.1/src/convolution_2d.hpp:94]   --->   Operation 11 'read' 'in_data_read' <Predicate = true> <Delay = 0.00>
ST_1 : Operation 12 [1/1] (1.58ns)   --->   "%store_ln94 = store i3 0, i3 %f" [/home/idec/work/ai_fpga/codes/Deep_Learning_Routines/v1.4.1/src/convolution_2d.hpp:94]   --->   Operation 12 'store' 'store_ln94' <Predicate = true> <Delay = 1.58>
ST_1 : Operation 13 [1/1] (1.58ns)   --->   "%store_ln94 = store i8 0, i8 %phi_mul" [/home/idec/work/ai_fpga/codes/Deep_Learning_Routines/v1.4.1/src/convolution_2d.hpp:94]   --->   Operation 13 'store' 'store_ln94' <Predicate = true> <Delay = 1.58>
ST_1 : Operation 14 [1/1] (1.58ns)   --->   "%store_ln94 = store i12 0, i12 %phi_mul186" [/home/idec/work/ai_fpga/codes/Deep_Learning_Routines/v1.4.1/src/convolution_2d.hpp:94]   --->   Operation 14 'store' 'store_ln94' <Predicate = true> <Delay = 1.58>
ST_1 : Operation 15 [1/1] (0.00ns)   --->   "%br_ln94 = br void %.lr.ph10" [/home/idec/work/ai_fpga/codes/Deep_Learning_Routines/v1.4.1/src/convolution_2d.hpp:94]   --->   Operation 15 'br' 'br_ln94' <Predicate = true> <Delay = 0.00>

State 2 <SV = 1> <Delay = 3.50>
ST_2 : Operation 16 [1/1] (0.00ns)   --->   "%phi_mul186_load = load i12 %phi_mul186" [/home/idec/work/ai_fpga/codes/Deep_Learning_Routines/v1.4.1/src/convolution_2d.hpp:94]   --->   Operation 16 'load' 'phi_mul186_load' <Predicate = true> <Delay = 0.00>
ST_2 : Operation 17 [1/1] (0.00ns)   --->   "%phi_mul_load = load i8 %phi_mul" [/home/idec/work/ai_fpga/codes/Deep_Learning_Routines/v1.4.1/src/convolution_2d.hpp:123]   --->   Operation 17 'load' 'phi_mul_load' <Predicate = true> <Delay = 0.00>
ST_2 : Operation 18 [1/1] (0.00ns)   --->   "%f_2 = load i3 %f" [/home/idec/work/ai_fpga/codes/Deep_Learning_Routines/v1.4.1/src/convolution_2d.hpp:94]   --->   Operation 18 'load' 'f_2' <Predicate = true> <Delay = 0.00>
ST_2 : Operation 19 [1/1] (1.54ns)   --->   "%add_ln94_2 = add i12 %phi_mul186_load, i12 784" [/home/idec/work/ai_fpga/codes/Deep_Learning_Routines/v1.4.1/src/convolution_2d.hpp:94]   --->   Operation 19 'add' 'add_ln94_2' <Predicate = true> <Delay = 1.54> <CoreInst = "Adder">   --->   Core 1 'Adder' <Latency = 0> <II = 1> <Delay = 1.91> <FuncUnit> <Opcode : 'add' 'sub'> <InPorts = 2> <OutPorts = 1>
ST_2 : Operation 20 [1/1] (1.91ns)   --->   "%add_ln94_3 = add i8 %phi_mul_load, i8 25" [/home/idec/work/ai_fpga/codes/Deep_Learning_Routines/v1.4.1/src/convolution_2d.hpp:94]   --->   Operation 20 'add' 'add_ln94_3' <Predicate = true> <Delay = 1.91> <CoreInst = "Adder">   --->   Core 1 'Adder' <Latency = 0> <II = 1> <Delay = 1.91> <FuncUnit> <Opcode : 'add' 'sub'> <InPorts = 2> <OutPorts = 1>
ST_2 : Operation 21 [1/1] (1.13ns)   --->   "%icmp_ln94 = icmp_eq  i3 %f_2, i3 6" [/home/idec/work/ai_fpga/codes/Deep_Learning_Routines/v1.4.1/src/convolution_2d.hpp:94]   --->   Operation 21 'icmp' 'icmp_ln94' <Predicate = true> <Delay = 1.13> <CoreInst = "Cmp">   --->   Core 9 'Cmp' <Latency = 0> <II = 1> <Delay = 1.13> <FuncUnit> <Opcode : 'icmp'> <InPorts = 2> <OutPorts = 1>
ST_2 : Operation 22 [1/1] (0.00ns)   --->   "%empty = speclooptripcount i32 @_ssdm_op_SpecLoopTripCount, i64 6, i64 6, i64 6"   --->   Operation 22 'speclooptripcount' 'empty' <Predicate = true> <Delay = 0.00>
ST_2 : Operation 23 [1/1] (1.65ns)   --->   "%add_ln94 = add i3 %f_2, i3 1" [/home/idec/work/ai_fpga/codes/Deep_Learning_Routines/v1.4.1/src/convolution_2d.hpp:94]   --->   Operation 23 'add' 'add_ln94' <Predicate = true> <Delay = 1.65> <CoreInst = "Adder">   --->   Core 1 'Adder' <Latency = 0> <II = 1> <Delay = 1.91> <FuncUnit> <Opcode : 'add' 'sub'> <InPorts = 2> <OutPorts = 1>
ST_2 : Operation 24 [1/1] (0.00ns)   --->   "%br_ln94 = br i1 %icmp_ln94, void %.lr.ph10.split, void %._crit_edge37" [/home/idec/work/ai_fpga/codes/Deep_Learning_Routines/v1.4.1/src/convolution_2d.hpp:94]   --->   Operation 24 'br' 'br_ln94' <Predicate = true> <Delay = 0.00>
ST_2 : Operation 25 [1/1] (0.00ns)   --->   "%zext_ln95 = zext i3 %f_2" [/home/idec/work/ai_fpga/codes/Deep_Learning_Routines/v1.4.1/src/convolution_2d.hpp:95]   --->   Operation 25 'zext' 'zext_ln95' <Predicate = (!icmp_ln94)> <Delay = 0.00>
ST_2 : Operation 26 [1/1] (0.00ns)   --->   "%conv1_bias_addr = getelementptr i32 %conv1_bias, i32 0, i32 %zext_ln95" [/home/idec/work/ai_fpga/codes/Deep_Learning_Routines/v1.4.1/src/convolution_2d.hpp:95]   --->   Operation 26 'getelementptr' 'conv1_bias_addr' <Predicate = (!icmp_ln94)> <Delay = 0.00>
ST_2 : Operation 27 [2/2] (2.32ns)   --->   "%B = load i3 %conv1_bias_addr" [/home/idec/work/ai_fpga/codes/Deep_Learning_Routines/v1.4.1/src/convolution_2d.hpp:95]   --->   Operation 27 'load' 'B' <Predicate = (!icmp_ln94)> <Delay = 2.32> <CoreInst = "ROM">   --->   Core 95 'ROM' <Latency = 1> <II = 1> <Delay = 2.32> <Storage> <Opcode : 'load'> <Ports = 0> <Width = 32> <Depth = 6> <ROM>
ST_2 : Operation 28 [1/1] (1.58ns)   --->   "%store_ln94 = store i3 %add_ln94, i3 %f" [/home/idec/work/ai_fpga/codes/Deep_Learning_Routines/v1.4.1/src/convolution_2d.hpp:94]   --->   Operation 28 'store' 'store_ln94' <Predicate = (!icmp_ln94)> <Delay = 1.58>
ST_2 : Operation 29 [1/1] (1.58ns)   --->   "%store_ln94 = store i8 %add_ln94_3, i8 %phi_mul" [/home/idec/work/ai_fpga/codes/Deep_Learning_Routines/v1.4.1/src/convolution_2d.hpp:94]   --->   Operation 29 'store' 'store_ln94' <Predicate = (!icmp_ln94)> <Delay = 1.58>
ST_2 : Operation 30 [1/1] (1.58ns)   --->   "%store_ln94 = store i12 %add_ln94_2, i12 %phi_mul186" [/home/idec/work/ai_fpga/codes/Deep_Learning_Routines/v1.4.1/src/convolution_2d.hpp:94]   --->   Operation 30 'store' 'store_ln94' <Predicate = (!icmp_ln94)> <Delay = 1.58>
ST_2 : Operation 31 [1/1] (0.00ns)   --->   "%ret_ln142 = ret" [/home/idec/work/ai_fpga/codes/Deep_Learning_Routines/v1.4.1/src/convolution_2d.hpp:142]   --->   Operation 31 'ret' 'ret_ln142' <Predicate = (icmp_ln94)> <Delay = 0.00>

State 3 <SV = 2> <Delay = 2.32>
ST_3 : Operation 32 [1/2] (2.32ns)   --->   "%B = load i3 %conv1_bias_addr" [/home/idec/work/ai_fpga/codes/Deep_Learning_Routines/v1.4.1/src/convolution_2d.hpp:95]   --->   Operation 32 'load' 'B' <Predicate = true> <Delay = 2.32> <CoreInst = "ROM">   --->   Core 95 'ROM' <Latency = 1> <II = 1> <Delay = 2.32> <Storage> <Opcode : 'load'> <Ports = 0> <Width = 32> <Depth = 6> <ROM>
ST_3 : Operation 33 [2/2] (0.00ns)   --->   "%call_ln94 = call void @Convolution2d<float>_Pipeline_VITIS_LOOP_97_2_VITIS_LOOP_98_3, i12 %phi_mul186_load, i32 %out_data, i32 %B" [/home/idec/work/ai_fpga/codes/Deep_Learning_Routines/v1.4.1/src/convolution_2d.hpp:94]   --->   Operation 33 'call' 'call_ln94' <Predicate = true> <Delay = 0.00> <CoreType = "Generic">   --->   Core 0 '' <Latency = 0> <II = 1> <Delay = 1.00> <Generic> <Opcode : >

State 4 <SV = 3> <Delay = 5.16>
ST_4 : Operation 34 [1/2] (0.00ns)   --->   "%call_ln94 = call void @Convolution2d<float>_Pipeline_VITIS_LOOP_97_2_VITIS_LOOP_98_3, i12 %phi_mul186_load, i32 %out_data, i32 %B" [/home/idec/work/ai_fpga/codes/Deep_Learning_Routines/v1.4.1/src/convolution_2d.hpp:94]   --->   Operation 34 'call' 'call_ln94' <Predicate = true> <Delay = 0.00> <CoreType = "Generic">   --->   Core 0 '' <Latency = 0> <II = 1> <Delay = 1.00> <Generic> <Opcode : >
ST_4 : Operation 35 [1/1] (0.00ns)   --->   "%zext_ln123 = zext i8 %phi_mul_load" [/home/idec/work/ai_fpga/codes/Deep_Learning_Routines/v1.4.1/src/convolution_2d.hpp:123]   --->   Operation 35 'zext' 'zext_ln123' <Predicate = true> <Delay = 0.00>
ST_4 : Operation 36 [1/1] (0.00ns)   --->   "%trunc_ln123 = trunc i8 %phi_mul_load" [/home/idec/work/ai_fpga/codes/Deep_Learning_Routines/v1.4.1/src/convolution_2d.hpp:123]   --->   Operation 36 'trunc' 'trunc_ln123' <Predicate = true> <Delay = 0.00>
ST_4 : Operation 37 [1/1] (0.00ns)   --->   "%conv1_weight_addr = getelementptr i32 %conv1_weight, i32 0, i32 %zext_ln123" [/home/idec/work/ai_fpga/codes/Deep_Learning_Routines/v1.4.1/src/convolution_2d.hpp:123]   --->   Operation 37 'getelementptr' 'conv1_weight_addr' <Predicate = true> <Delay = 0.00>
ST_4 : Operation 38 [2/2] (3.25ns)   --->   "%conv1_weight_load = load i8 %conv1_weight_addr" [/home/idec/work/ai_fpga/codes/Deep_Learning_Routines/v1.4.1/src/convolution_2d.hpp:127]   --->   Operation 38 'load' 'conv1_weight_load' <Predicate = true> <Delay = 3.25> <CoreInst = "ROM">   --->   Core 95 'ROM' <Latency = 1> <II = 1> <Delay = 3.25> <Storage> <Opcode : 'load'> <Ports = 0> <Width = 32> <Depth = 150> <ROM>
ST_4 : Operation 39 [1/1] (1.87ns)   --->   "%add_ln123 = add i7 %trunc_ln123, i7 1" [/home/idec/work/ai_fpga/codes/Deep_Learning_Routines/v1.4.1/src/convolution_2d.hpp:123]   --->   Operation 39 'add' 'add_ln123' <Predicate = true> <Delay = 1.87> <CoreInst = "Adder">   --->   Core 1 'Adder' <Latency = 0> <II = 1> <Delay = 1.91> <FuncUnit> <Opcode : 'add' 'sub'> <InPorts = 2> <OutPorts = 1>
ST_4 : Operation 40 [1/1] (0.00ns)   --->   "%zext_ln123_1 = zext i7 %add_ln123" [/home/idec/work/ai_fpga/codes/Deep_Learning_Routines/v1.4.1/src/convolution_2d.hpp:123]   --->   Operation 40 'zext' 'zext_ln123_1' <Predicate = true> <Delay = 0.00>
ST_4 : Operation 41 [1/1] (0.00ns)   --->   "%conv1_weight_addr_1 = getelementptr i32 %conv1_weight, i32 0, i32 %zext_ln123_1" [/home/idec/work/ai_fpga/codes/Deep_Learning_Routines/v1.4.1/src/convolution_2d.hpp:123]   --->   Operation 41 'getelementptr' 'conv1_weight_addr_1' <Predicate = true> <Delay = 0.00>
ST_4 : Operation 42 [2/2] (3.25ns)   --->   "%conv1_weight_load_1 = load i8 %conv1_weight_addr_1" [/home/idec/work/ai_fpga/codes/Deep_Learning_Routines/v1.4.1/src/convolution_2d.hpp:127]   --->   Operation 42 'load' 'conv1_weight_load_1' <Predicate = true> <Delay = 3.25> <CoreInst = "ROM">   --->   Core 95 'ROM' <Latency = 1> <II = 1> <Delay = 3.25> <Storage> <Opcode : 'load'> <Ports = 0> <Width = 32> <Depth = 150> <ROM>
ST_4 : Operation 43 [1/1] (1.87ns)   --->   "%add_ln123_1 = add i7 %trunc_ln123, i7 2" [/home/idec/work/ai_fpga/codes/Deep_Learning_Routines/v1.4.1/src/convolution_2d.hpp:123]   --->   Operation 43 'add' 'add_ln123_1' <Predicate = true> <Delay = 1.87> <CoreInst = "Adder">   --->   Core 1 'Adder' <Latency = 0> <II = 1> <Delay = 1.91> <FuncUnit> <Opcode : 'add' 'sub'> <InPorts = 2> <OutPorts = 1>
ST_4 : Operation 44 [1/1] (0.00ns)   --->   "%zext_ln123_2 = zext i7 %add_ln123_1" [/home/idec/work/ai_fpga/codes/Deep_Learning_Routines/v1.4.1/src/convolution_2d.hpp:123]   --->   Operation 44 'zext' 'zext_ln123_2' <Predicate = true> <Delay = 0.00>
ST_4 : Operation 45 [1/1] (0.00ns)   --->   "%conv1_weight_addr_2 = getelementptr i32 %conv1_weight, i32 0, i32 %zext_ln123_2" [/home/idec/work/ai_fpga/codes/Deep_Learning_Routines/v1.4.1/src/convolution_2d.hpp:123]   --->   Operation 45 'getelementptr' 'conv1_weight_addr_2' <Predicate = true> <Delay = 0.00>
ST_4 : Operation 46 [2/2] (3.25ns)   --->   "%conv1_weight_load_2 = load i8 %conv1_weight_addr_2" [/home/idec/work/ai_fpga/codes/Deep_Learning_Routines/v1.4.1/src/convolution_2d.hpp:127]   --->   Operation 46 'load' 'conv1_weight_load_2' <Predicate = true> <Delay = 3.25> <CoreInst = "ROM">   --->   Core 95 'ROM' <Latency = 1> <II = 1> <Delay = 3.25> <Storage> <Opcode : 'load'> <Ports = 0> <Width = 32> <Depth = 150> <ROM>
ST_4 : Operation 47 [1/1] (1.91ns)   --->   "%add_ln123_2 = add i8 %phi_mul_load, i8 3" [/home/idec/work/ai_fpga/codes/Deep_Learning_Routines/v1.4.1/src/convolution_2d.hpp:123]   --->   Operation 47 'add' 'add_ln123_2' <Predicate = true> <Delay = 1.91> <CoreInst = "Adder">   --->   Core 1 'Adder' <Latency = 0> <II = 1> <Delay = 1.91> <FuncUnit> <Opcode : 'add' 'sub'> <InPorts = 2> <OutPorts = 1>
ST_4 : Operation 48 [1/1] (0.00ns)   --->   "%zext_ln123_3 = zext i8 %add_ln123_2" [/home/idec/work/ai_fpga/codes/Deep_Learning_Routines/v1.4.1/src/convolution_2d.hpp:123]   --->   Operation 48 'zext' 'zext_ln123_3' <Predicate = true> <Delay = 0.00>
ST_4 : Operation 49 [1/1] (0.00ns)   --->   "%conv1_weight_addr_3 = getelementptr i32 %conv1_weight, i32 0, i32 %zext_ln123_3" [/home/idec/work/ai_fpga/codes/Deep_Learning_Routines/v1.4.1/src/convolution_2d.hpp:123]   --->   Operation 49 'getelementptr' 'conv1_weight_addr_3' <Predicate = true> <Delay = 0.00>
ST_4 : Operation 50 [2/2] (3.25ns)   --->   "%conv1_weight_load_3 = load i8 %conv1_weight_addr_3" [/home/idec/work/ai_fpga/codes/Deep_Learning_Routines/v1.4.1/src/convolution_2d.hpp:127]   --->   Operation 50 'load' 'conv1_weight_load_3' <Predicate = true> <Delay = 3.25> <CoreInst = "ROM">   --->   Core 95 'ROM' <Latency = 1> <II = 1> <Delay = 3.25> <Storage> <Opcode : 'load'> <Ports = 0> <Width = 32> <Depth = 150> <ROM>
ST_4 : Operation 51 [1/1] (1.91ns)   --->   "%add_ln123_3 = add i8 %phi_mul_load, i8 4" [/home/idec/work/ai_fpga/codes/Deep_Learning_Routines/v1.4.1/src/convolution_2d.hpp:123]   --->   Operation 51 'add' 'add_ln123_3' <Predicate = true> <Delay = 1.91> <CoreInst = "Adder">   --->   Core 1 'Adder' <Latency = 0> <II = 1> <Delay = 1.91> <FuncUnit> <Opcode : 'add' 'sub'> <InPorts = 2> <OutPorts = 1>
ST_4 : Operation 52 [1/1] (0.00ns)   --->   "%zext_ln123_4 = zext i8 %add_ln123_3" [/home/idec/work/ai_fpga/codes/Deep_Learning_Routines/v1.4.1/src/convolution_2d.hpp:123]   --->   Operation 52 'zext' 'zext_ln123_4' <Predicate = true> <Delay = 0.00>
ST_4 : Operation 53 [1/1] (0.00ns)   --->   "%conv1_weight_addr_4 = getelementptr i32 %conv1_weight, i32 0, i32 %zext_ln123_4" [/home/idec/work/ai_fpga/codes/Deep_Learning_Routines/v1.4.1/src/convolution_2d.hpp:123]   --->   Operation 53 'getelementptr' 'conv1_weight_addr_4' <Predicate = true> <Delay = 0.00>
ST_4 : Operation 54 [2/2] (3.25ns)   --->   "%conv1_weight_load_4 = load i8 %conv1_weight_addr_4" [/home/idec/work/ai_fpga/codes/Deep_Learning_Routines/v1.4.1/src/convolution_2d.hpp:127]   --->   Operation 54 'load' 'conv1_weight_load_4' <Predicate = true> <Delay = 3.25> <CoreInst = "ROM">   --->   Core 95 'ROM' <Latency = 1> <II = 1> <Delay = 3.25> <Storage> <Opcode : 'load'> <Ports = 0> <Width = 32> <Depth = 150> <ROM>
ST_4 : Operation 55 [1/1] (1.91ns)   --->   "%add_ln123_4 = add i8 %phi_mul_load, i8 5" [/home/idec/work/ai_fpga/codes/Deep_Learning_Routines/v1.4.1/src/convolution_2d.hpp:123]   --->   Operation 55 'add' 'add_ln123_4' <Predicate = true> <Delay = 1.91> <CoreInst = "Adder">   --->   Core 1 'Adder' <Latency = 0> <II = 1> <Delay = 1.91> <FuncUnit> <Opcode : 'add' 'sub'> <InPorts = 2> <OutPorts = 1>
ST_4 : Operation 56 [1/1] (0.00ns)   --->   "%zext_ln123_5 = zext i8 %add_ln123_4" [/home/idec/work/ai_fpga/codes/Deep_Learning_Routines/v1.4.1/src/convolution_2d.hpp:123]   --->   Operation 56 'zext' 'zext_ln123_5' <Predicate = true> <Delay = 0.00>
ST_4 : Operation 57 [1/1] (0.00ns)   --->   "%conv1_weight_addr_5 = getelementptr i32 %conv1_weight, i32 0, i32 %zext_ln123_5" [/home/idec/work/ai_fpga/codes/Deep_Learning_Routines/v1.4.1/src/convolution_2d.hpp:123]   --->   Operation 57 'getelementptr' 'conv1_weight_addr_5' <Predicate = true> <Delay = 0.00>
ST_4 : Operation 58 [2/2] (3.25ns)   --->   "%conv1_weight_load_5 = load i8 %conv1_weight_addr_5" [/home/idec/work/ai_fpga/codes/Deep_Learning_Routines/v1.4.1/src/convolution_2d.hpp:127]   --->   Operation 58 'load' 'conv1_weight_load_5' <Predicate = true> <Delay = 3.25> <CoreInst = "ROM">   --->   Core 95 'ROM' <Latency = 1> <II = 1> <Delay = 3.25> <Storage> <Opcode : 'load'> <Ports = 0> <Width = 32> <Depth = 150> <ROM>
ST_4 : Operation 59 [1/1] (1.91ns)   --->   "%add_ln123_5 = add i8 %phi_mul_load, i8 6" [/home/idec/work/ai_fpga/codes/Deep_Learning_Routines/v1.4.1/src/convolution_2d.hpp:123]   --->   Operation 59 'add' 'add_ln123_5' <Predicate = true> <Delay = 1.91> <CoreInst = "Adder">   --->   Core 1 'Adder' <Latency = 0> <II = 1> <Delay = 1.91> <FuncUnit> <Opcode : 'add' 'sub'> <InPorts = 2> <OutPorts = 1>
ST_4 : Operation 60 [1/1] (0.00ns)   --->   "%zext_ln123_6 = zext i8 %add_ln123_5" [/home/idec/work/ai_fpga/codes/Deep_Learning_Routines/v1.4.1/src/convolution_2d.hpp:123]   --->   Operation 60 'zext' 'zext_ln123_6' <Predicate = true> <Delay = 0.00>
ST_4 : Operation 61 [1/1] (0.00ns)   --->   "%conv1_weight_addr_6 = getelementptr i32 %conv1_weight, i32 0, i32 %zext_ln123_6" [/home/idec/work/ai_fpga/codes/Deep_Learning_Routines/v1.4.1/src/convolution_2d.hpp:123]   --->   Operation 61 'getelementptr' 'conv1_weight_addr_6' <Predicate = true> <Delay = 0.00>
ST_4 : Operation 62 [2/2] (3.25ns)   --->   "%conv1_weight_load_6 = load i8 %conv1_weight_addr_6" [/home/idec/work/ai_fpga/codes/Deep_Learning_Routines/v1.4.1/src/convolution_2d.hpp:127]   --->   Operation 62 'load' 'conv1_weight_load_6' <Predicate = true> <Delay = 3.25> <CoreInst = "ROM">   --->   Core 95 'ROM' <Latency = 1> <II = 1> <Delay = 3.25> <Storage> <Opcode : 'load'> <Ports = 0> <Width = 32> <Depth = 150> <ROM>
ST_4 : Operation 63 [1/1] (1.91ns)   --->   "%add_ln123_6 = add i8 %phi_mul_load, i8 7" [/home/idec/work/ai_fpga/codes/Deep_Learning_Routines/v1.4.1/src/convolution_2d.hpp:123]   --->   Operation 63 'add' 'add_ln123_6' <Predicate = true> <Delay = 1.91> <CoreInst = "Adder">   --->   Core 1 'Adder' <Latency = 0> <II = 1> <Delay = 1.91> <FuncUnit> <Opcode : 'add' 'sub'> <InPorts = 2> <OutPorts = 1>
ST_4 : Operation 64 [1/1] (0.00ns)   --->   "%zext_ln123_7 = zext i8 %add_ln123_6" [/home/idec/work/ai_fpga/codes/Deep_Learning_Routines/v1.4.1/src/convolution_2d.hpp:123]   --->   Operation 64 'zext' 'zext_ln123_7' <Predicate = true> <Delay = 0.00>
ST_4 : Operation 65 [1/1] (0.00ns)   --->   "%conv1_weight_addr_7 = getelementptr i32 %conv1_weight, i32 0, i32 %zext_ln123_7" [/home/idec/work/ai_fpga/codes/Deep_Learning_Routines/v1.4.1/src/convolution_2d.hpp:123]   --->   Operation 65 'getelementptr' 'conv1_weight_addr_7' <Predicate = true> <Delay = 0.00>
ST_4 : Operation 66 [2/2] (3.25ns)   --->   "%conv1_weight_load_7 = load i8 %conv1_weight_addr_7" [/home/idec/work/ai_fpga/codes/Deep_Learning_Routines/v1.4.1/src/convolution_2d.hpp:127]   --->   Operation 66 'load' 'conv1_weight_load_7' <Predicate = true> <Delay = 3.25> <CoreInst = "ROM">   --->   Core 95 'ROM' <Latency = 1> <II = 1> <Delay = 3.25> <Storage> <Opcode : 'load'> <Ports = 0> <Width = 32> <Depth = 150> <ROM>
ST_4 : Operation 67 [1/1] (1.91ns)   --->   "%add_ln123_7 = add i8 %phi_mul_load, i8 8" [/home/idec/work/ai_fpga/codes/Deep_Learning_Routines/v1.4.1/src/convolution_2d.hpp:123]   --->   Operation 67 'add' 'add_ln123_7' <Predicate = true> <Delay = 1.91> <CoreInst = "Adder">   --->   Core 1 'Adder' <Latency = 0> <II = 1> <Delay = 1.91> <FuncUnit> <Opcode : 'add' 'sub'> <InPorts = 2> <OutPorts = 1>
ST_4 : Operation 68 [1/1] (0.00ns)   --->   "%zext_ln123_8 = zext i8 %add_ln123_7" [/home/idec/work/ai_fpga/codes/Deep_Learning_Routines/v1.4.1/src/convolution_2d.hpp:123]   --->   Operation 68 'zext' 'zext_ln123_8' <Predicate = true> <Delay = 0.00>
ST_4 : Operation 69 [1/1] (0.00ns)   --->   "%conv1_weight_addr_8 = getelementptr i32 %conv1_weight, i32 0, i32 %zext_ln123_8" [/home/idec/work/ai_fpga/codes/Deep_Learning_Routines/v1.4.1/src/convolution_2d.hpp:123]   --->   Operation 69 'getelementptr' 'conv1_weight_addr_8' <Predicate = true> <Delay = 0.00>
ST_4 : Operation 70 [2/2] (3.25ns)   --->   "%conv1_weight_load_8 = load i8 %conv1_weight_addr_8" [/home/idec/work/ai_fpga/codes/Deep_Learning_Routines/v1.4.1/src/convolution_2d.hpp:127]   --->   Operation 70 'load' 'conv1_weight_load_8' <Predicate = true> <Delay = 3.25> <CoreInst = "ROM">   --->   Core 95 'ROM' <Latency = 1> <II = 1> <Delay = 3.25> <Storage> <Opcode : 'load'> <Ports = 0> <Width = 32> <Depth = 150> <ROM>
ST_4 : Operation 71 [1/1] (1.91ns)   --->   "%add_ln123_8 = add i8 %phi_mul_load, i8 9" [/home/idec/work/ai_fpga/codes/Deep_Learning_Routines/v1.4.1/src/convolution_2d.hpp:123]   --->   Operation 71 'add' 'add_ln123_8' <Predicate = true> <Delay = 1.91> <CoreInst = "Adder">   --->   Core 1 'Adder' <Latency = 0> <II = 1> <Delay = 1.91> <FuncUnit> <Opcode : 'add' 'sub'> <InPorts = 2> <OutPorts = 1>
ST_4 : Operation 72 [1/1] (0.00ns)   --->   "%zext_ln123_9 = zext i8 %add_ln123_8" [/home/idec/work/ai_fpga/codes/Deep_Learning_Routines/v1.4.1/src/convolution_2d.hpp:123]   --->   Operation 72 'zext' 'zext_ln123_9' <Predicate = true> <Delay = 0.00>
ST_4 : Operation 73 [1/1] (0.00ns)   --->   "%conv1_weight_addr_9 = getelementptr i32 %conv1_weight, i32 0, i32 %zext_ln123_9" [/home/idec/work/ai_fpga/codes/Deep_Learning_Routines/v1.4.1/src/convolution_2d.hpp:123]   --->   Operation 73 'getelementptr' 'conv1_weight_addr_9' <Predicate = true> <Delay = 0.00>
ST_4 : Operation 74 [2/2] (3.25ns)   --->   "%conv1_weight_load_9 = load i8 %conv1_weight_addr_9" [/home/idec/work/ai_fpga/codes/Deep_Learning_Routines/v1.4.1/src/convolution_2d.hpp:127]   --->   Operation 74 'load' 'conv1_weight_load_9' <Predicate = true> <Delay = 3.25> <CoreInst = "ROM">   --->   Core 95 'ROM' <Latency = 1> <II = 1> <Delay = 3.25> <Storage> <Opcode : 'load'> <Ports = 0> <Width = 32> <Depth = 150> <ROM>
ST_4 : Operation 75 [1/1] (1.91ns)   --->   "%add_ln123_9 = add i8 %phi_mul_load, i8 10" [/home/idec/work/ai_fpga/codes/Deep_Learning_Routines/v1.4.1/src/convolution_2d.hpp:123]   --->   Operation 75 'add' 'add_ln123_9' <Predicate = true> <Delay = 1.91> <CoreInst = "Adder">   --->   Core 1 'Adder' <Latency = 0> <II = 1> <Delay = 1.91> <FuncUnit> <Opcode : 'add' 'sub'> <InPorts = 2> <OutPorts = 1>
ST_4 : Operation 76 [1/1] (0.00ns)   --->   "%zext_ln123_10 = zext i8 %add_ln123_9" [/home/idec/work/ai_fpga/codes/Deep_Learning_Routines/v1.4.1/src/convolution_2d.hpp:123]   --->   Operation 76 'zext' 'zext_ln123_10' <Predicate = true> <Delay = 0.00>
ST_4 : Operation 77 [1/1] (0.00ns)   --->   "%conv1_weight_addr_10 = getelementptr i32 %conv1_weight, i32 0, i32 %zext_ln123_10" [/home/idec/work/ai_fpga/codes/Deep_Learning_Routines/v1.4.1/src/convolution_2d.hpp:123]   --->   Operation 77 'getelementptr' 'conv1_weight_addr_10' <Predicate = true> <Delay = 0.00>
ST_4 : Operation 78 [2/2] (3.25ns)   --->   "%conv1_weight_load_10 = load i8 %conv1_weight_addr_10" [/home/idec/work/ai_fpga/codes/Deep_Learning_Routines/v1.4.1/src/convolution_2d.hpp:127]   --->   Operation 78 'load' 'conv1_weight_load_10' <Predicate = true> <Delay = 3.25> <CoreInst = "ROM">   --->   Core 95 'ROM' <Latency = 1> <II = 1> <Delay = 3.25> <Storage> <Opcode : 'load'> <Ports = 0> <Width = 32> <Depth = 150> <ROM>
ST_4 : Operation 79 [1/1] (1.91ns)   --->   "%add_ln123_10 = add i8 %phi_mul_load, i8 11" [/home/idec/work/ai_fpga/codes/Deep_Learning_Routines/v1.4.1/src/convolution_2d.hpp:123]   --->   Operation 79 'add' 'add_ln123_10' <Predicate = true> <Delay = 1.91> <CoreInst = "Adder">   --->   Core 1 'Adder' <Latency = 0> <II = 1> <Delay = 1.91> <FuncUnit> <Opcode : 'add' 'sub'> <InPorts = 2> <OutPorts = 1>
ST_4 : Operation 80 [1/1] (0.00ns)   --->   "%zext_ln123_11 = zext i8 %add_ln123_10" [/home/idec/work/ai_fpga/codes/Deep_Learning_Routines/v1.4.1/src/convolution_2d.hpp:123]   --->   Operation 80 'zext' 'zext_ln123_11' <Predicate = true> <Delay = 0.00>
ST_4 : Operation 81 [1/1] (0.00ns)   --->   "%conv1_weight_addr_11 = getelementptr i32 %conv1_weight, i32 0, i32 %zext_ln123_11" [/home/idec/work/ai_fpga/codes/Deep_Learning_Routines/v1.4.1/src/convolution_2d.hpp:123]   --->   Operation 81 'getelementptr' 'conv1_weight_addr_11' <Predicate = true> <Delay = 0.00>
ST_4 : Operation 82 [2/2] (3.25ns)   --->   "%conv1_weight_load_11 = load i8 %conv1_weight_addr_11" [/home/idec/work/ai_fpga/codes/Deep_Learning_Routines/v1.4.1/src/convolution_2d.hpp:127]   --->   Operation 82 'load' 'conv1_weight_load_11' <Predicate = true> <Delay = 3.25> <CoreInst = "ROM">   --->   Core 95 'ROM' <Latency = 1> <II = 1> <Delay = 3.25> <Storage> <Opcode : 'load'> <Ports = 0> <Width = 32> <Depth = 150> <ROM>
ST_4 : Operation 83 [1/1] (1.91ns)   --->   "%add_ln123_11 = add i8 %phi_mul_load, i8 12" [/home/idec/work/ai_fpga/codes/Deep_Learning_Routines/v1.4.1/src/convolution_2d.hpp:123]   --->   Operation 83 'add' 'add_ln123_11' <Predicate = true> <Delay = 1.91> <CoreInst = "Adder">   --->   Core 1 'Adder' <Latency = 0> <II = 1> <Delay = 1.91> <FuncUnit> <Opcode : 'add' 'sub'> <InPorts = 2> <OutPorts = 1>
ST_4 : Operation 84 [1/1] (0.00ns)   --->   "%zext_ln123_12 = zext i8 %add_ln123_11" [/home/idec/work/ai_fpga/codes/Deep_Learning_Routines/v1.4.1/src/convolution_2d.hpp:123]   --->   Operation 84 'zext' 'zext_ln123_12' <Predicate = true> <Delay = 0.00>
ST_4 : Operation 85 [1/1] (0.00ns)   --->   "%conv1_weight_addr_12 = getelementptr i32 %conv1_weight, i32 0, i32 %zext_ln123_12" [/home/idec/work/ai_fpga/codes/Deep_Learning_Routines/v1.4.1/src/convolution_2d.hpp:123]   --->   Operation 85 'getelementptr' 'conv1_weight_addr_12' <Predicate = true> <Delay = 0.00>
ST_4 : Operation 86 [2/2] (3.25ns)   --->   "%conv1_weight_load_12 = load i8 %conv1_weight_addr_12" [/home/idec/work/ai_fpga/codes/Deep_Learning_Routines/v1.4.1/src/convolution_2d.hpp:127]   --->   Operation 86 'load' 'conv1_weight_load_12' <Predicate = true> <Delay = 3.25> <CoreInst = "ROM">   --->   Core 95 'ROM' <Latency = 1> <II = 1> <Delay = 3.25> <Storage> <Opcode : 'load'> <Ports = 0> <Width = 32> <Depth = 150> <ROM>
ST_4 : Operation 87 [1/1] (1.91ns)   --->   "%add_ln123_12 = add i8 %phi_mul_load, i8 13" [/home/idec/work/ai_fpga/codes/Deep_Learning_Routines/v1.4.1/src/convolution_2d.hpp:123]   --->   Operation 87 'add' 'add_ln123_12' <Predicate = true> <Delay = 1.91> <CoreInst = "Adder">   --->   Core 1 'Adder' <Latency = 0> <II = 1> <Delay = 1.91> <FuncUnit> <Opcode : 'add' 'sub'> <InPorts = 2> <OutPorts = 1>
ST_4 : Operation 88 [1/1] (0.00ns)   --->   "%zext_ln123_13 = zext i8 %add_ln123_12" [/home/idec/work/ai_fpga/codes/Deep_Learning_Routines/v1.4.1/src/convolution_2d.hpp:123]   --->   Operation 88 'zext' 'zext_ln123_13' <Predicate = true> <Delay = 0.00>
ST_4 : Operation 89 [1/1] (0.00ns)   --->   "%conv1_weight_addr_13 = getelementptr i32 %conv1_weight, i32 0, i32 %zext_ln123_13" [/home/idec/work/ai_fpga/codes/Deep_Learning_Routines/v1.4.1/src/convolution_2d.hpp:123]   --->   Operation 89 'getelementptr' 'conv1_weight_addr_13' <Predicate = true> <Delay = 0.00>
ST_4 : Operation 90 [2/2] (3.25ns)   --->   "%conv1_weight_load_13 = load i8 %conv1_weight_addr_13" [/home/idec/work/ai_fpga/codes/Deep_Learning_Routines/v1.4.1/src/convolution_2d.hpp:127]   --->   Operation 90 'load' 'conv1_weight_load_13' <Predicate = true> <Delay = 3.25> <CoreInst = "ROM">   --->   Core 95 'ROM' <Latency = 1> <II = 1> <Delay = 3.25> <Storage> <Opcode : 'load'> <Ports = 0> <Width = 32> <Depth = 150> <ROM>
ST_4 : Operation 91 [1/1] (1.91ns)   --->   "%add_ln123_13 = add i8 %phi_mul_load, i8 14" [/home/idec/work/ai_fpga/codes/Deep_Learning_Routines/v1.4.1/src/convolution_2d.hpp:123]   --->   Operation 91 'add' 'add_ln123_13' <Predicate = true> <Delay = 1.91> <CoreInst = "Adder">   --->   Core 1 'Adder' <Latency = 0> <II = 1> <Delay = 1.91> <FuncUnit> <Opcode : 'add' 'sub'> <InPorts = 2> <OutPorts = 1>
ST_4 : Operation 92 [1/1] (0.00ns)   --->   "%zext_ln123_14 = zext i8 %add_ln123_13" [/home/idec/work/ai_fpga/codes/Deep_Learning_Routines/v1.4.1/src/convolution_2d.hpp:123]   --->   Operation 92 'zext' 'zext_ln123_14' <Predicate = true> <Delay = 0.00>
ST_4 : Operation 93 [1/1] (0.00ns)   --->   "%conv1_weight_addr_14 = getelementptr i32 %conv1_weight, i32 0, i32 %zext_ln123_14" [/home/idec/work/ai_fpga/codes/Deep_Learning_Routines/v1.4.1/src/convolution_2d.hpp:123]   --->   Operation 93 'getelementptr' 'conv1_weight_addr_14' <Predicate = true> <Delay = 0.00>
ST_4 : Operation 94 [2/2] (3.25ns)   --->   "%conv1_weight_load_14 = load i8 %conv1_weight_addr_14" [/home/idec/work/ai_fpga/codes/Deep_Learning_Routines/v1.4.1/src/convolution_2d.hpp:127]   --->   Operation 94 'load' 'conv1_weight_load_14' <Predicate = true> <Delay = 3.25> <CoreInst = "ROM">   --->   Core 95 'ROM' <Latency = 1> <II = 1> <Delay = 3.25> <Storage> <Opcode : 'load'> <Ports = 0> <Width = 32> <Depth = 150> <ROM>
ST_4 : Operation 95 [1/1] (1.91ns)   --->   "%add_ln123_14 = add i8 %phi_mul_load, i8 15" [/home/idec/work/ai_fpga/codes/Deep_Learning_Routines/v1.4.1/src/convolution_2d.hpp:123]   --->   Operation 95 'add' 'add_ln123_14' <Predicate = true> <Delay = 1.91> <CoreInst = "Adder">   --->   Core 1 'Adder' <Latency = 0> <II = 1> <Delay = 1.91> <FuncUnit> <Opcode : 'add' 'sub'> <InPorts = 2> <OutPorts = 1>
ST_4 : Operation 96 [1/1] (0.00ns)   --->   "%zext_ln123_15 = zext i8 %add_ln123_14" [/home/idec/work/ai_fpga/codes/Deep_Learning_Routines/v1.4.1/src/convolution_2d.hpp:123]   --->   Operation 96 'zext' 'zext_ln123_15' <Predicate = true> <Delay = 0.00>
ST_4 : Operation 97 [1/1] (0.00ns)   --->   "%conv1_weight_addr_15 = getelementptr i32 %conv1_weight, i32 0, i32 %zext_ln123_15" [/home/idec/work/ai_fpga/codes/Deep_Learning_Routines/v1.4.1/src/convolution_2d.hpp:123]   --->   Operation 97 'getelementptr' 'conv1_weight_addr_15' <Predicate = true> <Delay = 0.00>
ST_4 : Operation 98 [2/2] (3.25ns)   --->   "%conv1_weight_load_15 = load i8 %conv1_weight_addr_15" [/home/idec/work/ai_fpga/codes/Deep_Learning_Routines/v1.4.1/src/convolution_2d.hpp:127]   --->   Operation 98 'load' 'conv1_weight_load_15' <Predicate = true> <Delay = 3.25> <CoreInst = "ROM">   --->   Core 95 'ROM' <Latency = 1> <II = 1> <Delay = 3.25> <Storage> <Opcode : 'load'> <Ports = 0> <Width = 32> <Depth = 150> <ROM>
ST_4 : Operation 99 [1/1] (1.91ns)   --->   "%add_ln123_15 = add i8 %phi_mul_load, i8 16" [/home/idec/work/ai_fpga/codes/Deep_Learning_Routines/v1.4.1/src/convolution_2d.hpp:123]   --->   Operation 99 'add' 'add_ln123_15' <Predicate = true> <Delay = 1.91> <CoreInst = "Adder">   --->   Core 1 'Adder' <Latency = 0> <II = 1> <Delay = 1.91> <FuncUnit> <Opcode : 'add' 'sub'> <InPorts = 2> <OutPorts = 1>
ST_4 : Operation 100 [1/1] (0.00ns)   --->   "%zext_ln123_16 = zext i8 %add_ln123_15" [/home/idec/work/ai_fpga/codes/Deep_Learning_Routines/v1.4.1/src/convolution_2d.hpp:123]   --->   Operation 100 'zext' 'zext_ln123_16' <Predicate = true> <Delay = 0.00>
ST_4 : Operation 101 [1/1] (0.00ns)   --->   "%conv1_weight_addr_16 = getelementptr i32 %conv1_weight, i32 0, i32 %zext_ln123_16" [/home/idec/work/ai_fpga/codes/Deep_Learning_Routines/v1.4.1/src/convolution_2d.hpp:123]   --->   Operation 101 'getelementptr' 'conv1_weight_addr_16' <Predicate = true> <Delay = 0.00>
ST_4 : Operation 102 [2/2] (3.25ns)   --->   "%conv1_weight_load_16 = load i8 %conv1_weight_addr_16" [/home/idec/work/ai_fpga/codes/Deep_Learning_Routines/v1.4.1/src/convolution_2d.hpp:127]   --->   Operation 102 'load' 'conv1_weight_load_16' <Predicate = true> <Delay = 3.25> <CoreInst = "ROM">   --->   Core 95 'ROM' <Latency = 1> <II = 1> <Delay = 3.25> <Storage> <Opcode : 'load'> <Ports = 0> <Width = 32> <Depth = 150> <ROM>
ST_4 : Operation 103 [1/1] (1.91ns)   --->   "%add_ln123_16 = add i8 %phi_mul_load, i8 17" [/home/idec/work/ai_fpga/codes/Deep_Learning_Routines/v1.4.1/src/convolution_2d.hpp:123]   --->   Operation 103 'add' 'add_ln123_16' <Predicate = true> <Delay = 1.91> <CoreInst = "Adder">   --->   Core 1 'Adder' <Latency = 0> <II = 1> <Delay = 1.91> <FuncUnit> <Opcode : 'add' 'sub'> <InPorts = 2> <OutPorts = 1>
ST_4 : Operation 104 [1/1] (0.00ns)   --->   "%zext_ln123_17 = zext i8 %add_ln123_16" [/home/idec/work/ai_fpga/codes/Deep_Learning_Routines/v1.4.1/src/convolution_2d.hpp:123]   --->   Operation 104 'zext' 'zext_ln123_17' <Predicate = true> <Delay = 0.00>
ST_4 : Operation 105 [1/1] (0.00ns)   --->   "%conv1_weight_addr_17 = getelementptr i32 %conv1_weight, i32 0, i32 %zext_ln123_17" [/home/idec/work/ai_fpga/codes/Deep_Learning_Routines/v1.4.1/src/convolution_2d.hpp:123]   --->   Operation 105 'getelementptr' 'conv1_weight_addr_17' <Predicate = true> <Delay = 0.00>
ST_4 : Operation 106 [2/2] (3.25ns)   --->   "%conv1_weight_load_17 = load i8 %conv1_weight_addr_17" [/home/idec/work/ai_fpga/codes/Deep_Learning_Routines/v1.4.1/src/convolution_2d.hpp:127]   --->   Operation 106 'load' 'conv1_weight_load_17' <Predicate = true> <Delay = 3.25> <CoreInst = "ROM">   --->   Core 95 'ROM' <Latency = 1> <II = 1> <Delay = 3.25> <Storage> <Opcode : 'load'> <Ports = 0> <Width = 32> <Depth = 150> <ROM>
ST_4 : Operation 107 [1/1] (1.91ns)   --->   "%add_ln123_17 = add i8 %phi_mul_load, i8 18" [/home/idec/work/ai_fpga/codes/Deep_Learning_Routines/v1.4.1/src/convolution_2d.hpp:123]   --->   Operation 107 'add' 'add_ln123_17' <Predicate = true> <Delay = 1.91> <CoreInst = "Adder">   --->   Core 1 'Adder' <Latency = 0> <II = 1> <Delay = 1.91> <FuncUnit> <Opcode : 'add' 'sub'> <InPorts = 2> <OutPorts = 1>
ST_4 : Operation 108 [1/1] (0.00ns)   --->   "%zext_ln123_18 = zext i8 %add_ln123_17" [/home/idec/work/ai_fpga/codes/Deep_Learning_Routines/v1.4.1/src/convolution_2d.hpp:123]   --->   Operation 108 'zext' 'zext_ln123_18' <Predicate = true> <Delay = 0.00>
ST_4 : Operation 109 [1/1] (0.00ns)   --->   "%conv1_weight_addr_18 = getelementptr i32 %conv1_weight, i32 0, i32 %zext_ln123_18" [/home/idec/work/ai_fpga/codes/Deep_Learning_Routines/v1.4.1/src/convolution_2d.hpp:123]   --->   Operation 109 'getelementptr' 'conv1_weight_addr_18' <Predicate = true> <Delay = 0.00>
ST_4 : Operation 110 [2/2] (3.25ns)   --->   "%conv1_weight_load_18 = load i8 %conv1_weight_addr_18" [/home/idec/work/ai_fpga/codes/Deep_Learning_Routines/v1.4.1/src/convolution_2d.hpp:127]   --->   Operation 110 'load' 'conv1_weight_load_18' <Predicate = true> <Delay = 3.25> <CoreInst = "ROM">   --->   Core 95 'ROM' <Latency = 1> <II = 1> <Delay = 3.25> <Storage> <Opcode : 'load'> <Ports = 0> <Width = 32> <Depth = 150> <ROM>
ST_4 : Operation 111 [1/1] (1.91ns)   --->   "%add_ln123_18 = add i8 %phi_mul_load, i8 19" [/home/idec/work/ai_fpga/codes/Deep_Learning_Routines/v1.4.1/src/convolution_2d.hpp:123]   --->   Operation 111 'add' 'add_ln123_18' <Predicate = true> <Delay = 1.91> <CoreInst = "Adder">   --->   Core 1 'Adder' <Latency = 0> <II = 1> <Delay = 1.91> <FuncUnit> <Opcode : 'add' 'sub'> <InPorts = 2> <OutPorts = 1>
ST_4 : Operation 112 [1/1] (0.00ns)   --->   "%zext_ln123_19 = zext i8 %add_ln123_18" [/home/idec/work/ai_fpga/codes/Deep_Learning_Routines/v1.4.1/src/convolution_2d.hpp:123]   --->   Operation 112 'zext' 'zext_ln123_19' <Predicate = true> <Delay = 0.00>
ST_4 : Operation 113 [1/1] (0.00ns)   --->   "%conv1_weight_addr_19 = getelementptr i32 %conv1_weight, i32 0, i32 %zext_ln123_19" [/home/idec/work/ai_fpga/codes/Deep_Learning_Routines/v1.4.1/src/convolution_2d.hpp:123]   --->   Operation 113 'getelementptr' 'conv1_weight_addr_19' <Predicate = true> <Delay = 0.00>
ST_4 : Operation 114 [2/2] (3.25ns)   --->   "%conv1_weight_load_19 = load i8 %conv1_weight_addr_19" [/home/idec/work/ai_fpga/codes/Deep_Learning_Routines/v1.4.1/src/convolution_2d.hpp:127]   --->   Operation 114 'load' 'conv1_weight_load_19' <Predicate = true> <Delay = 3.25> <CoreInst = "ROM">   --->   Core 95 'ROM' <Latency = 1> <II = 1> <Delay = 3.25> <Storage> <Opcode : 'load'> <Ports = 0> <Width = 32> <Depth = 150> <ROM>
ST_4 : Operation 115 [1/1] (1.91ns)   --->   "%add_ln123_19 = add i8 %phi_mul_load, i8 20" [/home/idec/work/ai_fpga/codes/Deep_Learning_Routines/v1.4.1/src/convolution_2d.hpp:123]   --->   Operation 115 'add' 'add_ln123_19' <Predicate = true> <Delay = 1.91> <CoreInst = "Adder">   --->   Core 1 'Adder' <Latency = 0> <II = 1> <Delay = 1.91> <FuncUnit> <Opcode : 'add' 'sub'> <InPorts = 2> <OutPorts = 1>
ST_4 : Operation 116 [1/1] (0.00ns)   --->   "%zext_ln123_20 = zext i8 %add_ln123_19" [/home/idec/work/ai_fpga/codes/Deep_Learning_Routines/v1.4.1/src/convolution_2d.hpp:123]   --->   Operation 116 'zext' 'zext_ln123_20' <Predicate = true> <Delay = 0.00>
ST_4 : Operation 117 [1/1] (0.00ns)   --->   "%conv1_weight_addr_20 = getelementptr i32 %conv1_weight, i32 0, i32 %zext_ln123_20" [/home/idec/work/ai_fpga/codes/Deep_Learning_Routines/v1.4.1/src/convolution_2d.hpp:123]   --->   Operation 117 'getelementptr' 'conv1_weight_addr_20' <Predicate = true> <Delay = 0.00>
ST_4 : Operation 118 [2/2] (3.25ns)   --->   "%conv1_weight_load_20 = load i8 %conv1_weight_addr_20" [/home/idec/work/ai_fpga/codes/Deep_Learning_Routines/v1.4.1/src/convolution_2d.hpp:127]   --->   Operation 118 'load' 'conv1_weight_load_20' <Predicate = true> <Delay = 3.25> <CoreInst = "ROM">   --->   Core 95 'ROM' <Latency = 1> <II = 1> <Delay = 3.25> <Storage> <Opcode : 'load'> <Ports = 0> <Width = 32> <Depth = 150> <ROM>
ST_4 : Operation 119 [1/1] (1.91ns)   --->   "%add_ln123_20 = add i8 %phi_mul_load, i8 21" [/home/idec/work/ai_fpga/codes/Deep_Learning_Routines/v1.4.1/src/convolution_2d.hpp:123]   --->   Operation 119 'add' 'add_ln123_20' <Predicate = true> <Delay = 1.91> <CoreInst = "Adder">   --->   Core 1 'Adder' <Latency = 0> <II = 1> <Delay = 1.91> <FuncUnit> <Opcode : 'add' 'sub'> <InPorts = 2> <OutPorts = 1>
ST_4 : Operation 120 [1/1] (0.00ns)   --->   "%zext_ln123_21 = zext i8 %add_ln123_20" [/home/idec/work/ai_fpga/codes/Deep_Learning_Routines/v1.4.1/src/convolution_2d.hpp:123]   --->   Operation 120 'zext' 'zext_ln123_21' <Predicate = true> <Delay = 0.00>
ST_4 : Operation 121 [1/1] (0.00ns)   --->   "%conv1_weight_addr_21 = getelementptr i32 %conv1_weight, i32 0, i32 %zext_ln123_21" [/home/idec/work/ai_fpga/codes/Deep_Learning_Routines/v1.4.1/src/convolution_2d.hpp:123]   --->   Operation 121 'getelementptr' 'conv1_weight_addr_21' <Predicate = true> <Delay = 0.00>
ST_4 : Operation 122 [2/2] (3.25ns)   --->   "%conv1_weight_load_21 = load i8 %conv1_weight_addr_21" [/home/idec/work/ai_fpga/codes/Deep_Learning_Routines/v1.4.1/src/convolution_2d.hpp:127]   --->   Operation 122 'load' 'conv1_weight_load_21' <Predicate = true> <Delay = 3.25> <CoreInst = "ROM">   --->   Core 95 'ROM' <Latency = 1> <II = 1> <Delay = 3.25> <Storage> <Opcode : 'load'> <Ports = 0> <Width = 32> <Depth = 150> <ROM>
ST_4 : Operation 123 [1/1] (1.91ns)   --->   "%add_ln123_21 = add i8 %phi_mul_load, i8 22" [/home/idec/work/ai_fpga/codes/Deep_Learning_Routines/v1.4.1/src/convolution_2d.hpp:123]   --->   Operation 123 'add' 'add_ln123_21' <Predicate = true> <Delay = 1.91> <CoreInst = "Adder">   --->   Core 1 'Adder' <Latency = 0> <II = 1> <Delay = 1.91> <FuncUnit> <Opcode : 'add' 'sub'> <InPorts = 2> <OutPorts = 1>
ST_4 : Operation 124 [1/1] (0.00ns)   --->   "%zext_ln123_22 = zext i8 %add_ln123_21" [/home/idec/work/ai_fpga/codes/Deep_Learning_Routines/v1.4.1/src/convolution_2d.hpp:123]   --->   Operation 124 'zext' 'zext_ln123_22' <Predicate = true> <Delay = 0.00>
ST_4 : Operation 125 [1/1] (0.00ns)   --->   "%conv1_weight_addr_22 = getelementptr i32 %conv1_weight, i32 0, i32 %zext_ln123_22" [/home/idec/work/ai_fpga/codes/Deep_Learning_Routines/v1.4.1/src/convolution_2d.hpp:123]   --->   Operation 125 'getelementptr' 'conv1_weight_addr_22' <Predicate = true> <Delay = 0.00>
ST_4 : Operation 126 [2/2] (3.25ns)   --->   "%conv1_weight_load_22 = load i8 %conv1_weight_addr_22" [/home/idec/work/ai_fpga/codes/Deep_Learning_Routines/v1.4.1/src/convolution_2d.hpp:127]   --->   Operation 126 'load' 'conv1_weight_load_22' <Predicate = true> <Delay = 3.25> <CoreInst = "ROM">   --->   Core 95 'ROM' <Latency = 1> <II = 1> <Delay = 3.25> <Storage> <Opcode : 'load'> <Ports = 0> <Width = 32> <Depth = 150> <ROM>
ST_4 : Operation 127 [1/1] (1.91ns)   --->   "%add_ln123_22 = add i8 %phi_mul_load, i8 23" [/home/idec/work/ai_fpga/codes/Deep_Learning_Routines/v1.4.1/src/convolution_2d.hpp:123]   --->   Operation 127 'add' 'add_ln123_22' <Predicate = true> <Delay = 1.91> <CoreInst = "Adder">   --->   Core 1 'Adder' <Latency = 0> <II = 1> <Delay = 1.91> <FuncUnit> <Opcode : 'add' 'sub'> <InPorts = 2> <OutPorts = 1>
ST_4 : Operation 128 [1/1] (0.00ns)   --->   "%zext_ln123_23 = zext i8 %add_ln123_22" [/home/idec/work/ai_fpga/codes/Deep_Learning_Routines/v1.4.1/src/convolution_2d.hpp:123]   --->   Operation 128 'zext' 'zext_ln123_23' <Predicate = true> <Delay = 0.00>
ST_4 : Operation 129 [1/1] (0.00ns)   --->   "%conv1_weight_addr_23 = getelementptr i32 %conv1_weight, i32 0, i32 %zext_ln123_23" [/home/idec/work/ai_fpga/codes/Deep_Learning_Routines/v1.4.1/src/convolution_2d.hpp:123]   --->   Operation 129 'getelementptr' 'conv1_weight_addr_23' <Predicate = true> <Delay = 0.00>
ST_4 : Operation 130 [2/2] (3.25ns)   --->   "%conv1_weight_load_23 = load i8 %conv1_weight_addr_23" [/home/idec/work/ai_fpga/codes/Deep_Learning_Routines/v1.4.1/src/convolution_2d.hpp:127]   --->   Operation 130 'load' 'conv1_weight_load_23' <Predicate = true> <Delay = 3.25> <CoreInst = "ROM">   --->   Core 95 'ROM' <Latency = 1> <II = 1> <Delay = 3.25> <Storage> <Opcode : 'load'> <Ports = 0> <Width = 32> <Depth = 150> <ROM>
ST_4 : Operation 131 [1/1] (1.91ns)   --->   "%add_ln123_23 = add i8 %phi_mul_load, i8 24" [/home/idec/work/ai_fpga/codes/Deep_Learning_Routines/v1.4.1/src/convolution_2d.hpp:123]   --->   Operation 131 'add' 'add_ln123_23' <Predicate = true> <Delay = 1.91> <CoreInst = "Adder">   --->   Core 1 'Adder' <Latency = 0> <II = 1> <Delay = 1.91> <FuncUnit> <Opcode : 'add' 'sub'> <InPorts = 2> <OutPorts = 1>
ST_4 : Operation 132 [1/1] (0.00ns)   --->   "%zext_ln123_24 = zext i8 %add_ln123_23" [/home/idec/work/ai_fpga/codes/Deep_Learning_Routines/v1.4.1/src/convolution_2d.hpp:123]   --->   Operation 132 'zext' 'zext_ln123_24' <Predicate = true> <Delay = 0.00>
ST_4 : Operation 133 [1/1] (0.00ns)   --->   "%conv1_weight_addr_24 = getelementptr i32 %conv1_weight, i32 0, i32 %zext_ln123_24" [/home/idec/work/ai_fpga/codes/Deep_Learning_Routines/v1.4.1/src/convolution_2d.hpp:123]   --->   Operation 133 'getelementptr' 'conv1_weight_addr_24' <Predicate = true> <Delay = 0.00>
ST_4 : Operation 134 [2/2] (3.25ns)   --->   "%conv1_weight_load_24 = load i8 %conv1_weight_addr_24" [/home/idec/work/ai_fpga/codes/Deep_Learning_Routines/v1.4.1/src/convolution_2d.hpp:127]   --->   Operation 134 'load' 'conv1_weight_load_24' <Predicate = true> <Delay = 3.25> <CoreInst = "ROM">   --->   Core 95 'ROM' <Latency = 1> <II = 1> <Delay = 3.25> <Storage> <Opcode : 'load'> <Ports = 0> <Width = 32> <Depth = 150> <ROM>

State 5 <SV = 4> <Delay = 5.80>
ST_5 : Operation 135 [1/2] (3.25ns)   --->   "%conv1_weight_load = load i8 %conv1_weight_addr" [/home/idec/work/ai_fpga/codes/Deep_Learning_Routines/v1.4.1/src/convolution_2d.hpp:127]   --->   Operation 135 'load' 'conv1_weight_load' <Predicate = true> <Delay = 3.25> <CoreInst = "ROM">   --->   Core 95 'ROM' <Latency = 1> <II = 1> <Delay = 3.25> <Storage> <Opcode : 'load'> <Ports = 0> <Width = 32> <Depth = 150> <ROM>
ST_5 : Operation 136 [1/2] (3.25ns)   --->   "%conv1_weight_load_1 = load i8 %conv1_weight_addr_1" [/home/idec/work/ai_fpga/codes/Deep_Learning_Routines/v1.4.1/src/convolution_2d.hpp:127]   --->   Operation 136 'load' 'conv1_weight_load_1' <Predicate = true> <Delay = 3.25> <CoreInst = "ROM">   --->   Core 95 'ROM' <Latency = 1> <II = 1> <Delay = 3.25> <Storage> <Opcode : 'load'> <Ports = 0> <Width = 32> <Depth = 150> <ROM>
ST_5 : Operation 137 [1/2] (3.25ns)   --->   "%conv1_weight_load_2 = load i8 %conv1_weight_addr_2" [/home/idec/work/ai_fpga/codes/Deep_Learning_Routines/v1.4.1/src/convolution_2d.hpp:127]   --->   Operation 137 'load' 'conv1_weight_load_2' <Predicate = true> <Delay = 3.25> <CoreInst = "ROM">   --->   Core 95 'ROM' <Latency = 1> <II = 1> <Delay = 3.25> <Storage> <Opcode : 'load'> <Ports = 0> <Width = 32> <Depth = 150> <ROM>
ST_5 : Operation 138 [1/2] (3.25ns)   --->   "%conv1_weight_load_3 = load i8 %conv1_weight_addr_3" [/home/idec/work/ai_fpga/codes/Deep_Learning_Routines/v1.4.1/src/convolution_2d.hpp:127]   --->   Operation 138 'load' 'conv1_weight_load_3' <Predicate = true> <Delay = 3.25> <CoreInst = "ROM">   --->   Core 95 'ROM' <Latency = 1> <II = 1> <Delay = 3.25> <Storage> <Opcode : 'load'> <Ports = 0> <Width = 32> <Depth = 150> <ROM>
ST_5 : Operation 139 [1/2] (3.25ns)   --->   "%conv1_weight_load_4 = load i8 %conv1_weight_addr_4" [/home/idec/work/ai_fpga/codes/Deep_Learning_Routines/v1.4.1/src/convolution_2d.hpp:127]   --->   Operation 139 'load' 'conv1_weight_load_4' <Predicate = true> <Delay = 3.25> <CoreInst = "ROM">   --->   Core 95 'ROM' <Latency = 1> <II = 1> <Delay = 3.25> <Storage> <Opcode : 'load'> <Ports = 0> <Width = 32> <Depth = 150> <ROM>
ST_5 : Operation 140 [1/2] (3.25ns)   --->   "%conv1_weight_load_5 = load i8 %conv1_weight_addr_5" [/home/idec/work/ai_fpga/codes/Deep_Learning_Routines/v1.4.1/src/convolution_2d.hpp:127]   --->   Operation 140 'load' 'conv1_weight_load_5' <Predicate = true> <Delay = 3.25> <CoreInst = "ROM">   --->   Core 95 'ROM' <Latency = 1> <II = 1> <Delay = 3.25> <Storage> <Opcode : 'load'> <Ports = 0> <Width = 32> <Depth = 150> <ROM>
ST_5 : Operation 141 [1/2] (3.25ns)   --->   "%conv1_weight_load_6 = load i8 %conv1_weight_addr_6" [/home/idec/work/ai_fpga/codes/Deep_Learning_Routines/v1.4.1/src/convolution_2d.hpp:127]   --->   Operation 141 'load' 'conv1_weight_load_6' <Predicate = true> <Delay = 3.25> <CoreInst = "ROM">   --->   Core 95 'ROM' <Latency = 1> <II = 1> <Delay = 3.25> <Storage> <Opcode : 'load'> <Ports = 0> <Width = 32> <Depth = 150> <ROM>
ST_5 : Operation 142 [1/2] (3.25ns)   --->   "%conv1_weight_load_7 = load i8 %conv1_weight_addr_7" [/home/idec/work/ai_fpga/codes/Deep_Learning_Routines/v1.4.1/src/convolution_2d.hpp:127]   --->   Operation 142 'load' 'conv1_weight_load_7' <Predicate = true> <Delay = 3.25> <CoreInst = "ROM">   --->   Core 95 'ROM' <Latency = 1> <II = 1> <Delay = 3.25> <Storage> <Opcode : 'load'> <Ports = 0> <Width = 32> <Depth = 150> <ROM>
ST_5 : Operation 143 [1/2] (3.25ns)   --->   "%conv1_weight_load_8 = load i8 %conv1_weight_addr_8" [/home/idec/work/ai_fpga/codes/Deep_Learning_Routines/v1.4.1/src/convolution_2d.hpp:127]   --->   Operation 143 'load' 'conv1_weight_load_8' <Predicate = true> <Delay = 3.25> <CoreInst = "ROM">   --->   Core 95 'ROM' <Latency = 1> <II = 1> <Delay = 3.25> <Storage> <Opcode : 'load'> <Ports = 0> <Width = 32> <Depth = 150> <ROM>
ST_5 : Operation 144 [1/2] (3.25ns)   --->   "%conv1_weight_load_9 = load i8 %conv1_weight_addr_9" [/home/idec/work/ai_fpga/codes/Deep_Learning_Routines/v1.4.1/src/convolution_2d.hpp:127]   --->   Operation 144 'load' 'conv1_weight_load_9' <Predicate = true> <Delay = 3.25> <CoreInst = "ROM">   --->   Core 95 'ROM' <Latency = 1> <II = 1> <Delay = 3.25> <Storage> <Opcode : 'load'> <Ports = 0> <Width = 32> <Depth = 150> <ROM>
ST_5 : Operation 145 [1/2] (3.25ns)   --->   "%conv1_weight_load_10 = load i8 %conv1_weight_addr_10" [/home/idec/work/ai_fpga/codes/Deep_Learning_Routines/v1.4.1/src/convolution_2d.hpp:127]   --->   Operation 145 'load' 'conv1_weight_load_10' <Predicate = true> <Delay = 3.25> <CoreInst = "ROM">   --->   Core 95 'ROM' <Latency = 1> <II = 1> <Delay = 3.25> <Storage> <Opcode : 'load'> <Ports = 0> <Width = 32> <Depth = 150> <ROM>
ST_5 : Operation 146 [1/2] (3.25ns)   --->   "%conv1_weight_load_11 = load i8 %conv1_weight_addr_11" [/home/idec/work/ai_fpga/codes/Deep_Learning_Routines/v1.4.1/src/convolution_2d.hpp:127]   --->   Operation 146 'load' 'conv1_weight_load_11' <Predicate = true> <Delay = 3.25> <CoreInst = "ROM">   --->   Core 95 'ROM' <Latency = 1> <II = 1> <Delay = 3.25> <Storage> <Opcode : 'load'> <Ports = 0> <Width = 32> <Depth = 150> <ROM>
ST_5 : Operation 147 [1/2] (3.25ns)   --->   "%conv1_weight_load_12 = load i8 %conv1_weight_addr_12" [/home/idec/work/ai_fpga/codes/Deep_Learning_Routines/v1.4.1/src/convolution_2d.hpp:127]   --->   Operation 147 'load' 'conv1_weight_load_12' <Predicate = true> <Delay = 3.25> <CoreInst = "ROM">   --->   Core 95 'ROM' <Latency = 1> <II = 1> <Delay = 3.25> <Storage> <Opcode : 'load'> <Ports = 0> <Width = 32> <Depth = 150> <ROM>
ST_5 : Operation 148 [1/2] (3.25ns)   --->   "%conv1_weight_load_13 = load i8 %conv1_weight_addr_13" [/home/idec/work/ai_fpga/codes/Deep_Learning_Routines/v1.4.1/src/convolution_2d.hpp:127]   --->   Operation 148 'load' 'conv1_weight_load_13' <Predicate = true> <Delay = 3.25> <CoreInst = "ROM">   --->   Core 95 'ROM' <Latency = 1> <II = 1> <Delay = 3.25> <Storage> <Opcode : 'load'> <Ports = 0> <Width = 32> <Depth = 150> <ROM>
ST_5 : Operation 149 [1/2] (3.25ns)   --->   "%conv1_weight_load_14 = load i8 %conv1_weight_addr_14" [/home/idec/work/ai_fpga/codes/Deep_Learning_Routines/v1.4.1/src/convolution_2d.hpp:127]   --->   Operation 149 'load' 'conv1_weight_load_14' <Predicate = true> <Delay = 3.25> <CoreInst = "ROM">   --->   Core 95 'ROM' <Latency = 1> <II = 1> <Delay = 3.25> <Storage> <Opcode : 'load'> <Ports = 0> <Width = 32> <Depth = 150> <ROM>
ST_5 : Operation 150 [1/2] (3.25ns)   --->   "%conv1_weight_load_15 = load i8 %conv1_weight_addr_15" [/home/idec/work/ai_fpga/codes/Deep_Learning_Routines/v1.4.1/src/convolution_2d.hpp:127]   --->   Operation 150 'load' 'conv1_weight_load_15' <Predicate = true> <Delay = 3.25> <CoreInst = "ROM">   --->   Core 95 'ROM' <Latency = 1> <II = 1> <Delay = 3.25> <Storage> <Opcode : 'load'> <Ports = 0> <Width = 32> <Depth = 150> <ROM>
ST_5 : Operation 151 [1/2] (3.25ns)   --->   "%conv1_weight_load_16 = load i8 %conv1_weight_addr_16" [/home/idec/work/ai_fpga/codes/Deep_Learning_Routines/v1.4.1/src/convolution_2d.hpp:127]   --->   Operation 151 'load' 'conv1_weight_load_16' <Predicate = true> <Delay = 3.25> <CoreInst = "ROM">   --->   Core 95 'ROM' <Latency = 1> <II = 1> <Delay = 3.25> <Storage> <Opcode : 'load'> <Ports = 0> <Width = 32> <Depth = 150> <ROM>
ST_5 : Operation 152 [1/2] (3.25ns)   --->   "%conv1_weight_load_17 = load i8 %conv1_weight_addr_17" [/home/idec/work/ai_fpga/codes/Deep_Learning_Routines/v1.4.1/src/convolution_2d.hpp:127]   --->   Operation 152 'load' 'conv1_weight_load_17' <Predicate = true> <Delay = 3.25> <CoreInst = "ROM">   --->   Core 95 'ROM' <Latency = 1> <II = 1> <Delay = 3.25> <Storage> <Opcode : 'load'> <Ports = 0> <Width = 32> <Depth = 150> <ROM>
ST_5 : Operation 153 [1/2] (3.25ns)   --->   "%conv1_weight_load_18 = load i8 %conv1_weight_addr_18" [/home/idec/work/ai_fpga/codes/Deep_Learning_Routines/v1.4.1/src/convolution_2d.hpp:127]   --->   Operation 153 'load' 'conv1_weight_load_18' <Predicate = true> <Delay = 3.25> <CoreInst = "ROM">   --->   Core 95 'ROM' <Latency = 1> <II = 1> <Delay = 3.25> <Storage> <Opcode : 'load'> <Ports = 0> <Width = 32> <Depth = 150> <ROM>
ST_5 : Operation 154 [1/2] (3.25ns)   --->   "%conv1_weight_load_19 = load i8 %conv1_weight_addr_19" [/home/idec/work/ai_fpga/codes/Deep_Learning_Routines/v1.4.1/src/convolution_2d.hpp:127]   --->   Operation 154 'load' 'conv1_weight_load_19' <Predicate = true> <Delay = 3.25> <CoreInst = "ROM">   --->   Core 95 'ROM' <Latency = 1> <II = 1> <Delay = 3.25> <Storage> <Opcode : 'load'> <Ports = 0> <Width = 32> <Depth = 150> <ROM>
ST_5 : Operation 155 [1/2] (3.25ns)   --->   "%conv1_weight_load_20 = load i8 %conv1_weight_addr_20" [/home/idec/work/ai_fpga/codes/Deep_Learning_Routines/v1.4.1/src/convolution_2d.hpp:127]   --->   Operation 155 'load' 'conv1_weight_load_20' <Predicate = true> <Delay = 3.25> <CoreInst = "ROM">   --->   Core 95 'ROM' <Latency = 1> <II = 1> <Delay = 3.25> <Storage> <Opcode : 'load'> <Ports = 0> <Width = 32> <Depth = 150> <ROM>
ST_5 : Operation 156 [1/2] (3.25ns)   --->   "%conv1_weight_load_21 = load i8 %conv1_weight_addr_21" [/home/idec/work/ai_fpga/codes/Deep_Learning_Routines/v1.4.1/src/convolution_2d.hpp:127]   --->   Operation 156 'load' 'conv1_weight_load_21' <Predicate = true> <Delay = 3.25> <CoreInst = "ROM">   --->   Core 95 'ROM' <Latency = 1> <II = 1> <Delay = 3.25> <Storage> <Opcode : 'load'> <Ports = 0> <Width = 32> <Depth = 150> <ROM>
ST_5 : Operation 157 [1/2] (3.25ns)   --->   "%conv1_weight_load_22 = load i8 %conv1_weight_addr_22" [/home/idec/work/ai_fpga/codes/Deep_Learning_Routines/v1.4.1/src/convolution_2d.hpp:127]   --->   Operation 157 'load' 'conv1_weight_load_22' <Predicate = true> <Delay = 3.25> <CoreInst = "ROM">   --->   Core 95 'ROM' <Latency = 1> <II = 1> <Delay = 3.25> <Storage> <Opcode : 'load'> <Ports = 0> <Width = 32> <Depth = 150> <ROM>
ST_5 : Operation 158 [1/2] (3.25ns)   --->   "%conv1_weight_load_23 = load i8 %conv1_weight_addr_23" [/home/idec/work/ai_fpga/codes/Deep_Learning_Routines/v1.4.1/src/convolution_2d.hpp:127]   --->   Operation 158 'load' 'conv1_weight_load_23' <Predicate = true> <Delay = 3.25> <CoreInst = "ROM">   --->   Core 95 'ROM' <Latency = 1> <II = 1> <Delay = 3.25> <Storage> <Opcode : 'load'> <Ports = 0> <Width = 32> <Depth = 150> <ROM>
ST_5 : Operation 159 [1/2] (3.25ns)   --->   "%conv1_weight_load_24 = load i8 %conv1_weight_addr_24" [/home/idec/work/ai_fpga/codes/Deep_Learning_Routines/v1.4.1/src/convolution_2d.hpp:127]   --->   Operation 159 'load' 'conv1_weight_load_24' <Predicate = true> <Delay = 3.25> <CoreInst = "ROM">   --->   Core 95 'ROM' <Latency = 1> <II = 1> <Delay = 3.25> <Storage> <Opcode : 'load'> <Ports = 0> <Width = 32> <Depth = 150> <ROM>
ST_5 : Operation 160 [2/2] (2.55ns)   --->   "%call_ln94 = call void @Convolution2d<float>_Pipeline_VITIS_LOOP_111_5_VITIS_LOOP_112_6, i32 %in_data_read, i32 %data, i32 %conv1_weight_load, i32 %conv1_weight_load_1, i32 %conv1_weight_load_2, i32 %conv1_weight_load_3, i32 %conv1_weight_load_4, i32 %conv1_weight_load_5, i32 %conv1_weight_load_6, i32 %conv1_weight_load_7, i32 %conv1_weight_load_8, i32 %conv1_weight_load_9, i32 %conv1_weight_load_10, i32 %conv1_weight_load_11, i32 %conv1_weight_load_12, i32 %conv1_weight_load_13, i32 %conv1_weight_load_14, i32 %conv1_weight_load_15, i32 %conv1_weight_load_16, i32 %conv1_weight_load_17, i32 %conv1_weight_load_18, i32 %conv1_weight_load_19, i32 %conv1_weight_load_20, i32 %conv1_weight_load_21, i32 %conv1_weight_load_22, i32 %conv1_weight_load_23, i32 %conv1_weight_load_24, i12 %phi_mul186_load, i32 %out_data" [/home/idec/work/ai_fpga/codes/Deep_Learning_Routines/v1.4.1/src/convolution_2d.hpp:94]   --->   Operation 160 'call' 'call_ln94' <Predicate = true> <Delay = 2.55> <CoreType = "Generic">   --->   Core 0 '' <Latency = 0> <II = 1> <Delay = 1.00> <Generic> <Opcode : >

State 6 <SV = 5> <Delay = 0.00>
ST_6 : Operation 161 [1/1] (0.00ns)   --->   "%specloopname_ln81 = specloopname void @_ssdm_op_SpecLoopName, void @empty_9" [/home/idec/work/ai_fpga/codes/Deep_Learning_Routines/v1.4.1/src/convolution_2d.hpp:81]   --->   Operation 161 'specloopname' 'specloopname_ln81' <Predicate = true> <Delay = 0.00>
ST_6 : Operation 162 [1/2] (0.00ns)   --->   "%call_ln94 = call void @Convolution2d<float>_Pipeline_VITIS_LOOP_111_5_VITIS_LOOP_112_6, i32 %in_data_read, i32 %data, i32 %conv1_weight_load, i32 %conv1_weight_load_1, i32 %conv1_weight_load_2, i32 %conv1_weight_load_3, i32 %conv1_weight_load_4, i32 %conv1_weight_load_5, i32 %conv1_weight_load_6, i32 %conv1_weight_load_7, i32 %conv1_weight_load_8, i32 %conv1_weight_load_9, i32 %conv1_weight_load_10, i32 %conv1_weight_load_11, i32 %conv1_weight_load_12, i32 %conv1_weight_load_13, i32 %conv1_weight_load_14, i32 %conv1_weight_load_15, i32 %conv1_weight_load_16, i32 %conv1_weight_load_17, i32 %conv1_weight_load_18, i32 %conv1_weight_load_19, i32 %conv1_weight_load_20, i32 %conv1_weight_load_21, i32 %conv1_weight_load_22, i32 %conv1_weight_load_23, i32 %conv1_weight_load_24, i12 %phi_mul186_load, i32 %out_data" [/home/idec/work/ai_fpga/codes/Deep_Learning_Routines/v1.4.1/src/convolution_2d.hpp:94]   --->   Operation 162 'call' 'call_ln94' <Predicate = true> <Delay = 0.00> <CoreType = "Generic">   --->   Core 0 '' <Latency = 0> <II = 1> <Delay = 1.00> <Generic> <Opcode : >
ST_6 : Operation 163 [1/1] (0.00ns)   --->   "%br_ln0 = br void %.lr.ph10"   --->   Operation 163 'br' 'br_ln0' <Predicate = true> <Delay = 0.00>


============================================================
+ Verbose Summary: Timing violations
============================================================
Target clock period: 10ns, clock uncertainty: 2.7ns.

 <State 1>: 1.59ns
The critical path consists of the following:
	'alloca' operation ('f') [8]  (0 ns)
	'store' operation ('store_ln94', /home/idec/work/ai_fpga/codes/Deep_Learning_Routines/v1.4.1/src/convolution_2d.hpp:94) of constant 0 on local variable 'f' [11]  (1.59 ns)

 <State 2>: 3.5ns
The critical path consists of the following:
	'load' operation ('phi_mul_load', /home/idec/work/ai_fpga/codes/Deep_Learning_Routines/v1.4.1/src/convolution_2d.hpp:123) on local variable 'phi_mul' [17]  (0 ns)
	'add' operation ('add_ln94_3', /home/idec/work/ai_fpga/codes/Deep_Learning_Routines/v1.4.1/src/convolution_2d.hpp:94) [20]  (1.92 ns)
	'store' operation ('store_ln94', /home/idec/work/ai_fpga/codes/Deep_Learning_Routines/v1.4.1/src/convolution_2d.hpp:94) of variable 'add_ln94_3', /home/idec/work/ai_fpga/codes/Deep_Learning_Routines/v1.4.1/src/convolution_2d.hpp:94 on local variable 'phi_mul' [133]  (1.59 ns)

 <State 3>: 2.32ns
The critical path consists of the following:
	'load' operation ('B', /home/idec/work/ai_fpga/codes/Deep_Learning_Routines/v1.4.1/src/convolution_2d.hpp:95) on array 'conv1_bias' [29]  (2.32 ns)

 <State 4>: 5.17ns
The critical path consists of the following:
	'add' operation ('add_ln123_2', /home/idec/work/ai_fpga/codes/Deep_Learning_Routines/v1.4.1/src/convolution_2d.hpp:123) [43]  (1.92 ns)
	'getelementptr' operation ('conv1_weight_addr_3', /home/idec/work/ai_fpga/codes/Deep_Learning_Routines/v1.4.1/src/convolution_2d.hpp:123) [45]  (0 ns)
	'load' operation ('conv1_weight_load_3', /home/idec/work/ai_fpga/codes/Deep_Learning_Routines/v1.4.1/src/convolution_2d.hpp:127) on array 'conv1_weight' [46]  (3.25 ns)

 <State 5>: 5.81ns
The critical path consists of the following:
	'load' operation ('conv1_weight_load', /home/idec/work/ai_fpga/codes/Deep_Learning_Routines/v1.4.1/src/convolution_2d.hpp:127) on array 'conv1_weight' [34]  (3.25 ns)
	'call' operation ('call_ln94', /home/idec/work/ai_fpga/codes/Deep_Learning_Routines/v1.4.1/src/convolution_2d.hpp:94) to 'Convolution2d<float>_Pipeline_VITIS_LOOP_111_5_VITIS_LOOP_112_6' [131]  (2.55 ns)

 <State 6>: 0ns
The critical path consists of the following:


============================================================
+ Verbose Summary: Binding
============================================================
N/A
* FSMD analyzer results:
  - Output states:
 - Input state : 
  - Chain level:
	State 1
	State 2
	State 3
	State 4
	State 5
	State 6


============================================================
+ Verbose Summary: Datapath Resource usage 
============================================================
N/A
