

================================================================
== Vitis HLS Report for 'Convolution2d_float_Pipeline_VITIS_LOOP_97_2_VITIS_LOOP_98_3'
================================================================
* Date:           Tue Jul  2 15:30:31 2024

* Version:        2021.2 (Build 3367213 on Tue Oct 19 02:47:39 MDT 2021)
* Project:        proj_lenet5
* Solution:       zed (Vivado IP Flow Target)
* Product family: zynq
* Target device:  xc7z020-clg484-1


================================================================
== Performance Estimates
================================================================
+ Timing: 
    * Summary: 
    +--------+----------+----------+------------+
    |  Clock |  Target  | Estimated| Uncertainty|
    +--------+----------+----------+------------+
    |ap_clk  |  10.00 ns|  7.219 ns|     2.70 ns|
    +--------+----------+----------+------------+

+ Latency: 
    * Summary: 
    +---------+---------+----------+----------+-----+-----+---------+
    |  Latency (cycles) |  Latency (absolute) |  Interval | Pipeline|
    |   min   |   max   |    min   |    max   | min | max |   Type  |
    +---------+---------+----------+----------+-----+-----+---------+
    |      786|      786|  7.860 us|  7.860 us|  786|  786|       no|
    +---------+---------+----------+----------+-----+-----+---------+

    + Detail: 
        * Instance: 
        N/A

        * Loop: 
        +-----------------------------------+---------+---------+----------+-----------+-----------+------+----------+
        |                                   |  Latency (cycles) | Iteration|  Initiation Interval  | Trip |          |
        |             Loop Name             |   min   |   max   |  Latency |  achieved |   target  | Count| Pipelined|
        +-----------------------------------+---------+---------+----------+-----------+-----------+------+----------+
        |- VITIS_LOOP_97_2_VITIS_LOOP_98_3  |      784|      784|         2|          1|          1|   784|       yes|
        +-----------------------------------+---------+---------+----------+-----------+-----------+------+----------+

============================================================
+ Verbose Summary: Synthesis Manager
============================================================
InlineROM: 1
ExposeGlobal: 0
============================================================
+ Verbose Summary: CDFG Model
============================================================
IsTopModel: 0
ResetActiveHigh: 1
IsCombinational: 0
IsDatapathOnly: 0
HasWiredReturn: 1
HasMFsm: 2
HasVarLatency: 1
IsPipeline: 0
IsRtlPipelined: 0
IsInstanceOverlapped: 0
IsDontTouch: 0
HasImplIP: 0
IsGatedGlobalClock: 0

+ Individual pipeline summary: 
  * Pipeline-0: initiation interval (II) = 1, depth = 2


============================================================
+ Verbose Summary: Schedule
============================================================
* Number of FSM states : 2
* Pipeline : 1
  Pipeline-0 : II = 1, D = 2, States = { 1 2 }
* Dataflow Pipeline: 0

* FSM state transitions: 
1 --> 2 
2 --> 

* FSM state operations: 

State 1 <SV = 0> <Delay = 5.94>
ST_1 : Operation 5 [1/1] (0.00ns)   --->   "%c = alloca i32 1"   --->   Operation 5 'alloca' 'c' <Predicate = true> <Delay = 0.00>
ST_1 : Operation 6 [1/1] (0.00ns)   --->   "%idx2 = alloca i32 1"   --->   Operation 6 'alloca' 'idx2' <Predicate = true> <Delay = 0.00>
ST_1 : Operation 7 [1/1] (0.00ns)   --->   "%indvar_flatten = alloca i32 1"   --->   Operation 7 'alloca' 'indvar_flatten' <Predicate = true> <Delay = 0.00>
ST_1 : Operation 8 [1/1] (0.00ns)   --->   "%B_read = read i32 @_ssdm_op_Read.ap_auto.float, i32 %B"   --->   Operation 8 'read' 'B_read' <Predicate = true> <Delay = 0.00>
ST_1 : Operation 9 [1/1] (0.00ns)   --->   "%phi_mul186_read = read i12 @_ssdm_op_Read.ap_auto.i12, i12 %phi_mul186"   --->   Operation 9 'read' 'phi_mul186_read' <Predicate = true> <Delay = 0.00>
ST_1 : Operation 10 [1/1] (1.58ns)   --->   "%store_ln0 = store i10 0, i10 %indvar_flatten"   --->   Operation 10 'store' 'store_ln0' <Predicate = true> <Delay = 1.58>
ST_1 : Operation 11 [1/1] (1.58ns)   --->   "%store_ln0 = store i10 0, i10 %idx2"   --->   Operation 11 'store' 'store_ln0' <Predicate = true> <Delay = 1.58>
ST_1 : Operation 12 [1/1] (1.58ns)   --->   "%store_ln0 = store i5 0, i5 %c"   --->   Operation 12 'store' 'store_ln0' <Predicate = true> <Delay = 1.58>
ST_1 : Operation 13 [1/1] (0.00ns)   --->   "%br_ln0 = br void"   --->   Operation 13 'br' 'br_ln0' <Predicate = true> <Delay = 0.00>
ST_1 : Operation 14 [1/1] (0.00ns)   --->   "%indvar_flatten_load = load i10 %indvar_flatten" [/home/idec/work/ai_fpga/codes/Deep_Learning_Routines/v1.4.1/src/convolution_2d.hpp:97]   --->   Operation 14 'load' 'indvar_flatten_load' <Predicate = true> <Delay = 0.00>
ST_1 : Operation 15 [1/1] (0.00ns)   --->   "%specpipeline_ln0 = specpipeline void @_ssdm_op_SpecPipeline, i32 4294967295, i32 0, i32 1, i32 0, void @p_str"   --->   Operation 15 'specpipeline' 'specpipeline_ln0' <Predicate = true> <Delay = 0.00>
ST_1 : Operation 16 [1/1] (1.77ns)   --->   "%icmp_ln97 = icmp_eq  i10 %indvar_flatten_load, i10 784" [/home/idec/work/ai_fpga/codes/Deep_Learning_Routines/v1.4.1/src/convolution_2d.hpp:97]   --->   Operation 16 'icmp' 'icmp_ln97' <Predicate = true> <Delay = 1.77> <CoreInst = "Cmp">   --->   Core 9 'Cmp' <Latency = 0> <II = 1> <Delay = 1.36> <FuncUnit> <Opcode : 'icmp'> <InPorts = 2> <OutPorts = 1>
ST_1 : Operation 17 [1/1] (1.73ns)   --->   "%add_ln97 = add i10 %indvar_flatten_load, i10 1" [/home/idec/work/ai_fpga/codes/Deep_Learning_Routines/v1.4.1/src/convolution_2d.hpp:97]   --->   Operation 17 'add' 'add_ln97' <Predicate = true> <Delay = 1.73> <CoreInst = "Adder">   --->   Core 1 'Adder' <Latency = 0> <II = 1> <Delay = 1.78> <FuncUnit> <Opcode : 'add' 'sub'> <InPorts = 2> <OutPorts = 1>
ST_1 : Operation 18 [1/1] (0.00ns)   --->   "%br_ln97 = br i1 %icmp_ln97, void %._crit_edge, void %.lr.ph20.0.preheader.exitStub" [/home/idec/work/ai_fpga/codes/Deep_Learning_Routines/v1.4.1/src/convolution_2d.hpp:97]   --->   Operation 18 'br' 'br_ln97' <Predicate = true> <Delay = 0.00>
ST_1 : Operation 19 [1/1] (0.00ns)   --->   "%c_load = load i5 %c" [/home/idec/work/ai_fpga/codes/Deep_Learning_Routines/v1.4.1/src/convolution_2d.hpp:98]   --->   Operation 19 'load' 'c_load' <Predicate = (!icmp_ln97)> <Delay = 0.00>
ST_1 : Operation 20 [1/1] (1.36ns)   --->   "%icmp_ln98 = icmp_eq  i5 %c_load, i5 28" [/home/idec/work/ai_fpga/codes/Deep_Learning_Routines/v1.4.1/src/convolution_2d.hpp:98]   --->   Operation 20 'icmp' 'icmp_ln98' <Predicate = (!icmp_ln97)> <Delay = 1.36> <CoreInst = "Cmp">   --->   Core 9 'Cmp' <Latency = 0> <II = 1> <Delay = 1.36> <FuncUnit> <Opcode : 'icmp'> <InPorts = 2> <OutPorts = 1>
ST_1 : Operation 21 [1/1] (1.21ns)   --->   "%select_ln97 = select i1 %icmp_ln98, i5 0, i5 %c_load" [/home/idec/work/ai_fpga/codes/Deep_Learning_Routines/v1.4.1/src/convolution_2d.hpp:97]   --->   Operation 21 'select' 'select_ln97' <Predicate = (!icmp_ln97)> <Delay = 1.21> <CoreInst = "Sel">   --->   Core 73 'Sel' <Latency = 0> <II = 1> <Delay = 0.68> <FuncUnit> <Opcode : 'select'> <InPorts = 3> <OutPorts = 1>
ST_1 : Operation 22 [1/1] (1.78ns)   --->   "%add_ln98 = add i5 %select_ln97, i5 1" [/home/idec/work/ai_fpga/codes/Deep_Learning_Routines/v1.4.1/src/convolution_2d.hpp:98]   --->   Operation 22 'add' 'add_ln98' <Predicate = (!icmp_ln97)> <Delay = 1.78> <CoreInst = "Adder">   --->   Core 1 'Adder' <Latency = 0> <II = 1> <Delay = 1.78> <FuncUnit> <Opcode : 'add' 'sub'> <InPorts = 2> <OutPorts = 1>
ST_1 : Operation 23 [1/1] (1.58ns)   --->   "%store_ln97 = store i10 %add_ln97, i10 %indvar_flatten" [/home/idec/work/ai_fpga/codes/Deep_Learning_Routines/v1.4.1/src/convolution_2d.hpp:97]   --->   Operation 23 'store' 'store_ln97' <Predicate = (!icmp_ln97)> <Delay = 1.58>
ST_1 : Operation 24 [1/1] (1.58ns)   --->   "%store_ln98 = store i5 %add_ln98, i5 %c" [/home/idec/work/ai_fpga/codes/Deep_Learning_Routines/v1.4.1/src/convolution_2d.hpp:98]   --->   Operation 24 'store' 'store_ln98' <Predicate = (!icmp_ln97)> <Delay = 1.58>
ST_1 : Operation 42 [1/1] (0.00ns)   --->   "%ret_ln0 = ret"   --->   Operation 42 'ret' 'ret_ln0' <Predicate = (icmp_ln97)> <Delay = 0.00>

State 2 <SV = 1> <Delay = 7.21>
ST_2 : Operation 25 [1/1] (0.00ns)   --->   "%idx2_load = load i10 %idx2" [/home/idec/work/ai_fpga/codes/Deep_Learning_Routines/v1.4.1/src/convolution_2d.hpp:101]   --->   Operation 25 'load' 'idx2_load' <Predicate = true> <Delay = 0.00>
ST_2 : Operation 26 [1/1] (1.73ns)   --->   "%add_ln101 = add i10 %idx2_load, i10 28" [/home/idec/work/ai_fpga/codes/Deep_Learning_Routines/v1.4.1/src/convolution_2d.hpp:101]   --->   Operation 26 'add' 'add_ln101' <Predicate = (icmp_ln98)> <Delay = 1.73> <CoreInst = "Adder">   --->   Core 1 'Adder' <Latency = 0> <II = 1> <Delay = 1.78> <FuncUnit> <Opcode : 'add' 'sub'> <InPorts = 2> <OutPorts = 1>
ST_2 : Operation 27 [1/1] (0.00ns)   --->   "%specloopname_ln0 = specloopname void @_ssdm_op_SpecLoopName, void @VITIS_LOOP_97_2_VITIS_LOOP_98_3_str"   --->   Operation 27 'specloopname' 'specloopname_ln0' <Predicate = true> <Delay = 0.00>
ST_2 : Operation 28 [1/1] (0.00ns)   --->   "%empty = speclooptripcount i32 @_ssdm_op_SpecLoopTripCount, i64 784, i64 784, i64 784"   --->   Operation 28 'speclooptripcount' 'empty' <Predicate = true> <Delay = 0.00>
ST_2 : Operation 29 [1/1] (0.68ns)   --->   "%select_ln97_27 = select i1 %icmp_ln98, i10 %add_ln101, i10 %idx2_load" [/home/idec/work/ai_fpga/codes/Deep_Learning_Routines/v1.4.1/src/convolution_2d.hpp:97]   --->   Operation 29 'select' 'select_ln97_27' <Predicate = true> <Delay = 0.68> <CoreInst = "Sel">   --->   Core 73 'Sel' <Latency = 0> <II = 1> <Delay = 0.68> <FuncUnit> <Opcode : 'select'> <InPorts = 3> <OutPorts = 1>
ST_2 : Operation 30 [1/1] (0.00ns)   --->   "%zext_ln97_3 = zext i10 %select_ln97_27" [/home/idec/work/ai_fpga/codes/Deep_Learning_Routines/v1.4.1/src/convolution_2d.hpp:97]   --->   Operation 30 'zext' 'zext_ln97_3' <Predicate = true> <Delay = 0.00>
ST_2 : Operation 31 [1/1] (0.00ns)   --->   "%specpipeline_ln0 = specpipeline void @_ssdm_op_SpecPipeline, i32 4294967295, i32 0, i32 1, i32 0, void @p_str"   --->   Operation 31 'specpipeline' 'specpipeline_ln0' <Predicate = true> <Delay = 0.00>
ST_2 : Operation 32 [1/1] (0.00ns)   --->   "%c_cast = zext i5 %select_ln97" [/home/idec/work/ai_fpga/codes/Deep_Learning_Routines/v1.4.1/src/convolution_2d.hpp:97]   --->   Operation 32 'zext' 'c_cast' <Predicate = true> <Delay = 0.00>
ST_2 : Operation 33 [1/1] (0.00ns)   --->   "%specloopname_ln82 = specloopname void @_ssdm_op_SpecLoopName, void @empty_1" [/home/idec/work/ai_fpga/codes/Deep_Learning_Routines/v1.4.1/src/convolution_2d.hpp:82]   --->   Operation 33 'specloopname' 'specloopname_ln82' <Predicate = true> <Delay = 0.00>
ST_2 : Operation 34 [1/1] (1.54ns)   --->   "%add_ln82 = add i12 %phi_mul186_read, i12 %c_cast" [/home/idec/work/ai_fpga/codes/Deep_Learning_Routines/v1.4.1/src/convolution_2d.hpp:82]   --->   Operation 34 'add' 'add_ln82' <Predicate = true> <Delay = 1.54> <CoreInst = "Adder">   --->   Core 1 'Adder' <Latency = 0> <II = 1> <Delay = 1.78> <FuncUnit> <Opcode : 'add' 'sub'> <InPorts = 2> <OutPorts = 1>
ST_2 : Operation 35 [1/1] (0.00ns)   --->   "%zext_ln82 = zext i12 %add_ln82" [/home/idec/work/ai_fpga/codes/Deep_Learning_Routines/v1.4.1/src/convolution_2d.hpp:82]   --->   Operation 35 'zext' 'zext_ln82' <Predicate = true> <Delay = 0.00>
ST_2 : Operation 36 [1/1] (1.54ns)   --->   "%add_ln82_1 = add i13 %zext_ln82, i13 %zext_ln97_3" [/home/idec/work/ai_fpga/codes/Deep_Learning_Routines/v1.4.1/src/convolution_2d.hpp:82]   --->   Operation 36 'add' 'add_ln82_1' <Predicate = true> <Delay = 1.54> <CoreInst = "Adder">   --->   Core 1 'Adder' <Latency = 0> <II = 1> <Delay = 1.78> <FuncUnit> <Opcode : 'add' 'sub'> <InPorts = 2> <OutPorts = 1>
ST_2 : Operation 37 [1/1] (0.00ns)   --->   "%zext_ln82_1 = zext i13 %add_ln82_1" [/home/idec/work/ai_fpga/codes/Deep_Learning_Routines/v1.4.1/src/convolution_2d.hpp:82]   --->   Operation 37 'zext' 'zext_ln82_1' <Predicate = true> <Delay = 0.00>
ST_2 : Operation 38 [1/1] (0.00ns)   --->   "%pZ = getelementptr i32 %out_data, i32 0, i32 %zext_ln82_1" [/home/idec/work/ai_fpga/codes/Deep_Learning_Routines/v1.4.1/src/convolution_2d.hpp:82]   --->   Operation 38 'getelementptr' 'pZ' <Predicate = true> <Delay = 0.00>
ST_2 : Operation 39 [1/1] (3.25ns)   --->   "%store_ln100 = store i32 %B_read, i13 %pZ" [/home/idec/work/ai_fpga/codes/Deep_Learning_Routines/v1.4.1/src/convolution_2d.hpp:100]   --->   Operation 39 'store' 'store_ln100' <Predicate = true> <Delay = 3.25> <CoreInst = "RAM_1WnR">   --->   Core 83 'RAM_1WnR' <Latency = 1> <II = 1> <Delay = 3.25> <Storage> <Opcode : 'load' 'store'> <Ports = 17> <Width = 32> <Depth = 4704> <RAM>
ST_2 : Operation 40 [1/1] (1.58ns)   --->   "%store_ln97 = store i10 %select_ln97_27, i10 %idx2" [/home/idec/work/ai_fpga/codes/Deep_Learning_Routines/v1.4.1/src/convolution_2d.hpp:97]   --->   Operation 40 'store' 'store_ln97' <Predicate = true> <Delay = 1.58>
ST_2 : Operation 41 [1/1] (0.00ns)   --->   "%br_ln0 = br void"   --->   Operation 41 'br' 'br_ln0' <Predicate = true> <Delay = 0.00>


============================================================
+ Verbose Summary: Timing violations
============================================================
Target clock period: 10ns, clock uncertainty: 2.7ns.

 <State 1>: 5.95ns
The critical path consists of the following:
	'alloca' operation ('c') [4]  (0 ns)
	'load' operation ('c_load', /home/idec/work/ai_fpga/codes/Deep_Learning_Routines/v1.4.1/src/convolution_2d.hpp:98) on local variable 'c' [20]  (0 ns)
	'icmp' operation ('icmp_ln98', /home/idec/work/ai_fpga/codes/Deep_Learning_Routines/v1.4.1/src/convolution_2d.hpp:98) [25]  (1.36 ns)
	'select' operation ('select_ln97', /home/idec/work/ai_fpga/codes/Deep_Learning_Routines/v1.4.1/src/convolution_2d.hpp:97) [26]  (1.22 ns)
	'add' operation ('add_ln98', /home/idec/work/ai_fpga/codes/Deep_Learning_Routines/v1.4.1/src/convolution_2d.hpp:98) [38]  (1.78 ns)
	'store' operation ('store_ln98', /home/idec/work/ai_fpga/codes/Deep_Learning_Routines/v1.4.1/src/convolution_2d.hpp:98) of variable 'add_ln98', /home/idec/work/ai_fpga/codes/Deep_Learning_Routines/v1.4.1/src/convolution_2d.hpp:98 on local variable 'c' [41]  (1.59 ns)

 <State 2>: 7.22ns
The critical path consists of the following:
	'load' operation ('idx2_load', /home/idec/work/ai_fpga/codes/Deep_Learning_Routines/v1.4.1/src/convolution_2d.hpp:101) on local variable 'idx2' [21]  (0 ns)
	'add' operation ('add_ln101', /home/idec/work/ai_fpga/codes/Deep_Learning_Routines/v1.4.1/src/convolution_2d.hpp:101) [22]  (1.73 ns)
	'select' operation ('select_ln97_27', /home/idec/work/ai_fpga/codes/Deep_Learning_Routines/v1.4.1/src/convolution_2d.hpp:97) [27]  (0.687 ns)
	'add' operation ('add_ln82_1', /home/idec/work/ai_fpga/codes/Deep_Learning_Routines/v1.4.1/src/convolution_2d.hpp:82) [34]  (1.55 ns)
	'getelementptr' operation ('pZ', /home/idec/work/ai_fpga/codes/Deep_Learning_Routines/v1.4.1/src/convolution_2d.hpp:82) [36]  (0 ns)
	'store' operation ('store_ln100', /home/idec/work/ai_fpga/codes/Deep_Learning_Routines/v1.4.1/src/convolution_2d.hpp:100) of variable 'B_read' on array 'out_data' [37]  (3.25 ns)


============================================================
+ Verbose Summary: Binding
============================================================
N/A
* FSMD analyzer results:
  - Output states:
 - Input state : 
  - Chain level:
	State 1
	State 2


============================================================
+ Verbose Summary: Datapath Resource usage 
============================================================
N/A
