

================================================================
== Vitis HLS Report for 'lenet5_Pipeline_VITIS_LOOP_64_1_VITIS_LOOP_68_2'
================================================================
* Date:           Tue Jul  2 15:30:40 2024

* Version:        2021.2 (Build 3367213 on Tue Oct 19 02:47:39 MDT 2021)
* Project:        proj_lenet5
* Solution:       zed (Vivado IP Flow Target)
* Product family: zynq
* Target device:  xc7z020-clg484-1


================================================================
== Performance Estimates
================================================================
+ Timing: 
    * Summary: 
    +--------+----------+----------+------------+
    |  Clock |  Target  | Estimated| Uncertainty|
    +--------+----------+----------+------------+
    |ap_clk  |  10.00 ns|  7.256 ns|     2.70 ns|
    +--------+----------+----------+------------+

+ Latency: 
    * Summary: 
    +---------+---------+----------+----------+--------+--------+---------+
    |  Latency (cycles) |  Latency (absolute) |     Interval    | Pipeline|
    |   min   |   max   |    min   |    max   |   min  |   max  |   Type  |
    +---------+---------+----------+----------+--------+--------+---------+
    |   288017|   288017|  2.880 ms|  2.880 ms|  288017|  288017|       no|
    +---------+---------+----------+----------+--------+--------+---------+

    + Detail: 
        * Instance: 
        N/A

        * Loop: 
        +-----------------------------------+---------+---------+----------+-----------+-----------+-------+----------+
        |                                   |  Latency (cycles) | Iteration|  Initiation Interval  |  Trip |          |
        |             Loop Name             |   min   |   max   |  Latency |  achieved |   target  | Count | Pipelined|
        +-----------------------------------+---------+---------+----------+-----------+-----------+-------+----------+
        |- VITIS_LOOP_64_1_VITIS_LOOP_68_2  |   288015|   288015|        22|          6|          1|  48000|       yes|
        +-----------------------------------+---------+---------+----------+-----------+-----------+-------+----------+

============================================================
+ Verbose Summary: Synthesis Manager
============================================================
InlineROM: 1
ExposeGlobal: 0
============================================================
+ Verbose Summary: CDFG Model
============================================================
IsTopModel: 0
ResetActiveHigh: 1
IsCombinational: 0
IsDatapathOnly: 0
HasWiredReturn: 1
HasMFsm: 2
HasVarLatency: 1
IsPipeline: 0
IsRtlPipelined: 0
IsInstanceOverlapped: 0
IsDontTouch: 0
HasImplIP: 0
IsGatedGlobalClock: 0

+ Individual pipeline summary: 
  * Pipeline-0: initiation interval (II) = 6, depth = 22


============================================================
+ Verbose Summary: Schedule
============================================================
* Number of FSM states : 22
* Pipeline : 1
  Pipeline-0 : II = 6, D = 22, States = { 1 2 3 4 5 6 7 8 9 10 11 12 13 14 15 16 17 18 19 20 21 22 }
* Dataflow Pipeline: 0

* FSM state transitions: 
1 --> 2 
2 --> 3 
3 --> 4 
4 --> 5 
5 --> 6 
6 --> 7 
7 --> 8 
8 --> 9 
9 --> 10 
10 --> 11 
11 --> 12 
12 --> 13 
13 --> 14 
14 --> 15 
15 --> 16 
16 --> 17 
17 --> 18 
18 --> 19 
19 --> 20 
20 --> 21 
21 --> 22 
22 --> 

* FSM state operations: 

State 1 <SV = 0> <Delay = 6.11>
ST_1 : Operation 25 [1/1] (0.00ns)   --->   "%i = alloca i32 1"   --->   Operation 25 'alloca' 'i' <Predicate = true> <Delay = 0.00>
ST_1 : Operation 26 [1/1] (0.00ns)   --->   "%sum = alloca i32 1"   --->   Operation 26 'alloca' 'sum' <Predicate = true> <Delay = 0.00>
ST_1 : Operation 27 [1/1] (0.00ns)   --->   "%o = alloca i32 1"   --->   Operation 27 'alloca' 'o' <Predicate = true> <Delay = 0.00>
ST_1 : Operation 28 [1/1] (0.00ns)   --->   "%indvar_flatten = alloca i32 1"   --->   Operation 28 'alloca' 'indvar_flatten' <Predicate = true> <Delay = 0.00>
ST_1 : Operation 29 [1/1] (1.58ns)   --->   "%store_ln0 = store i16 0, i16 %indvar_flatten"   --->   Operation 29 'store' 'store_ln0' <Predicate = true> <Delay = 1.58>
ST_1 : Operation 30 [1/1] (1.58ns)   --->   "%store_ln0 = store i7 0, i7 %o"   --->   Operation 30 'store' 'store_ln0' <Predicate = true> <Delay = 1.58>
ST_1 : Operation 31 [1/1] (1.58ns)   --->   "%store_ln0 = store i32 0, i32 %sum"   --->   Operation 31 'store' 'store_ln0' <Predicate = true> <Delay = 1.58>
ST_1 : Operation 32 [1/1] (1.58ns)   --->   "%store_ln0 = store i9 0, i9 %i"   --->   Operation 32 'store' 'store_ln0' <Predicate = true> <Delay = 1.58>
ST_1 : Operation 33 [1/1] (0.00ns)   --->   "%br_ln0 = br void"   --->   Operation 33 'br' 'br_ln0' <Predicate = true> <Delay = 0.00>
ST_1 : Operation 34 [1/1] (0.00ns)   --->   "%indvar_flatten_load = load i16 %indvar_flatten" [/home/idec/work/ai_fpga/codes/Deep_Learning_Routines/v1.4.1/src/linear_1d.hpp:64]   --->   Operation 34 'load' 'indvar_flatten_load' <Predicate = true> <Delay = 0.00>
ST_1 : Operation 35 [1/1] (0.00ns)   --->   "%specpipeline_ln0 = specpipeline void @_ssdm_op_SpecPipeline, i32 4294967295, i32 0, i32 1, i32 0, void @p_str"   --->   Operation 35 'specpipeline' 'specpipeline_ln0' <Predicate = true> <Delay = 0.00>
ST_1 : Operation 36 [1/1] (2.42ns)   --->   "%icmp_ln64 = icmp_eq  i16 %indvar_flatten_load, i16 48000" [/home/idec/work/ai_fpga/codes/Deep_Learning_Routines/v1.4.1/src/linear_1d.hpp:64]   --->   Operation 36 'icmp' 'icmp_ln64' <Predicate = true> <Delay = 2.42> <CoreInst = "Cmp">   --->   Core 9 'Cmp' <Latency = 0> <II = 1> <Delay = 2.44> <FuncUnit> <Opcode : 'icmp'> <InPorts = 2> <OutPorts = 1>
ST_1 : Operation 37 [1/1] (2.07ns)   --->   "%add_ln64 = add i16 %indvar_flatten_load, i16 1" [/home/idec/work/ai_fpga/codes/Deep_Learning_Routines/v1.4.1/src/linear_1d.hpp:64]   --->   Operation 37 'add' 'add_ln64' <Predicate = true> <Delay = 2.07> <CoreInst = "Adder">   --->   Core 1 'Adder' <Latency = 0> <II = 1> <Delay = 1.82> <FuncUnit> <Opcode : 'add' 'sub'> <InPorts = 2> <OutPorts = 1>
ST_1 : Operation 38 [1/1] (0.00ns)   --->   "%br_ln64 = br i1 %icmp_ln64, void %._crit_edge.loopexit.i, void %_ZN3dlr8Linear1dIfLi1ELi0ELj1036831949EEEvPT_PKS1_S4_S4_ttt.exit.preheader.preheader.exitStub" [/home/idec/work/ai_fpga/codes/Deep_Learning_Routines/v1.4.1/src/linear_1d.hpp:64]   --->   Operation 38 'br' 'br_ln64' <Predicate = true> <Delay = 0.00>
ST_1 : Operation 39 [1/1] (0.00ns)   --->   "%i_load = load i9 %i" [/home/idec/work/ai_fpga/codes/Deep_Learning_Routines/v1.4.1/src/linear_1d.hpp:68]   --->   Operation 39 'load' 'i_load' <Predicate = (!icmp_ln64)> <Delay = 0.00>
ST_1 : Operation 40 [1/1] (0.00ns)   --->   "%o_load = load i7 %o" [/home/idec/work/ai_fpga/codes/Deep_Learning_Routines/v1.4.1/src/linear_1d.hpp:64]   --->   Operation 40 'load' 'o_load' <Predicate = (!icmp_ln64)> <Delay = 0.00>
ST_1 : Operation 41 [1/1] (1.87ns)   --->   "%o_2 = add i7 %o_load, i7 1" [/home/idec/work/ai_fpga/codes/Deep_Learning_Routines/v1.4.1/src/linear_1d.hpp:64]   --->   Operation 41 'add' 'o_2' <Predicate = (!icmp_ln64)> <Delay = 1.87> <CoreInst = "Adder">   --->   Core 1 'Adder' <Latency = 0> <II = 1> <Delay = 1.82> <FuncUnit> <Opcode : 'add' 'sub'> <InPorts = 2> <OutPorts = 1>
ST_1 : Operation 42 [1/1] (1.66ns)   --->   "%icmp_ln68 = icmp_eq  i9 %i_load, i9 400" [/home/idec/work/ai_fpga/codes/Deep_Learning_Routines/v1.4.1/src/linear_1d.hpp:68]   --->   Operation 42 'icmp' 'icmp_ln68' <Predicate = (!icmp_ln64)> <Delay = 1.66> <CoreInst = "Cmp">   --->   Core 9 'Cmp' <Latency = 0> <II = 1> <Delay = 2.44> <FuncUnit> <Opcode : 'icmp'> <InPorts = 2> <OutPorts = 1>
ST_1 : Operation 43 [1/1] (0.96ns)   --->   "%select_ln64_1 = select i1 %icmp_ln68, i9 0, i9 %i_load" [/home/idec/work/ai_fpga/codes/Deep_Learning_Routines/v1.4.1/src/linear_1d.hpp:64]   --->   Operation 43 'select' 'select_ln64_1' <Predicate = (!icmp_ln64)> <Delay = 0.96> <CoreInst = "Sel">   --->   Core 73 'Sel' <Latency = 0> <II = 1> <Delay = 0.69> <FuncUnit> <Opcode : 'select'> <InPorts = 3> <OutPorts = 1>
ST_1 : Operation 44 [1/1] (0.99ns)   --->   "%select_ln64_3 = select i1 %icmp_ln68, i7 %o_2, i7 %o_load" [/home/idec/work/ai_fpga/codes/Deep_Learning_Routines/v1.4.1/src/linear_1d.hpp:64]   --->   Operation 44 'select' 'select_ln64_3' <Predicate = (!icmp_ln64)> <Delay = 0.99> <CoreInst = "Sel">   --->   Core 73 'Sel' <Latency = 0> <II = 1> <Delay = 0.69> <FuncUnit> <Opcode : 'select'> <InPorts = 3> <OutPorts = 1>
ST_1 : Operation 45 [1/1] (0.00ns)   --->   "%zext_ln64_1 = zext i7 %select_ln64_3" [/home/idec/work/ai_fpga/codes/Deep_Learning_Routines/v1.4.1/src/linear_1d.hpp:64]   --->   Operation 45 'zext' 'zext_ln64_1' <Predicate = (!icmp_ln64)> <Delay = 0.00>
ST_1 : Operation 46 [3/3] (1.05ns) (grouped into DSP with root node add_ln70)   --->   "%mul_ln64 = mul i16 %zext_ln64_1, i16 400" [/home/idec/work/ai_fpga/codes/Deep_Learning_Routines/v1.4.1/src/linear_1d.hpp:64]   --->   Operation 46 'mul' 'mul_ln64' <Predicate = (!icmp_ln64)> <Delay = 1.05> <CoreInst = "DSP48">   --->   Core 119 'DSP48' <Latency = 3> <II = 1> <Delay = 2.15> <IPBlock> <Opcode : 'mul' 'add' 'sub' 'select'> <InPorts = 0> <OutPorts = 1> <Sync> <CReg>
ST_1 : Operation 47 [1/1] (0.00ns)   --->   "%zext_ln68 = zext i9 %select_ln64_1" [/home/idec/work/ai_fpga/codes/Deep_Learning_Routines/v1.4.1/src/linear_1d.hpp:68]   --->   Operation 47 'zext' 'zext_ln68' <Predicate = (!icmp_ln64)> <Delay = 0.00>
ST_1 : Operation 48 [1/1] (0.00ns)   --->   "%pX = getelementptr i32 %p2_out_data, i32 0, i32 %zext_ln68" [/home/idec/work/ai_fpga/codes/Deep_Learning_Routines/v1.4.1/src/linear_1d.hpp:69]   --->   Operation 48 'getelementptr' 'pX' <Predicate = (!icmp_ln64)> <Delay = 0.00>
ST_1 : Operation 49 [2/2] (3.25ns)   --->   "%pX_load = load i9 %pX" [/home/idec/work/ai_fpga/codes/Deep_Learning_Routines/v1.4.1/src/linear_1d.hpp:71]   --->   Operation 49 'load' 'pX_load' <Predicate = (!icmp_ln64)> <Delay = 3.25> <CoreInst = "RAM">   --->   Core 82 'RAM' <Latency = 1> <II = 1> <Delay = 3.25> <Storage> <Opcode : 'load' 'store'> <Ports = 2> <Width = 32> <Depth = 400> <RAM>
ST_1 : Operation 50 [1/1] (1.82ns)   --->   "%i_2 = add i9 %select_ln64_1, i9 1" [/home/idec/work/ai_fpga/codes/Deep_Learning_Routines/v1.4.1/src/linear_1d.hpp:68]   --->   Operation 50 'add' 'i_2' <Predicate = (!icmp_ln64)> <Delay = 1.82> <CoreInst = "Adder">   --->   Core 1 'Adder' <Latency = 0> <II = 1> <Delay = 1.82> <FuncUnit> <Opcode : 'add' 'sub'> <InPorts = 2> <OutPorts = 1>
ST_1 : Operation 51 [1/1] (1.66ns)   --->   "%ifzero = icmp_eq  i9 %i_2, i9 400" [/home/idec/work/ai_fpga/codes/Deep_Learning_Routines/v1.4.1/src/linear_1d.hpp:68]   --->   Operation 51 'icmp' 'ifzero' <Predicate = (!icmp_ln64)> <Delay = 1.66> <CoreInst = "Cmp">   --->   Core 9 'Cmp' <Latency = 0> <II = 1> <Delay = 2.44> <FuncUnit> <Opcode : 'icmp'> <InPorts = 2> <OutPorts = 1>
ST_1 : Operation 52 [1/1] (0.00ns)   --->   "%br_ln68 = br i1 %ifzero, void %ifFalse, void %ifTrue" [/home/idec/work/ai_fpga/codes/Deep_Learning_Routines/v1.4.1/src/linear_1d.hpp:68]   --->   Operation 52 'br' 'br_ln68' <Predicate = (!icmp_ln64)> <Delay = 0.00>
ST_1 : Operation 53 [1/1] (1.58ns)   --->   "%store_ln64 = store i16 %add_ln64, i16 %indvar_flatten" [/home/idec/work/ai_fpga/codes/Deep_Learning_Routines/v1.4.1/src/linear_1d.hpp:64]   --->   Operation 53 'store' 'store_ln64' <Predicate = (!icmp_ln64)> <Delay = 1.58>
ST_1 : Operation 54 [1/1] (1.58ns)   --->   "%store_ln64 = store i7 %select_ln64_3, i7 %o" [/home/idec/work/ai_fpga/codes/Deep_Learning_Routines/v1.4.1/src/linear_1d.hpp:64]   --->   Operation 54 'store' 'store_ln64' <Predicate = (!icmp_ln64)> <Delay = 1.58>
ST_1 : Operation 55 [1/1] (1.58ns)   --->   "%store_ln68 = store i9 %i_2, i9 %i" [/home/idec/work/ai_fpga/codes/Deep_Learning_Routines/v1.4.1/src/linear_1d.hpp:68]   --->   Operation 55 'store' 'store_ln68' <Predicate = (!icmp_ln64)> <Delay = 1.58>

State 2 <SV = 1> <Delay = 3.25>
ST_2 : Operation 56 [2/3] (1.05ns) (grouped into DSP with root node add_ln70)   --->   "%mul_ln64 = mul i16 %zext_ln64_1, i16 400" [/home/idec/work/ai_fpga/codes/Deep_Learning_Routines/v1.4.1/src/linear_1d.hpp:64]   --->   Operation 56 'mul' 'mul_ln64' <Predicate = (!icmp_ln64)> <Delay = 1.05> <CoreInst = "DSP48">   --->   Core 119 'DSP48' <Latency = 3> <II = 1> <Delay = 2.15> <IPBlock> <Opcode : 'mul' 'add' 'sub' 'select'> <InPorts = 0> <OutPorts = 1> <Sync> <CReg>
ST_2 : Operation 57 [1/2] (3.25ns)   --->   "%pX_load = load i9 %pX" [/home/idec/work/ai_fpga/codes/Deep_Learning_Routines/v1.4.1/src/linear_1d.hpp:71]   --->   Operation 57 'load' 'pX_load' <Predicate = (!icmp_ln64)> <Delay = 3.25> <CoreInst = "RAM">   --->   Core 82 'RAM' <Latency = 1> <II = 1> <Delay = 3.25> <Storage> <Opcode : 'load' 'store'> <Ports = 2> <Width = 32> <Depth = 400> <RAM>

State 3 <SV = 2> <Delay = 2.10>
ST_3 : Operation 58 [1/3] (0.00ns) (grouped into DSP with root node add_ln70)   --->   "%mul_ln64 = mul i16 %zext_ln64_1, i16 400" [/home/idec/work/ai_fpga/codes/Deep_Learning_Routines/v1.4.1/src/linear_1d.hpp:64]   --->   Operation 58 'mul' 'mul_ln64' <Predicate = (!icmp_ln64)> <Delay = 0.00> <CoreInst = "DSP48">   --->   Core 119 'DSP48' <Latency = 3> <II = 1> <Delay = 2.15> <IPBlock> <Opcode : 'mul' 'add' 'sub' 'select'> <InPorts = 0> <OutPorts = 1> <Sync> <CReg>
ST_3 : Operation 59 [1/1] (0.00ns)   --->   "%zext_ln68_2 = zext i9 %select_ln64_1" [/home/idec/work/ai_fpga/codes/Deep_Learning_Routines/v1.4.1/src/linear_1d.hpp:68]   --->   Operation 59 'zext' 'zext_ln68_2' <Predicate = (!icmp_ln64)> <Delay = 0.00>
ST_3 : Operation 60 [2/2] (2.10ns) (root node of the DSP)   --->   "%add_ln70 = add i16 %mul_ln64, i16 %zext_ln68_2" [/home/idec/work/ai_fpga/codes/Deep_Learning_Routines/v1.4.1/src/linear_1d.hpp:70]   --->   Operation 60 'add' 'add_ln70' <Predicate = (!icmp_ln64)> <Delay = 2.10> <CoreInst = "DSP48">   --->   Core 119 'DSP48' <Latency = 3> <II = 1> <Delay = 2.15> <IPBlock> <Opcode : 'mul' 'add' 'sub' 'select'> <InPorts = 0> <OutPorts = 1> <Sync> <CReg>

State 4 <SV = 3> <Delay = 5.35>
ST_4 : Operation 61 [1/2] (2.10ns) (root node of the DSP)   --->   "%add_ln70 = add i16 %mul_ln64, i16 %zext_ln68_2" [/home/idec/work/ai_fpga/codes/Deep_Learning_Routines/v1.4.1/src/linear_1d.hpp:70]   --->   Operation 61 'add' 'add_ln70' <Predicate = (!icmp_ln64)> <Delay = 2.10> <CoreInst = "DSP48">   --->   Core 119 'DSP48' <Latency = 3> <II = 1> <Delay = 2.15> <IPBlock> <Opcode : 'mul' 'add' 'sub' 'select'> <InPorts = 0> <OutPorts = 1> <Sync> <CReg>
ST_4 : Operation 62 [1/1] (0.00ns)   --->   "%zext_ln70 = zext i16 %add_ln70" [/home/idec/work/ai_fpga/codes/Deep_Learning_Routines/v1.4.1/src/linear_1d.hpp:70]   --->   Operation 62 'zext' 'zext_ln70' <Predicate = (!icmp_ln64)> <Delay = 0.00>
ST_4 : Operation 63 [1/1] (0.00ns)   --->   "%pW = getelementptr i32 %fc1_weight, i32 0, i32 %zext_ln70" [/home/idec/work/ai_fpga/codes/Deep_Learning_Routines/v1.4.1/src/linear_1d.hpp:70]   --->   Operation 63 'getelementptr' 'pW' <Predicate = (!icmp_ln64)> <Delay = 0.00>
ST_4 : Operation 64 [2/2] (3.25ns)   --->   "%pW_load = load i16 %pW" [/home/idec/work/ai_fpga/codes/Deep_Learning_Routines/v1.4.1/src/linear_1d.hpp:71]   --->   Operation 64 'load' 'pW_load' <Predicate = (!icmp_ln64)> <Delay = 3.25> <CoreInst = "ROM">   --->   Core 95 'ROM' <Latency = 1> <II = 1> <Delay = 3.25> <Storage> <Opcode : 'load'> <Ports = 0> <Width = 32> <Depth = 48000> <ROM>

State 5 <SV = 4> <Delay = 3.25>
ST_5 : Operation 65 [1/2] (3.25ns)   --->   "%pW_load = load i16 %pW" [/home/idec/work/ai_fpga/codes/Deep_Learning_Routines/v1.4.1/src/linear_1d.hpp:71]   --->   Operation 65 'load' 'pW_load' <Predicate = (!icmp_ln64)> <Delay = 3.25> <CoreInst = "ROM">   --->   Core 95 'ROM' <Latency = 1> <II = 1> <Delay = 3.25> <Storage> <Opcode : 'load'> <Ports = 0> <Width = 32> <Depth = 48000> <ROM>

State 6 <SV = 5> <Delay = 5.70>
ST_6 : Operation 66 [4/4] (5.70ns)   --->   "%mul20_i = fmul i32 %pX_load, i32 %pW_load" [/home/idec/work/ai_fpga/codes/Deep_Learning_Routines/v1.4.1/src/linear_1d.hpp:71]   --->   Operation 66 'fmul' 'mul20_i' <Predicate = (!icmp_ln64)> <Delay = 5.70> <CoreInst = "FMul_maxdsp">   --->   Core 30 'FMul_maxdsp' <Latency = 3> <II = 1> <Delay = 5.70> <FuncUnit> <Opcode : 'fmul'> <InPorts = 2> <OutPorts = 1>

State 7 <SV = 6> <Delay = 5.70>
ST_7 : Operation 67 [3/4] (5.70ns)   --->   "%mul20_i = fmul i32 %pX_load, i32 %pW_load" [/home/idec/work/ai_fpga/codes/Deep_Learning_Routines/v1.4.1/src/linear_1d.hpp:71]   --->   Operation 67 'fmul' 'mul20_i' <Predicate = true> <Delay = 5.70> <CoreInst = "FMul_maxdsp">   --->   Core 30 'FMul_maxdsp' <Latency = 3> <II = 1> <Delay = 5.70> <FuncUnit> <Opcode : 'fmul'> <InPorts = 2> <OutPorts = 1>

State 8 <SV = 7> <Delay = 5.70>
ST_8 : Operation 68 [2/4] (5.70ns)   --->   "%mul20_i = fmul i32 %pX_load, i32 %pW_load" [/home/idec/work/ai_fpga/codes/Deep_Learning_Routines/v1.4.1/src/linear_1d.hpp:71]   --->   Operation 68 'fmul' 'mul20_i' <Predicate = true> <Delay = 5.70> <CoreInst = "FMul_maxdsp">   --->   Core 30 'FMul_maxdsp' <Latency = 3> <II = 1> <Delay = 5.70> <FuncUnit> <Opcode : 'fmul'> <InPorts = 2> <OutPorts = 1>

State 9 <SV = 8> <Delay = 5.70>
ST_9 : Operation 69 [1/1] (0.00ns)   --->   "%sum_load = load i32 %sum" [/home/idec/work/ai_fpga/codes/Deep_Learning_Routines/v1.4.1/src/linear_1d.hpp:64]   --->   Operation 69 'load' 'sum_load' <Predicate = (!icmp_ln68)> <Delay = 0.00>
ST_9 : Operation 70 [1/1] (0.69ns)   --->   "%select_ln64 = select i1 %icmp_ln68, i32 0, i32 %sum_load" [/home/idec/work/ai_fpga/codes/Deep_Learning_Routines/v1.4.1/src/linear_1d.hpp:64]   --->   Operation 70 'select' 'select_ln64' <Predicate = true> <Delay = 0.69> <CoreInst = "Sel">   --->   Core 73 'Sel' <Latency = 0> <II = 1> <Delay = 0.69> <FuncUnit> <Opcode : 'select'> <InPorts = 3> <OutPorts = 1>
ST_9 : Operation 71 [1/4] (5.70ns)   --->   "%mul20_i = fmul i32 %pX_load, i32 %pW_load" [/home/idec/work/ai_fpga/codes/Deep_Learning_Routines/v1.4.1/src/linear_1d.hpp:71]   --->   Operation 71 'fmul' 'mul20_i' <Predicate = true> <Delay = 5.70> <CoreInst = "FMul_maxdsp">   --->   Core 30 'FMul_maxdsp' <Latency = 3> <II = 1> <Delay = 5.70> <FuncUnit> <Opcode : 'fmul'> <InPorts = 2> <OutPorts = 1>

State 10 <SV = 9> <Delay = 7.25>
ST_10 : Operation 72 [5/5] (7.25ns)   --->   "%sum_1 = fadd i32 %select_ln64, i32 %mul20_i" [/home/idec/work/ai_fpga/codes/Deep_Learning_Routines/v1.4.1/src/linear_1d.hpp:71]   --->   Operation 72 'fadd' 'sum_1' <Predicate = true> <Delay = 7.25> <CoreInst = "FAddSub_fulldsp">   --->   Core 18 'FAddSub_fulldsp' <Latency = 4> <II = 1> <Delay = 7.25> <FuncUnit> <Opcode : 'fadd' 'fsub'> <InPorts = 2> <OutPorts = 1>

State 11 <SV = 10> <Delay = 7.25>
ST_11 : Operation 73 [4/5] (7.25ns)   --->   "%sum_1 = fadd i32 %select_ln64, i32 %mul20_i" [/home/idec/work/ai_fpga/codes/Deep_Learning_Routines/v1.4.1/src/linear_1d.hpp:71]   --->   Operation 73 'fadd' 'sum_1' <Predicate = true> <Delay = 7.25> <CoreInst = "FAddSub_fulldsp">   --->   Core 18 'FAddSub_fulldsp' <Latency = 4> <II = 1> <Delay = 7.25> <FuncUnit> <Opcode : 'fadd' 'fsub'> <InPorts = 2> <OutPorts = 1>

State 12 <SV = 11> <Delay = 7.25>
ST_12 : Operation 74 [3/5] (7.25ns)   --->   "%sum_1 = fadd i32 %select_ln64, i32 %mul20_i" [/home/idec/work/ai_fpga/codes/Deep_Learning_Routines/v1.4.1/src/linear_1d.hpp:71]   --->   Operation 74 'fadd' 'sum_1' <Predicate = true> <Delay = 7.25> <CoreInst = "FAddSub_fulldsp">   --->   Core 18 'FAddSub_fulldsp' <Latency = 4> <II = 1> <Delay = 7.25> <FuncUnit> <Opcode : 'fadd' 'fsub'> <InPorts = 2> <OutPorts = 1>

State 13 <SV = 12> <Delay = 7.25>
ST_13 : Operation 75 [1/1] (0.00ns)   --->   "%zext_ln64 = zext i7 %select_ln64_3" [/home/idec/work/ai_fpga/codes/Deep_Learning_Routines/v1.4.1/src/linear_1d.hpp:64]   --->   Operation 75 'zext' 'zext_ln64' <Predicate = true> <Delay = 0.00>
ST_13 : Operation 76 [1/1] (0.00ns)   --->   "%fc1_bias_addr = getelementptr i32 %fc1_bias, i32 0, i32 %zext_ln64" [/home/idec/work/ai_fpga/codes/Deep_Learning_Routines/v1.4.1/src/linear_1d.hpp:67]   --->   Operation 76 'getelementptr' 'fc1_bias_addr' <Predicate = true> <Delay = 0.00>
ST_13 : Operation 77 [2/2] (3.25ns)   --->   "%fc1_bias_load = load i7 %fc1_bias_addr" [/home/idec/work/ai_fpga/codes/Deep_Learning_Routines/v1.4.1/src/linear_1d.hpp:64]   --->   Operation 77 'load' 'fc1_bias_load' <Predicate = true> <Delay = 3.25> <CoreInst = "ROM">   --->   Core 95 'ROM' <Latency = 1> <II = 1> <Delay = 3.25> <Storage> <Opcode : 'load'> <Ports = 0> <Width = 32> <Depth = 120> <ROM>
ST_13 : Operation 78 [2/5] (7.25ns)   --->   "%sum_1 = fadd i32 %select_ln64, i32 %mul20_i" [/home/idec/work/ai_fpga/codes/Deep_Learning_Routines/v1.4.1/src/linear_1d.hpp:71]   --->   Operation 78 'fadd' 'sum_1' <Predicate = true> <Delay = 7.25> <CoreInst = "FAddSub_fulldsp">   --->   Core 18 'FAddSub_fulldsp' <Latency = 4> <II = 1> <Delay = 7.25> <FuncUnit> <Opcode : 'fadd' 'fsub'> <InPorts = 2> <OutPorts = 1>

State 14 <SV = 13> <Delay = 7.25>
ST_14 : Operation 79 [1/1] (0.00ns)   --->   "%specloopname_ln0 = specloopname void @_ssdm_op_SpecLoopName, void @VITIS_LOOP_64_1_VITIS_LOOP_68_2_str"   --->   Operation 79 'specloopname' 'specloopname_ln0' <Predicate = true> <Delay = 0.00>
ST_14 : Operation 80 [1/1] (0.00ns)   --->   "%empty = speclooptripcount i32 @_ssdm_op_SpecLoopTripCount, i64 48000, i64 48000, i64 48000"   --->   Operation 80 'speclooptripcount' 'empty' <Predicate = true> <Delay = 0.00>
ST_14 : Operation 81 [1/2] (3.25ns)   --->   "%fc1_bias_load = load i7 %fc1_bias_addr" [/home/idec/work/ai_fpga/codes/Deep_Learning_Routines/v1.4.1/src/linear_1d.hpp:64]   --->   Operation 81 'load' 'fc1_bias_load' <Predicate = true> <Delay = 3.25> <CoreInst = "ROM">   --->   Core 95 'ROM' <Latency = 1> <II = 1> <Delay = 3.25> <Storage> <Opcode : 'load'> <Ports = 0> <Width = 32> <Depth = 120> <ROM>
ST_14 : Operation 82 [1/1] (0.00ns)   --->   "%specpipeline_ln0 = specpipeline void @_ssdm_op_SpecPipeline, i32 4294967295, i32 0, i32 1, i32 0, void @p_str"   --->   Operation 82 'specpipeline' 'specpipeline_ln0' <Predicate = true> <Delay = 0.00>
ST_14 : Operation 83 [1/1] (0.00ns)   --->   "%specloopname_ln62 = specloopname void @_ssdm_op_SpecLoopName, void @empty_12" [/home/idec/work/ai_fpga/codes/Deep_Learning_Routines/v1.4.1/src/linear_1d.hpp:62]   --->   Operation 83 'specloopname' 'specloopname_ln62' <Predicate = true> <Delay = 0.00>
ST_14 : Operation 84 [1/5] (7.25ns)   --->   "%sum_1 = fadd i32 %select_ln64, i32 %mul20_i" [/home/idec/work/ai_fpga/codes/Deep_Learning_Routines/v1.4.1/src/linear_1d.hpp:71]   --->   Operation 84 'fadd' 'sum_1' <Predicate = true> <Delay = 7.25> <CoreInst = "FAddSub_fulldsp">   --->   Core 18 'FAddSub_fulldsp' <Latency = 4> <II = 1> <Delay = 7.25> <FuncUnit> <Opcode : 'fadd' 'fsub'> <InPorts = 2> <OutPorts = 1>

State 15 <SV = 14> <Delay = 7.25>
ST_15 : Operation 85 [5/5] (7.25ns)   --->   "%add22_i = fadd i32 %sum_1, i32 %fc1_bias_load" [/home/idec/work/ai_fpga/codes/Deep_Learning_Routines/v1.4.1/src/linear_1d.hpp:74]   --->   Operation 85 'fadd' 'add22_i' <Predicate = (ifzero)> <Delay = 7.25> <CoreInst = "FAddSub_fulldsp">   --->   Core 18 'FAddSub_fulldsp' <Latency = 4> <II = 1> <Delay = 7.25> <FuncUnit> <Opcode : 'fadd' 'fsub'> <InPorts = 2> <OutPorts = 1>
ST_15 : Operation 86 [1/1] (1.58ns)   --->   "%store_ln71 = store i32 %sum_1, i32 %sum" [/home/idec/work/ai_fpga/codes/Deep_Learning_Routines/v1.4.1/src/linear_1d.hpp:71]   --->   Operation 86 'store' 'store_ln71' <Predicate = true> <Delay = 1.58>
ST_15 : Operation 87 [1/1] (0.00ns)   --->   "%br_ln0 = br void"   --->   Operation 87 'br' 'br_ln0' <Predicate = true> <Delay = 0.00>

State 16 <SV = 15> <Delay = 7.25>
ST_16 : Operation 88 [4/5] (7.25ns)   --->   "%add22_i = fadd i32 %sum_1, i32 %fc1_bias_load" [/home/idec/work/ai_fpga/codes/Deep_Learning_Routines/v1.4.1/src/linear_1d.hpp:74]   --->   Operation 88 'fadd' 'add22_i' <Predicate = (ifzero)> <Delay = 7.25> <CoreInst = "FAddSub_fulldsp">   --->   Core 18 'FAddSub_fulldsp' <Latency = 4> <II = 1> <Delay = 7.25> <FuncUnit> <Opcode : 'fadd' 'fsub'> <InPorts = 2> <OutPorts = 1>
ST_16 : Operation 105 [1/1] (0.00ns)   --->   "%ret_ln0 = ret"   --->   Operation 105 'ret' 'ret_ln0' <Predicate = (icmp_ln64)> <Delay = 0.00>

State 17 <SV = 16> <Delay = 7.25>
ST_17 : Operation 89 [3/5] (7.25ns)   --->   "%add22_i = fadd i32 %sum_1, i32 %fc1_bias_load" [/home/idec/work/ai_fpga/codes/Deep_Learning_Routines/v1.4.1/src/linear_1d.hpp:74]   --->   Operation 89 'fadd' 'add22_i' <Predicate = (ifzero)> <Delay = 7.25> <CoreInst = "FAddSub_fulldsp">   --->   Core 18 'FAddSub_fulldsp' <Latency = 4> <II = 1> <Delay = 7.25> <FuncUnit> <Opcode : 'fadd' 'fsub'> <InPorts = 2> <OutPorts = 1>

State 18 <SV = 17> <Delay = 7.25>
ST_18 : Operation 90 [2/5] (7.25ns)   --->   "%add22_i = fadd i32 %sum_1, i32 %fc1_bias_load" [/home/idec/work/ai_fpga/codes/Deep_Learning_Routines/v1.4.1/src/linear_1d.hpp:74]   --->   Operation 90 'fadd' 'add22_i' <Predicate = (ifzero)> <Delay = 7.25> <CoreInst = "FAddSub_fulldsp">   --->   Core 18 'FAddSub_fulldsp' <Latency = 4> <II = 1> <Delay = 7.25> <FuncUnit> <Opcode : 'fadd' 'fsub'> <InPorts = 2> <OutPorts = 1>

State 19 <SV = 18> <Delay = 7.25>
ST_19 : Operation 91 [1/5] (7.25ns)   --->   "%add22_i = fadd i32 %sum_1, i32 %fc1_bias_load" [/home/idec/work/ai_fpga/codes/Deep_Learning_Routines/v1.4.1/src/linear_1d.hpp:74]   --->   Operation 91 'fadd' 'add22_i' <Predicate = (ifzero)> <Delay = 7.25> <CoreInst = "FAddSub_fulldsp">   --->   Core 18 'FAddSub_fulldsp' <Latency = 4> <II = 1> <Delay = 7.25> <FuncUnit> <Opcode : 'fadd' 'fsub'> <InPorts = 2> <OutPorts = 1>

State 20 <SV = 19> <Delay = 5.43>
ST_20 : Operation 92 [2/2] (5.43ns)   --->   "%tmp_1 = fcmp_ole  i32 %add22_i, i32 0" [/home/idec/work/ai_fpga/codes/Deep_Learning_Routines/v1.4.1/src/linear_1d.hpp:74]   --->   Operation 92 'fcmp' 'tmp_1' <Predicate = (ifzero)> <Delay = 5.43> <CoreInst = "FCompare">   --->   Core 19 'FCompare' <Latency = 1> <II = 1> <Delay = 5.43> <FuncUnit> <Opcode : 'fcmp'> <InPorts = 2> <OutPorts = 1>

State 21 <SV = 20> <Delay = 6.40>
ST_21 : Operation 93 [1/1] (0.00ns)   --->   "%bitcast_ln74 = bitcast i32 %add22_i" [/home/idec/work/ai_fpga/codes/Deep_Learning_Routines/v1.4.1/src/linear_1d.hpp:74]   --->   Operation 93 'bitcast' 'bitcast_ln74' <Predicate = (ifzero)> <Delay = 0.00>
ST_21 : Operation 94 [1/1] (0.00ns)   --->   "%tmp = partselect i8 @_ssdm_op_PartSelect.i8.i32.i32.i32, i32 %bitcast_ln74, i32 23, i32 30" [/home/idec/work/ai_fpga/codes/Deep_Learning_Routines/v1.4.1/src/linear_1d.hpp:74]   --->   Operation 94 'partselect' 'tmp' <Predicate = (ifzero)> <Delay = 0.00>
ST_21 : Operation 95 [1/1] (0.00ns)   --->   "%trunc_ln74 = trunc i32 %bitcast_ln74" [/home/idec/work/ai_fpga/codes/Deep_Learning_Routines/v1.4.1/src/linear_1d.hpp:74]   --->   Operation 95 'trunc' 'trunc_ln74' <Predicate = (ifzero)> <Delay = 0.00>
ST_21 : Operation 96 [1/1] (1.55ns)   --->   "%icmp_ln74 = icmp_ne  i8 %tmp, i8 255" [/home/idec/work/ai_fpga/codes/Deep_Learning_Routines/v1.4.1/src/linear_1d.hpp:74]   --->   Operation 96 'icmp' 'icmp_ln74' <Predicate = (ifzero)> <Delay = 1.55> <CoreInst = "Cmp">   --->   Core 9 'Cmp' <Latency = 0> <II = 1> <Delay = 2.44> <FuncUnit> <Opcode : 'icmp'> <InPorts = 2> <OutPorts = 1>
ST_21 : Operation 97 [1/1] (2.44ns)   --->   "%icmp_ln74_1 = icmp_eq  i23 %trunc_ln74, i23 0" [/home/idec/work/ai_fpga/codes/Deep_Learning_Routines/v1.4.1/src/linear_1d.hpp:74]   --->   Operation 97 'icmp' 'icmp_ln74_1' <Predicate = (ifzero)> <Delay = 2.44> <CoreInst = "Cmp">   --->   Core 9 'Cmp' <Latency = 0> <II = 1> <Delay = 2.44> <FuncUnit> <Opcode : 'icmp'> <InPorts = 2> <OutPorts = 1>
ST_21 : Operation 98 [1/1] (0.00ns) (grouped into LUT with out node select_ln74)   --->   "%or_ln74 = or i1 %icmp_ln74_1, i1 %icmp_ln74" [/home/idec/work/ai_fpga/codes/Deep_Learning_Routines/v1.4.1/src/linear_1d.hpp:74]   --->   Operation 98 'or' 'or_ln74' <Predicate = (ifzero)> <Delay = 0.00> <CoreInst = "LogicGate">   --->   Core 74 'LogicGate' <Latency = 0> <II = 1> <Delay = 0.97> <FuncUnit> <Opcode : 'and' 'or' 'xor'> <InPorts = 2> <OutPorts = 1>
ST_21 : Operation 99 [1/2] (5.43ns)   --->   "%tmp_1 = fcmp_ole  i32 %add22_i, i32 0" [/home/idec/work/ai_fpga/codes/Deep_Learning_Routines/v1.4.1/src/linear_1d.hpp:74]   --->   Operation 99 'fcmp' 'tmp_1' <Predicate = (ifzero)> <Delay = 5.43> <CoreInst = "FCompare">   --->   Core 19 'FCompare' <Latency = 1> <II = 1> <Delay = 5.43> <FuncUnit> <Opcode : 'fcmp'> <InPorts = 2> <OutPorts = 1>
ST_21 : Operation 100 [1/1] (0.00ns) (grouped into LUT with out node select_ln74)   --->   "%and_ln74 = and i1 %or_ln74, i1 %tmp_1" [/home/idec/work/ai_fpga/codes/Deep_Learning_Routines/v1.4.1/src/linear_1d.hpp:74]   --->   Operation 100 'and' 'and_ln74' <Predicate = (ifzero)> <Delay = 0.00> <CoreInst = "LogicGate">   --->   Core 74 'LogicGate' <Latency = 0> <II = 1> <Delay = 0.97> <FuncUnit> <Opcode : 'and' 'or' 'xor'> <InPorts = 2> <OutPorts = 1>
ST_21 : Operation 101 [1/1] (0.97ns) (out node of the LUT)   --->   "%select_ln74 = select i1 %and_ln74, i32 0, i32 %add22_i" [/home/idec/work/ai_fpga/codes/Deep_Learning_Routines/v1.4.1/src/linear_1d.hpp:74]   --->   Operation 101 'select' 'select_ln74' <Predicate = (ifzero)> <Delay = 0.97> <CoreInst = "Sel">   --->   Core 73 'Sel' <Latency = 0> <II = 1> <Delay = 0.69> <FuncUnit> <Opcode : 'select'> <InPorts = 3> <OutPorts = 1>

State 22 <SV = 21> <Delay = 3.25>
ST_22 : Operation 102 [1/1] (0.00ns)   --->   "%pZ = getelementptr i32 %f1_out_data, i32 0, i32 %zext_ln64" [/home/idec/work/ai_fpga/codes/Deep_Learning_Routines/v1.4.1/src/linear_1d.hpp:66]   --->   Operation 102 'getelementptr' 'pZ' <Predicate = (ifzero)> <Delay = 0.00>
ST_22 : Operation 103 [1/1] (3.25ns)   --->   "%store_ln74 = store i32 %select_ln74, i7 %pZ" [/home/idec/work/ai_fpga/codes/Deep_Learning_Routines/v1.4.1/src/linear_1d.hpp:74]   --->   Operation 103 'store' 'store_ln74' <Predicate = (ifzero)> <Delay = 3.25> <CoreInst = "RAM">   --->   Core 82 'RAM' <Latency = 1> <II = 1> <Delay = 3.25> <Storage> <Opcode : 'load' 'store'> <Ports = 2> <Width = 32> <Depth = 120> <RAM>
ST_22 : Operation 104 [1/1] (0.00ns)   --->   "%br_ln0 = br void %ifFalse"   --->   Operation 104 'br' 'br_ln0' <Predicate = (ifzero)> <Delay = 0.00>


============================================================
+ Verbose Summary: Timing violations
============================================================
Target clock period: 10ns, clock uncertainty: 2.7ns.

 <State 1>: 6.11ns
The critical path consists of the following:
	'alloca' operation ('i') [5]  (0 ns)
	'load' operation ('i_load', /home/idec/work/ai_fpga/codes/Deep_Learning_Routines/v1.4.1/src/linear_1d.hpp:68) on local variable 'i' [21]  (0 ns)
	'icmp' operation ('icmp_ln68', /home/idec/work/ai_fpga/codes/Deep_Learning_Routines/v1.4.1/src/linear_1d.hpp:68) [27]  (1.66 ns)
	'select' operation ('select_ln64_1', /home/idec/work/ai_fpga/codes/Deep_Learning_Routines/v1.4.1/src/linear_1d.hpp:64) [29]  (0.968 ns)
	'add' operation ('i', /home/idec/work/ai_fpga/codes/Deep_Learning_Routines/v1.4.1/src/linear_1d.hpp:68) [48]  (1.82 ns)
	'icmp' operation ('ifzero', /home/idec/work/ai_fpga/codes/Deep_Learning_Routines/v1.4.1/src/linear_1d.hpp:68) [49]  (1.66 ns)

 <State 2>: 3.25ns
The critical path consists of the following:
	'load' operation ('pX_load', /home/idec/work/ai_fpga/codes/Deep_Learning_Routines/v1.4.1/src/linear_1d.hpp:71) on array 'p2_out_data' [44]  (3.25 ns)

 <State 3>: 2.1ns
The critical path consists of the following:
	'mul' operation of DSP[41] ('mul_ln64', /home/idec/work/ai_fpga/codes/Deep_Learning_Routines/v1.4.1/src/linear_1d.hpp:64) [35]  (0 ns)
	'add' operation of DSP[41] ('add_ln70', /home/idec/work/ai_fpga/codes/Deep_Learning_Routines/v1.4.1/src/linear_1d.hpp:70) [41]  (2.1 ns)

 <State 4>: 5.35ns
The critical path consists of the following:
	'add' operation of DSP[41] ('add_ln70', /home/idec/work/ai_fpga/codes/Deep_Learning_Routines/v1.4.1/src/linear_1d.hpp:70) [41]  (2.1 ns)
	'getelementptr' operation ('pW', /home/idec/work/ai_fpga/codes/Deep_Learning_Routines/v1.4.1/src/linear_1d.hpp:70) [43]  (0 ns)
	'load' operation ('pW_load', /home/idec/work/ai_fpga/codes/Deep_Learning_Routines/v1.4.1/src/linear_1d.hpp:71) on array 'fc1_weight' [45]  (3.25 ns)

 <State 5>: 3.25ns
The critical path consists of the following:
	'load' operation ('pW_load', /home/idec/work/ai_fpga/codes/Deep_Learning_Routines/v1.4.1/src/linear_1d.hpp:71) on array 'fc1_weight' [45]  (3.25 ns)

 <State 6>: 5.7ns
The critical path consists of the following:
	'fmul' operation ('mul20_i', /home/idec/work/ai_fpga/codes/Deep_Learning_Routines/v1.4.1/src/linear_1d.hpp:71) [46]  (5.7 ns)

 <State 7>: 5.7ns
The critical path consists of the following:
	'fmul' operation ('mul20_i', /home/idec/work/ai_fpga/codes/Deep_Learning_Routines/v1.4.1/src/linear_1d.hpp:71) [46]  (5.7 ns)

 <State 8>: 5.7ns
The critical path consists of the following:
	'fmul' operation ('mul20_i', /home/idec/work/ai_fpga/codes/Deep_Learning_Routines/v1.4.1/src/linear_1d.hpp:71) [46]  (5.7 ns)

 <State 9>: 5.7ns
The critical path consists of the following:
	'fmul' operation ('mul20_i', /home/idec/work/ai_fpga/codes/Deep_Learning_Routines/v1.4.1/src/linear_1d.hpp:71) [46]  (5.7 ns)

 <State 10>: 7.26ns
The critical path consists of the following:
	'fadd' operation ('sum', /home/idec/work/ai_fpga/codes/Deep_Learning_Routines/v1.4.1/src/linear_1d.hpp:71) [47]  (7.26 ns)

 <State 11>: 7.26ns
The critical path consists of the following:
	'fadd' operation ('sum', /home/idec/work/ai_fpga/codes/Deep_Learning_Routines/v1.4.1/src/linear_1d.hpp:71) [47]  (7.26 ns)

 <State 12>: 7.26ns
The critical path consists of the following:
	'fadd' operation ('sum', /home/idec/work/ai_fpga/codes/Deep_Learning_Routines/v1.4.1/src/linear_1d.hpp:71) [47]  (7.26 ns)

 <State 13>: 7.26ns
The critical path consists of the following:
	'fadd' operation ('sum', /home/idec/work/ai_fpga/codes/Deep_Learning_Routines/v1.4.1/src/linear_1d.hpp:71) [47]  (7.26 ns)

 <State 14>: 7.26ns
The critical path consists of the following:
	'fadd' operation ('sum', /home/idec/work/ai_fpga/codes/Deep_Learning_Routines/v1.4.1/src/linear_1d.hpp:71) [47]  (7.26 ns)

 <State 15>: 7.26ns
The critical path consists of the following:
	'fadd' operation ('add22_i', /home/idec/work/ai_fpga/codes/Deep_Learning_Routines/v1.4.1/src/linear_1d.hpp:74) [53]  (7.26 ns)

 <State 16>: 7.26ns
The critical path consists of the following:
	'fadd' operation ('add22_i', /home/idec/work/ai_fpga/codes/Deep_Learning_Routines/v1.4.1/src/linear_1d.hpp:74) [53]  (7.26 ns)

 <State 17>: 7.26ns
The critical path consists of the following:
	'fadd' operation ('add22_i', /home/idec/work/ai_fpga/codes/Deep_Learning_Routines/v1.4.1/src/linear_1d.hpp:74) [53]  (7.26 ns)

 <State 18>: 7.26ns
The critical path consists of the following:
	'fadd' operation ('add22_i', /home/idec/work/ai_fpga/codes/Deep_Learning_Routines/v1.4.1/src/linear_1d.hpp:74) [53]  (7.26 ns)

 <State 19>: 7.26ns
The critical path consists of the following:
	'fadd' operation ('add22_i', /home/idec/work/ai_fpga/codes/Deep_Learning_Routines/v1.4.1/src/linear_1d.hpp:74) [53]  (7.26 ns)

 <State 20>: 5.43ns
The critical path consists of the following:
	'fcmp' operation ('tmp_1', /home/idec/work/ai_fpga/codes/Deep_Learning_Routines/v1.4.1/src/linear_1d.hpp:74) [60]  (5.43 ns)

 <State 21>: 6.41ns
The critical path consists of the following:
	'fcmp' operation ('tmp_1', /home/idec/work/ai_fpga/codes/Deep_Learning_Routines/v1.4.1/src/linear_1d.hpp:74) [60]  (5.43 ns)
	'and' operation ('and_ln74', /home/idec/work/ai_fpga/codes/Deep_Learning_Routines/v1.4.1/src/linear_1d.hpp:74) [61]  (0 ns)
	'select' operation ('select_ln74', /home/idec/work/ai_fpga/codes/Deep_Learning_Routines/v1.4.1/src/linear_1d.hpp:74) [62]  (0.978 ns)

 <State 22>: 3.25ns
The critical path consists of the following:
	'getelementptr' operation ('pZ', /home/idec/work/ai_fpga/codes/Deep_Learning_Routines/v1.4.1/src/linear_1d.hpp:66) [52]  (0 ns)
	'store' operation ('store_ln74', /home/idec/work/ai_fpga/codes/Deep_Learning_Routines/v1.4.1/src/linear_1d.hpp:74) of variable 'select_ln74', /home/idec/work/ai_fpga/codes/Deep_Learning_Routines/v1.4.1/src/linear_1d.hpp:74 on array 'f1_out_data' [63]  (3.25 ns)


============================================================
+ Verbose Summary: Binding
============================================================
N/A
* FSMD analyzer results:
  - Output states:
 - Input state : 
  - Chain level:
	State 1
	State 2
	State 3
	State 4
	State 5
	State 6
	State 7
	State 8
	State 9
	State 10
	State 11
	State 12
	State 13
	State 14
	State 15
	State 16
	State 17
	State 18
	State 19
	State 20
	State 21
	State 22


============================================================
+ Verbose Summary: Datapath Resource usage 
============================================================
N/A
