

================================================================
== Vitis HLS Report for 'lenet5_Pipeline_VITIS_LOOP_64_1_VITIS_LOOP_68_26'
================================================================
* Date:           Tue Jul  2 15:30:41 2024

* Version:        2021.2 (Build 3367213 on Tue Oct 19 02:47:39 MDT 2021)
* Project:        proj_lenet5
* Solution:       zed (Vivado IP Flow Target)
* Product family: zynq
* Target device:  xc7z020-clg484-1


================================================================
== Performance Estimates
================================================================
+ Timing: 
    * Summary: 
    +--------+----------+----------+------------+
    |  Clock |  Target  | Estimated| Uncertainty|
    +--------+----------+----------+------------+
    |ap_clk  |  10.00 ns|  7.256 ns|     2.70 ns|
    +--------+----------+----------+------------+

+ Latency: 
    * Summary: 
    +---------+---------+----------+----------+-------+-------+---------+
    |  Latency (cycles) |  Latency (absolute) |    Interval   | Pipeline|
    |   min   |   max   |    min   |    max   |  min  |  max  |   Type  |
    +---------+---------+----------+----------+-------+-------+---------+
    |    60495|    60495|  0.605 ms|  0.605 ms|  60495|  60495|       no|
    +---------+---------+----------+----------+-------+-------+---------+

    + Detail: 
        * Instance: 
        N/A

        * Loop: 
        +-----------------------------------+---------+---------+----------+-----------+-----------+-------+----------+
        |                                   |  Latency (cycles) | Iteration|  Initiation Interval  |  Trip |          |
        |             Loop Name             |   min   |   max   |  Latency |  achieved |   target  | Count | Pipelined|
        +-----------------------------------+---------+---------+----------+-----------+-----------+-------+----------+
        |- VITIS_LOOP_64_1_VITIS_LOOP_68_2  |    60493|    60493|        20|          6|          1|  10080|       yes|
        +-----------------------------------+---------+---------+----------+-----------+-----------+-------+----------+

============================================================
+ Verbose Summary: Synthesis Manager
============================================================
InlineROM: 1
ExposeGlobal: 0
============================================================
+ Verbose Summary: CDFG Model
============================================================
IsTopModel: 0
ResetActiveHigh: 1
IsCombinational: 0
IsDatapathOnly: 0
HasWiredReturn: 1
HasMFsm: 2
HasVarLatency: 1
IsPipeline: 0
IsRtlPipelined: 0
IsInstanceOverlapped: 0
IsDontTouch: 0
HasImplIP: 0
IsGatedGlobalClock: 0

+ Individual pipeline summary: 
  * Pipeline-0: initiation interval (II) = 6, depth = 20


============================================================
+ Verbose Summary: Schedule
============================================================
* Number of FSM states : 20
* Pipeline : 1
  Pipeline-0 : II = 6, D = 20, States = { 1 2 3 4 5 6 7 8 9 10 11 12 13 14 15 16 17 18 19 20 }
* Dataflow Pipeline: 0

* FSM state transitions: 
1 --> 2 
2 --> 3 
3 --> 4 
4 --> 5 
5 --> 6 
6 --> 7 
7 --> 8 
8 --> 9 
9 --> 10 
10 --> 11 
11 --> 12 
12 --> 13 
13 --> 14 
14 --> 15 
15 --> 16 
16 --> 17 
17 --> 18 
18 --> 19 
19 --> 20 
20 --> 

* FSM state operations: 

State 1 <SV = 0> <Delay = 5.93>
ST_1 : Operation 23 [1/1] (0.00ns)   --->   "%i = alloca i32 1"   --->   Operation 23 'alloca' 'i' <Predicate = true> <Delay = 0.00>
ST_1 : Operation 24 [1/1] (0.00ns)   --->   "%sum = alloca i32 1"   --->   Operation 24 'alloca' 'sum' <Predicate = true> <Delay = 0.00>
ST_1 : Operation 25 [1/1] (0.00ns)   --->   "%o = alloca i32 1"   --->   Operation 25 'alloca' 'o' <Predicate = true> <Delay = 0.00>
ST_1 : Operation 26 [1/1] (0.00ns)   --->   "%indvar_flatten13 = alloca i32 1"   --->   Operation 26 'alloca' 'indvar_flatten13' <Predicate = true> <Delay = 0.00>
ST_1 : Operation 27 [1/1] (1.58ns)   --->   "%store_ln0 = store i14 0, i14 %indvar_flatten13"   --->   Operation 27 'store' 'store_ln0' <Predicate = true> <Delay = 1.58>
ST_1 : Operation 28 [1/1] (1.58ns)   --->   "%store_ln0 = store i7 0, i7 %o"   --->   Operation 28 'store' 'store_ln0' <Predicate = true> <Delay = 1.58>
ST_1 : Operation 29 [1/1] (1.58ns)   --->   "%store_ln0 = store i32 0, i32 %sum"   --->   Operation 29 'store' 'store_ln0' <Predicate = true> <Delay = 1.58>
ST_1 : Operation 30 [1/1] (1.58ns)   --->   "%store_ln0 = store i7 0, i7 %i"   --->   Operation 30 'store' 'store_ln0' <Predicate = true> <Delay = 1.58>
ST_1 : Operation 31 [1/1] (0.00ns)   --->   "%br_ln0 = br void %_ZN3dlr8Linear1dIfLi1ELi0ELj1036831949EEEvPT_PKS1_S4_S4_ttt.exit.preheader"   --->   Operation 31 'br' 'br_ln0' <Predicate = true> <Delay = 0.00>
ST_1 : Operation 32 [1/1] (0.00ns)   --->   "%o_1 = load i7 %o" [/home/idec/work/ai_fpga/codes/Deep_Learning_Routines/v1.4.1/src/linear_1d.hpp:64]   --->   Operation 32 'load' 'o_1' <Predicate = true> <Delay = 0.00>
ST_1 : Operation 33 [1/1] (0.00ns)   --->   "%indvar_flatten13_load = load i14 %indvar_flatten13" [/home/idec/work/ai_fpga/codes/Deep_Learning_Routines/v1.4.1/src/linear_1d.hpp:64]   --->   Operation 33 'load' 'indvar_flatten13_load' <Predicate = true> <Delay = 0.00>
ST_1 : Operation 34 [1/1] (0.00ns)   --->   "%p_shl = bitconcatenate i14 @_ssdm_op_BitConcatenate.i14.i7.i7, i7 %o_1, i7 0" [/home/idec/work/ai_fpga/codes/Deep_Learning_Routines/v1.4.1/src/linear_1d.hpp:64]   --->   Operation 34 'bitconcatenate' 'p_shl' <Predicate = true> <Delay = 0.00>
ST_1 : Operation 35 [1/1] (0.00ns)   --->   "%p_shl1 = bitconcatenate i10 @_ssdm_op_BitConcatenate.i10.i7.i3, i7 %o_1, i3 0" [/home/idec/work/ai_fpga/codes/Deep_Learning_Routines/v1.4.1/src/linear_1d.hpp:64]   --->   Operation 35 'bitconcatenate' 'p_shl1' <Predicate = true> <Delay = 0.00>
ST_1 : Operation 36 [1/1] (0.00ns)   --->   "%p_shl1_cast = zext i10 %p_shl1" [/home/idec/work/ai_fpga/codes/Deep_Learning_Routines/v1.4.1/src/linear_1d.hpp:64]   --->   Operation 36 'zext' 'p_shl1_cast' <Predicate = true> <Delay = 0.00>
ST_1 : Operation 37 [1/1] (1.81ns)   --->   "%empty = sub i14 %p_shl, i14 %p_shl1_cast" [/home/idec/work/ai_fpga/codes/Deep_Learning_Routines/v1.4.1/src/linear_1d.hpp:64]   --->   Operation 37 'sub' 'empty' <Predicate = true> <Delay = 1.81> <CoreInst = "Adder">   --->   Core 1 'Adder' <Latency = 0> <II = 1> <Delay = 1.87> <FuncUnit> <Opcode : 'add' 'sub'> <InPorts = 2> <OutPorts = 1>
ST_1 : Operation 38 [1/1] (0.00ns)   --->   "%specpipeline_ln0 = specpipeline void @_ssdm_op_SpecPipeline, i32 4294967295, i32 0, i32 1, i32 0, void @p_str"   --->   Operation 38 'specpipeline' 'specpipeline_ln0' <Predicate = true> <Delay = 0.00>
ST_1 : Operation 39 [1/1] (2.20ns)   --->   "%icmp_ln64 = icmp_eq  i14 %indvar_flatten13_load, i14 10080" [/home/idec/work/ai_fpga/codes/Deep_Learning_Routines/v1.4.1/src/linear_1d.hpp:64]   --->   Operation 39 'icmp' 'icmp_ln64' <Predicate = true> <Delay = 2.20> <CoreInst = "Cmp">   --->   Core 9 'Cmp' <Latency = 0> <II = 1> <Delay = 2.44> <FuncUnit> <Opcode : 'icmp'> <InPorts = 2> <OutPorts = 1>
ST_1 : Operation 40 [1/1] (1.81ns)   --->   "%add_ln64_2 = add i14 %indvar_flatten13_load, i14 1" [/home/idec/work/ai_fpga/codes/Deep_Learning_Routines/v1.4.1/src/linear_1d.hpp:64]   --->   Operation 40 'add' 'add_ln64_2' <Predicate = true> <Delay = 1.81> <CoreInst = "Adder">   --->   Core 1 'Adder' <Latency = 0> <II = 1> <Delay = 1.87> <FuncUnit> <Opcode : 'add' 'sub'> <InPorts = 2> <OutPorts = 1>
ST_1 : Operation 41 [1/1] (0.00ns)   --->   "%br_ln64 = br i1 %icmp_ln64, void %._crit_edge.loopexit.i20, void %_ZN3dlr8Linear1dIfLi1ELi0ELj1036831949EEEvPT_PKS1_S4_S4_ttt.exit27.exitStub" [/home/idec/work/ai_fpga/codes/Deep_Learning_Routines/v1.4.1/src/linear_1d.hpp:64]   --->   Operation 41 'br' 'br_ln64' <Predicate = true> <Delay = 0.00>
ST_1 : Operation 42 [1/1] (0.00ns)   --->   "%i_load = load i7 %i" [/home/idec/work/ai_fpga/codes/Deep_Learning_Routines/v1.4.1/src/linear_1d.hpp:68]   --->   Operation 42 'load' 'i_load' <Predicate = (!icmp_ln64)> <Delay = 0.00>
ST_1 : Operation 43 [1/1] (1.87ns)   --->   "%add_ln64 = add i7 %o_1, i7 1" [/home/idec/work/ai_fpga/codes/Deep_Learning_Routines/v1.4.1/src/linear_1d.hpp:64]   --->   Operation 43 'add' 'add_ln64' <Predicate = (!icmp_ln64)> <Delay = 1.87> <CoreInst = "Adder">   --->   Core 1 'Adder' <Latency = 0> <II = 1> <Delay = 1.87> <FuncUnit> <Opcode : 'add' 'sub'> <InPorts = 2> <OutPorts = 1>
ST_1 : Operation 44 [1/1] (1.48ns)   --->   "%icmp_ln68 = icmp_eq  i7 %i_load, i7 120" [/home/idec/work/ai_fpga/codes/Deep_Learning_Routines/v1.4.1/src/linear_1d.hpp:68]   --->   Operation 44 'icmp' 'icmp_ln68' <Predicate = (!icmp_ln64)> <Delay = 1.48> <CoreInst = "Cmp">   --->   Core 9 'Cmp' <Latency = 0> <II = 1> <Delay = 2.44> <FuncUnit> <Opcode : 'icmp'> <InPorts = 2> <OutPorts = 1>
ST_1 : Operation 45 [1/1] (0.99ns)   --->   "%select_ln62_1 = select i1 %icmp_ln68, i7 0, i7 %i_load" [/home/idec/work/ai_fpga/codes/Deep_Learning_Routines/v1.4.1/src/linear_1d.hpp:62]   --->   Operation 45 'select' 'select_ln62_1' <Predicate = (!icmp_ln64)> <Delay = 0.99> <CoreInst = "Sel">   --->   Core 73 'Sel' <Latency = 0> <II = 1> <Delay = 0.69> <FuncUnit> <Opcode : 'select'> <InPorts = 3> <OutPorts = 1>
ST_1 : Operation 46 [1/1] (0.99ns)   --->   "%select_ln62_3 = select i1 %icmp_ln68, i7 %add_ln64, i7 %o_1" [/home/idec/work/ai_fpga/codes/Deep_Learning_Routines/v1.4.1/src/linear_1d.hpp:62]   --->   Operation 46 'select' 'select_ln62_3' <Predicate = (!icmp_ln64)> <Delay = 0.99> <CoreInst = "Sel">   --->   Core 73 'Sel' <Latency = 0> <II = 1> <Delay = 0.69> <FuncUnit> <Opcode : 'select'> <InPorts = 3> <OutPorts = 1>
ST_1 : Operation 47 [1/1] (0.00ns)   --->   "%p_shl_mid1 = bitconcatenate i14 @_ssdm_op_BitConcatenate.i14.i7.i7, i7 %add_ln64, i7 0" [/home/idec/work/ai_fpga/codes/Deep_Learning_Routines/v1.4.1/src/linear_1d.hpp:64]   --->   Operation 47 'bitconcatenate' 'p_shl_mid1' <Predicate = (!icmp_ln64)> <Delay = 0.00>
ST_1 : Operation 48 [1/1] (0.00ns)   --->   "%p_shl1_mid1 = bitconcatenate i10 @_ssdm_op_BitConcatenate.i10.i7.i3, i7 %add_ln64, i3 0" [/home/idec/work/ai_fpga/codes/Deep_Learning_Routines/v1.4.1/src/linear_1d.hpp:64]   --->   Operation 48 'bitconcatenate' 'p_shl1_mid1' <Predicate = (!icmp_ln64)> <Delay = 0.00>
ST_1 : Operation 49 [1/1] (0.00ns)   --->   "%p_shl1_cast_mid1 = zext i10 %p_shl1_mid1" [/home/idec/work/ai_fpga/codes/Deep_Learning_Routines/v1.4.1/src/linear_1d.hpp:64]   --->   Operation 49 'zext' 'p_shl1_cast_mid1' <Predicate = (!icmp_ln64)> <Delay = 0.00>
ST_1 : Operation 50 [1/1] (1.81ns)   --->   "%p_mid1 = sub i14 %p_shl_mid1, i14 %p_shl1_cast_mid1" [/home/idec/work/ai_fpga/codes/Deep_Learning_Routines/v1.4.1/src/linear_1d.hpp:64]   --->   Operation 50 'sub' 'p_mid1' <Predicate = (!icmp_ln64)> <Delay = 1.81> <CoreInst = "Adder">   --->   Core 1 'Adder' <Latency = 0> <II = 1> <Delay = 1.87> <FuncUnit> <Opcode : 'add' 'sub'> <InPorts = 2> <OutPorts = 1>
ST_1 : Operation 51 [1/1] (0.00ns) (grouped into LUT with out node add_ln70)   --->   "%select_ln62_4 = select i1 %icmp_ln68, i14 %p_mid1, i14 %empty" [/home/idec/work/ai_fpga/codes/Deep_Learning_Routines/v1.4.1/src/linear_1d.hpp:62]   --->   Operation 51 'select' 'select_ln62_4' <Predicate = (!icmp_ln64)> <Delay = 0.00> <CoreInst = "Sel">   --->   Core 73 'Sel' <Latency = 0> <II = 1> <Delay = 0.69> <FuncUnit> <Opcode : 'select'> <InPorts = 3> <OutPorts = 1>
ST_1 : Operation 52 [1/1] (0.00ns)   --->   "%zext_ln68_1 = zext i7 %select_ln62_1" [/home/idec/work/ai_fpga/codes/Deep_Learning_Routines/v1.4.1/src/linear_1d.hpp:68]   --->   Operation 52 'zext' 'zext_ln68_1' <Predicate = (!icmp_ln64)> <Delay = 0.00>
ST_1 : Operation 53 [1/1] (0.00ns) (grouped into LUT with out node add_ln70)   --->   "%zext_ln68 = zext i7 %select_ln62_1" [/home/idec/work/ai_fpga/codes/Deep_Learning_Routines/v1.4.1/src/linear_1d.hpp:68]   --->   Operation 53 'zext' 'zext_ln68' <Predicate = (!icmp_ln64)> <Delay = 0.00>
ST_1 : Operation 54 [1/1] (0.00ns)   --->   "%pX = getelementptr i32 %f1_out_data, i32 0, i32 %zext_ln68_1" [/home/idec/work/ai_fpga/codes/Deep_Learning_Routines/v1.4.1/src/linear_1d.hpp:69]   --->   Operation 54 'getelementptr' 'pX' <Predicate = (!icmp_ln64)> <Delay = 0.00>
ST_1 : Operation 55 [1/1] (1.81ns) (out node of the LUT)   --->   "%add_ln70 = add i14 %select_ln62_4, i14 %zext_ln68" [/home/idec/work/ai_fpga/codes/Deep_Learning_Routines/v1.4.1/src/linear_1d.hpp:70]   --->   Operation 55 'add' 'add_ln70' <Predicate = (!icmp_ln64)> <Delay = 1.81> <CoreInst = "Adder">   --->   Core 1 'Adder' <Latency = 0> <II = 1> <Delay = 1.87> <FuncUnit> <Opcode : 'add' 'sub'> <InPorts = 2> <OutPorts = 1>
ST_1 : Operation 56 [2/2] (3.25ns)   --->   "%pX_load = load i7 %pX" [/home/idec/work/ai_fpga/codes/Deep_Learning_Routines/v1.4.1/src/linear_1d.hpp:71]   --->   Operation 56 'load' 'pX_load' <Predicate = (!icmp_ln64)> <Delay = 3.25> <CoreInst = "RAM">   --->   Core 82 'RAM' <Latency = 1> <II = 1> <Delay = 3.25> <Storage> <Opcode : 'load' 'store'> <Ports = 2> <Width = 32> <Depth = 120> <RAM>
ST_1 : Operation 57 [1/1] (1.87ns)   --->   "%i_1 = add i7 %select_ln62_1, i7 1" [/home/idec/work/ai_fpga/codes/Deep_Learning_Routines/v1.4.1/src/linear_1d.hpp:68]   --->   Operation 57 'add' 'i_1' <Predicate = (!icmp_ln64)> <Delay = 1.87> <CoreInst = "Adder">   --->   Core 1 'Adder' <Latency = 0> <II = 1> <Delay = 1.87> <FuncUnit> <Opcode : 'add' 'sub'> <InPorts = 2> <OutPorts = 1>
ST_1 : Operation 58 [1/1] (1.48ns)   --->   "%ifzero6 = icmp_eq  i7 %i_1, i7 120" [/home/idec/work/ai_fpga/codes/Deep_Learning_Routines/v1.4.1/src/linear_1d.hpp:68]   --->   Operation 58 'icmp' 'ifzero6' <Predicate = (!icmp_ln64)> <Delay = 1.48> <CoreInst = "Cmp">   --->   Core 9 'Cmp' <Latency = 0> <II = 1> <Delay = 2.44> <FuncUnit> <Opcode : 'icmp'> <InPorts = 2> <OutPorts = 1>
ST_1 : Operation 59 [1/1] (0.00ns)   --->   "%br_ln68 = br i1 %ifzero6, void %ifFalse5, void %ifTrue4" [/home/idec/work/ai_fpga/codes/Deep_Learning_Routines/v1.4.1/src/linear_1d.hpp:68]   --->   Operation 59 'br' 'br_ln68' <Predicate = (!icmp_ln64)> <Delay = 0.00>
ST_1 : Operation 60 [1/1] (1.58ns)   --->   "%store_ln64 = store i14 %add_ln64_2, i14 %indvar_flatten13" [/home/idec/work/ai_fpga/codes/Deep_Learning_Routines/v1.4.1/src/linear_1d.hpp:64]   --->   Operation 60 'store' 'store_ln64' <Predicate = (!icmp_ln64)> <Delay = 1.58>
ST_1 : Operation 61 [1/1] (1.58ns)   --->   "%store_ln62 = store i7 %select_ln62_3, i7 %o" [/home/idec/work/ai_fpga/codes/Deep_Learning_Routines/v1.4.1/src/linear_1d.hpp:62]   --->   Operation 61 'store' 'store_ln62' <Predicate = (!icmp_ln64)> <Delay = 1.58>
ST_1 : Operation 62 [1/1] (1.58ns)   --->   "%store_ln68 = store i7 %i_1, i7 %i" [/home/idec/work/ai_fpga/codes/Deep_Learning_Routines/v1.4.1/src/linear_1d.hpp:68]   --->   Operation 62 'store' 'store_ln68' <Predicate = (!icmp_ln64)> <Delay = 1.58>

State 2 <SV = 1> <Delay = 3.25>
ST_2 : Operation 63 [1/1] (0.00ns)   --->   "%zext_ln70 = zext i14 %add_ln70" [/home/idec/work/ai_fpga/codes/Deep_Learning_Routines/v1.4.1/src/linear_1d.hpp:70]   --->   Operation 63 'zext' 'zext_ln70' <Predicate = (!icmp_ln64)> <Delay = 0.00>
ST_2 : Operation 64 [1/1] (0.00ns)   --->   "%pW = getelementptr i32 %fc2_weight, i32 0, i32 %zext_ln70" [/home/idec/work/ai_fpga/codes/Deep_Learning_Routines/v1.4.1/src/linear_1d.hpp:70]   --->   Operation 64 'getelementptr' 'pW' <Predicate = (!icmp_ln64)> <Delay = 0.00>
ST_2 : Operation 65 [1/2] (3.25ns)   --->   "%pX_load = load i7 %pX" [/home/idec/work/ai_fpga/codes/Deep_Learning_Routines/v1.4.1/src/linear_1d.hpp:71]   --->   Operation 65 'load' 'pX_load' <Predicate = (!icmp_ln64)> <Delay = 3.25> <CoreInst = "RAM">   --->   Core 82 'RAM' <Latency = 1> <II = 1> <Delay = 3.25> <Storage> <Opcode : 'load' 'store'> <Ports = 2> <Width = 32> <Depth = 120> <RAM>
ST_2 : Operation 66 [2/2] (3.25ns)   --->   "%pW_load = load i14 %pW" [/home/idec/work/ai_fpga/codes/Deep_Learning_Routines/v1.4.1/src/linear_1d.hpp:71]   --->   Operation 66 'load' 'pW_load' <Predicate = (!icmp_ln64)> <Delay = 3.25> <CoreInst = "ROM">   --->   Core 95 'ROM' <Latency = 1> <II = 1> <Delay = 3.25> <Storage> <Opcode : 'load'> <Ports = 0> <Width = 32> <Depth = 10080> <ROM>

State 3 <SV = 2> <Delay = 3.25>
ST_3 : Operation 67 [1/2] (3.25ns)   --->   "%pW_load = load i14 %pW" [/home/idec/work/ai_fpga/codes/Deep_Learning_Routines/v1.4.1/src/linear_1d.hpp:71]   --->   Operation 67 'load' 'pW_load' <Predicate = (!icmp_ln64)> <Delay = 3.25> <CoreInst = "ROM">   --->   Core 95 'ROM' <Latency = 1> <II = 1> <Delay = 3.25> <Storage> <Opcode : 'load'> <Ports = 0> <Width = 32> <Depth = 10080> <ROM>

State 4 <SV = 3> <Delay = 5.70>
ST_4 : Operation 68 [4/4] (5.70ns)   --->   "%mul20_i1 = fmul i32 %pX_load, i32 %pW_load" [/home/idec/work/ai_fpga/codes/Deep_Learning_Routines/v1.4.1/src/linear_1d.hpp:71]   --->   Operation 68 'fmul' 'mul20_i1' <Predicate = (!icmp_ln64)> <Delay = 5.70> <CoreInst = "FMul_maxdsp">   --->   Core 30 'FMul_maxdsp' <Latency = 3> <II = 1> <Delay = 5.70> <FuncUnit> <Opcode : 'fmul'> <InPorts = 2> <OutPorts = 1>

State 5 <SV = 4> <Delay = 5.70>
ST_5 : Operation 69 [3/4] (5.70ns)   --->   "%mul20_i1 = fmul i32 %pX_load, i32 %pW_load" [/home/idec/work/ai_fpga/codes/Deep_Learning_Routines/v1.4.1/src/linear_1d.hpp:71]   --->   Operation 69 'fmul' 'mul20_i1' <Predicate = (!icmp_ln64)> <Delay = 5.70> <CoreInst = "FMul_maxdsp">   --->   Core 30 'FMul_maxdsp' <Latency = 3> <II = 1> <Delay = 5.70> <FuncUnit> <Opcode : 'fmul'> <InPorts = 2> <OutPorts = 1>

State 6 <SV = 5> <Delay = 5.70>
ST_6 : Operation 70 [2/4] (5.70ns)   --->   "%mul20_i1 = fmul i32 %pX_load, i32 %pW_load" [/home/idec/work/ai_fpga/codes/Deep_Learning_Routines/v1.4.1/src/linear_1d.hpp:71]   --->   Operation 70 'fmul' 'mul20_i1' <Predicate = (!icmp_ln64)> <Delay = 5.70> <CoreInst = "FMul_maxdsp">   --->   Core 30 'FMul_maxdsp' <Latency = 3> <II = 1> <Delay = 5.70> <FuncUnit> <Opcode : 'fmul'> <InPorts = 2> <OutPorts = 1>

State 7 <SV = 6> <Delay = 5.70>
ST_7 : Operation 71 [1/1] (0.00ns)   --->   "%sum_load = load i32 %sum" [/home/idec/work/ai_fpga/codes/Deep_Learning_Routines/v1.4.1/src/linear_1d.hpp:62]   --->   Operation 71 'load' 'sum_load' <Predicate = (!icmp_ln68)> <Delay = 0.00>
ST_7 : Operation 72 [1/1] (0.69ns)   --->   "%select_ln62 = select i1 %icmp_ln68, i32 0, i32 %sum_load" [/home/idec/work/ai_fpga/codes/Deep_Learning_Routines/v1.4.1/src/linear_1d.hpp:62]   --->   Operation 72 'select' 'select_ln62' <Predicate = true> <Delay = 0.69> <CoreInst = "Sel">   --->   Core 73 'Sel' <Latency = 0> <II = 1> <Delay = 0.69> <FuncUnit> <Opcode : 'select'> <InPorts = 3> <OutPorts = 1>
ST_7 : Operation 73 [1/1] (0.00ns)   --->   "%zext_ln62 = zext i7 %select_ln62_3" [/home/idec/work/ai_fpga/codes/Deep_Learning_Routines/v1.4.1/src/linear_1d.hpp:62]   --->   Operation 73 'zext' 'zext_ln62' <Predicate = true> <Delay = 0.00>
ST_7 : Operation 74 [1/1] (0.00ns)   --->   "%fc2_bias_addr = getelementptr i32 %fc2_bias, i32 0, i32 %zext_ln62" [/home/idec/work/ai_fpga/codes/Deep_Learning_Routines/v1.4.1/src/linear_1d.hpp:67]   --->   Operation 74 'getelementptr' 'fc2_bias_addr' <Predicate = true> <Delay = 0.00>
ST_7 : Operation 75 [2/2] (3.25ns)   --->   "%fc2_bias_load = load i7 %fc2_bias_addr" [/home/idec/work/ai_fpga/codes/Deep_Learning_Routines/v1.4.1/src/linear_1d.hpp:62]   --->   Operation 75 'load' 'fc2_bias_load' <Predicate = true> <Delay = 3.25> <CoreInst = "ROM">   --->   Core 95 'ROM' <Latency = 1> <II = 1> <Delay = 3.25> <Storage> <Opcode : 'load'> <Ports = 0> <Width = 32> <Depth = 84> <ROM>
ST_7 : Operation 76 [1/4] (5.70ns)   --->   "%mul20_i1 = fmul i32 %pX_load, i32 %pW_load" [/home/idec/work/ai_fpga/codes/Deep_Learning_Routines/v1.4.1/src/linear_1d.hpp:71]   --->   Operation 76 'fmul' 'mul20_i1' <Predicate = true> <Delay = 5.70> <CoreInst = "FMul_maxdsp">   --->   Core 30 'FMul_maxdsp' <Latency = 3> <II = 1> <Delay = 5.70> <FuncUnit> <Opcode : 'fmul'> <InPorts = 2> <OutPorts = 1>

State 8 <SV = 7> <Delay = 7.25>
ST_8 : Operation 77 [1/2] (3.25ns)   --->   "%fc2_bias_load = load i7 %fc2_bias_addr" [/home/idec/work/ai_fpga/codes/Deep_Learning_Routines/v1.4.1/src/linear_1d.hpp:62]   --->   Operation 77 'load' 'fc2_bias_load' <Predicate = true> <Delay = 3.25> <CoreInst = "ROM">   --->   Core 95 'ROM' <Latency = 1> <II = 1> <Delay = 3.25> <Storage> <Opcode : 'load'> <Ports = 0> <Width = 32> <Depth = 84> <ROM>
ST_8 : Operation 78 [5/5] (7.25ns)   --->   "%sum_2 = fadd i32 %select_ln62, i32 %mul20_i1" [/home/idec/work/ai_fpga/codes/Deep_Learning_Routines/v1.4.1/src/linear_1d.hpp:71]   --->   Operation 78 'fadd' 'sum_2' <Predicate = true> <Delay = 7.25> <CoreInst = "FAddSub_fulldsp">   --->   Core 18 'FAddSub_fulldsp' <Latency = 4> <II = 1> <Delay = 7.25> <FuncUnit> <Opcode : 'fadd' 'fsub'> <InPorts = 2> <OutPorts = 1>

State 9 <SV = 8> <Delay = 7.25>
ST_9 : Operation 79 [4/5] (7.25ns)   --->   "%sum_2 = fadd i32 %select_ln62, i32 %mul20_i1" [/home/idec/work/ai_fpga/codes/Deep_Learning_Routines/v1.4.1/src/linear_1d.hpp:71]   --->   Operation 79 'fadd' 'sum_2' <Predicate = true> <Delay = 7.25> <CoreInst = "FAddSub_fulldsp">   --->   Core 18 'FAddSub_fulldsp' <Latency = 4> <II = 1> <Delay = 7.25> <FuncUnit> <Opcode : 'fadd' 'fsub'> <InPorts = 2> <OutPorts = 1>

State 10 <SV = 9> <Delay = 7.25>
ST_10 : Operation 80 [3/5] (7.25ns)   --->   "%sum_2 = fadd i32 %select_ln62, i32 %mul20_i1" [/home/idec/work/ai_fpga/codes/Deep_Learning_Routines/v1.4.1/src/linear_1d.hpp:71]   --->   Operation 80 'fadd' 'sum_2' <Predicate = true> <Delay = 7.25> <CoreInst = "FAddSub_fulldsp">   --->   Core 18 'FAddSub_fulldsp' <Latency = 4> <II = 1> <Delay = 7.25> <FuncUnit> <Opcode : 'fadd' 'fsub'> <InPorts = 2> <OutPorts = 1>

State 11 <SV = 10> <Delay = 7.25>
ST_11 : Operation 81 [2/5] (7.25ns)   --->   "%sum_2 = fadd i32 %select_ln62, i32 %mul20_i1" [/home/idec/work/ai_fpga/codes/Deep_Learning_Routines/v1.4.1/src/linear_1d.hpp:71]   --->   Operation 81 'fadd' 'sum_2' <Predicate = true> <Delay = 7.25> <CoreInst = "FAddSub_fulldsp">   --->   Core 18 'FAddSub_fulldsp' <Latency = 4> <II = 1> <Delay = 7.25> <FuncUnit> <Opcode : 'fadd' 'fsub'> <InPorts = 2> <OutPorts = 1>

State 12 <SV = 11> <Delay = 7.25>
ST_12 : Operation 82 [1/1] (0.00ns)   --->   "%specloopname_ln0 = specloopname void @_ssdm_op_SpecLoopName, void @VITIS_LOOP_64_1_VITIS_LOOP_68_2_str"   --->   Operation 82 'specloopname' 'specloopname_ln0' <Predicate = true> <Delay = 0.00>
ST_12 : Operation 83 [1/1] (0.00ns)   --->   "%empty_19 = speclooptripcount i32 @_ssdm_op_SpecLoopTripCount, i64 10080, i64 10080, i64 10080"   --->   Operation 83 'speclooptripcount' 'empty_19' <Predicate = true> <Delay = 0.00>
ST_12 : Operation 84 [1/1] (0.00ns)   --->   "%specpipeline_ln0 = specpipeline void @_ssdm_op_SpecPipeline, i32 4294967295, i32 0, i32 1, i32 0, void @p_str"   --->   Operation 84 'specpipeline' 'specpipeline_ln0' <Predicate = true> <Delay = 0.00>
ST_12 : Operation 85 [1/1] (0.00ns)   --->   "%specloopname_ln62 = specloopname void @_ssdm_op_SpecLoopName, void @empty_12" [/home/idec/work/ai_fpga/codes/Deep_Learning_Routines/v1.4.1/src/linear_1d.hpp:62]   --->   Operation 85 'specloopname' 'specloopname_ln62' <Predicate = true> <Delay = 0.00>
ST_12 : Operation 86 [1/5] (7.25ns)   --->   "%sum_2 = fadd i32 %select_ln62, i32 %mul20_i1" [/home/idec/work/ai_fpga/codes/Deep_Learning_Routines/v1.4.1/src/linear_1d.hpp:71]   --->   Operation 86 'fadd' 'sum_2' <Predicate = true> <Delay = 7.25> <CoreInst = "FAddSub_fulldsp">   --->   Core 18 'FAddSub_fulldsp' <Latency = 4> <II = 1> <Delay = 7.25> <FuncUnit> <Opcode : 'fadd' 'fsub'> <InPorts = 2> <OutPorts = 1>

State 13 <SV = 12> <Delay = 7.25>
ST_13 : Operation 87 [5/5] (7.25ns)   --->   "%add22_i1 = fadd i32 %sum_2, i32 %fc2_bias_load" [/home/idec/work/ai_fpga/codes/Deep_Learning_Routines/v1.4.1/src/linear_1d.hpp:74]   --->   Operation 87 'fadd' 'add22_i1' <Predicate = (ifzero6)> <Delay = 7.25> <CoreInst = "FAddSub_fulldsp">   --->   Core 18 'FAddSub_fulldsp' <Latency = 4> <II = 1> <Delay = 7.25> <FuncUnit> <Opcode : 'fadd' 'fsub'> <InPorts = 2> <OutPorts = 1>
ST_13 : Operation 88 [1/1] (1.58ns)   --->   "%store_ln71 = store i32 %sum_2, i32 %sum" [/home/idec/work/ai_fpga/codes/Deep_Learning_Routines/v1.4.1/src/linear_1d.hpp:71]   --->   Operation 88 'store' 'store_ln71' <Predicate = true> <Delay = 1.58>
ST_13 : Operation 89 [1/1] (0.00ns)   --->   "%br_ln0 = br void %_ZN3dlr8Linear1dIfLi1ELi0ELj1036831949EEEvPT_PKS1_S4_S4_ttt.exit.preheader"   --->   Operation 89 'br' 'br_ln0' <Predicate = true> <Delay = 0.00>

State 14 <SV = 13> <Delay = 7.25>
ST_14 : Operation 90 [4/5] (7.25ns)   --->   "%add22_i1 = fadd i32 %sum_2, i32 %fc2_bias_load" [/home/idec/work/ai_fpga/codes/Deep_Learning_Routines/v1.4.1/src/linear_1d.hpp:74]   --->   Operation 90 'fadd' 'add22_i1' <Predicate = (ifzero6)> <Delay = 7.25> <CoreInst = "FAddSub_fulldsp">   --->   Core 18 'FAddSub_fulldsp' <Latency = 4> <II = 1> <Delay = 7.25> <FuncUnit> <Opcode : 'fadd' 'fsub'> <InPorts = 2> <OutPorts = 1>
ST_14 : Operation 107 [1/1] (0.00ns)   --->   "%ret_ln0 = ret"   --->   Operation 107 'ret' 'ret_ln0' <Predicate = (icmp_ln64)> <Delay = 0.00>

State 15 <SV = 14> <Delay = 7.25>
ST_15 : Operation 91 [3/5] (7.25ns)   --->   "%add22_i1 = fadd i32 %sum_2, i32 %fc2_bias_load" [/home/idec/work/ai_fpga/codes/Deep_Learning_Routines/v1.4.1/src/linear_1d.hpp:74]   --->   Operation 91 'fadd' 'add22_i1' <Predicate = (ifzero6)> <Delay = 7.25> <CoreInst = "FAddSub_fulldsp">   --->   Core 18 'FAddSub_fulldsp' <Latency = 4> <II = 1> <Delay = 7.25> <FuncUnit> <Opcode : 'fadd' 'fsub'> <InPorts = 2> <OutPorts = 1>

State 16 <SV = 15> <Delay = 7.25>
ST_16 : Operation 92 [2/5] (7.25ns)   --->   "%add22_i1 = fadd i32 %sum_2, i32 %fc2_bias_load" [/home/idec/work/ai_fpga/codes/Deep_Learning_Routines/v1.4.1/src/linear_1d.hpp:74]   --->   Operation 92 'fadd' 'add22_i1' <Predicate = (ifzero6)> <Delay = 7.25> <CoreInst = "FAddSub_fulldsp">   --->   Core 18 'FAddSub_fulldsp' <Latency = 4> <II = 1> <Delay = 7.25> <FuncUnit> <Opcode : 'fadd' 'fsub'> <InPorts = 2> <OutPorts = 1>

State 17 <SV = 16> <Delay = 7.25>
ST_17 : Operation 93 [1/5] (7.25ns)   --->   "%add22_i1 = fadd i32 %sum_2, i32 %fc2_bias_load" [/home/idec/work/ai_fpga/codes/Deep_Learning_Routines/v1.4.1/src/linear_1d.hpp:74]   --->   Operation 93 'fadd' 'add22_i1' <Predicate = (ifzero6)> <Delay = 7.25> <CoreInst = "FAddSub_fulldsp">   --->   Core 18 'FAddSub_fulldsp' <Latency = 4> <II = 1> <Delay = 7.25> <FuncUnit> <Opcode : 'fadd' 'fsub'> <InPorts = 2> <OutPorts = 1>

State 18 <SV = 17> <Delay = 5.43>
ST_18 : Operation 94 [2/2] (5.43ns)   --->   "%tmp_3 = fcmp_ole  i32 %add22_i1, i32 0" [/home/idec/work/ai_fpga/codes/Deep_Learning_Routines/v1.4.1/src/linear_1d.hpp:74]   --->   Operation 94 'fcmp' 'tmp_3' <Predicate = (ifzero6)> <Delay = 5.43> <CoreInst = "FCompare">   --->   Core 19 'FCompare' <Latency = 1> <II = 1> <Delay = 5.43> <FuncUnit> <Opcode : 'fcmp'> <InPorts = 2> <OutPorts = 1>

State 19 <SV = 18> <Delay = 6.40>
ST_19 : Operation 95 [1/1] (0.00ns)   --->   "%bitcast_ln74 = bitcast i32 %add22_i1" [/home/idec/work/ai_fpga/codes/Deep_Learning_Routines/v1.4.1/src/linear_1d.hpp:74]   --->   Operation 95 'bitcast' 'bitcast_ln74' <Predicate = (ifzero6)> <Delay = 0.00>
ST_19 : Operation 96 [1/1] (0.00ns)   --->   "%tmp_2 = partselect i8 @_ssdm_op_PartSelect.i8.i32.i32.i32, i32 %bitcast_ln74, i32 23, i32 30" [/home/idec/work/ai_fpga/codes/Deep_Learning_Routines/v1.4.1/src/linear_1d.hpp:74]   --->   Operation 96 'partselect' 'tmp_2' <Predicate = (ifzero6)> <Delay = 0.00>
ST_19 : Operation 97 [1/1] (0.00ns)   --->   "%trunc_ln74 = trunc i32 %bitcast_ln74" [/home/idec/work/ai_fpga/codes/Deep_Learning_Routines/v1.4.1/src/linear_1d.hpp:74]   --->   Operation 97 'trunc' 'trunc_ln74' <Predicate = (ifzero6)> <Delay = 0.00>
ST_19 : Operation 98 [1/1] (1.55ns)   --->   "%icmp_ln74 = icmp_ne  i8 %tmp_2, i8 255" [/home/idec/work/ai_fpga/codes/Deep_Learning_Routines/v1.4.1/src/linear_1d.hpp:74]   --->   Operation 98 'icmp' 'icmp_ln74' <Predicate = (ifzero6)> <Delay = 1.55> <CoreInst = "Cmp">   --->   Core 9 'Cmp' <Latency = 0> <II = 1> <Delay = 2.44> <FuncUnit> <Opcode : 'icmp'> <InPorts = 2> <OutPorts = 1>
ST_19 : Operation 99 [1/1] (2.44ns)   --->   "%icmp_ln74_1 = icmp_eq  i23 %trunc_ln74, i23 0" [/home/idec/work/ai_fpga/codes/Deep_Learning_Routines/v1.4.1/src/linear_1d.hpp:74]   --->   Operation 99 'icmp' 'icmp_ln74_1' <Predicate = (ifzero6)> <Delay = 2.44> <CoreInst = "Cmp">   --->   Core 9 'Cmp' <Latency = 0> <II = 1> <Delay = 2.44> <FuncUnit> <Opcode : 'icmp'> <InPorts = 2> <OutPorts = 1>
ST_19 : Operation 100 [1/1] (0.00ns) (grouped into LUT with out node select_ln74)   --->   "%or_ln74 = or i1 %icmp_ln74_1, i1 %icmp_ln74" [/home/idec/work/ai_fpga/codes/Deep_Learning_Routines/v1.4.1/src/linear_1d.hpp:74]   --->   Operation 100 'or' 'or_ln74' <Predicate = (ifzero6)> <Delay = 0.00> <CoreInst = "LogicGate">   --->   Core 74 'LogicGate' <Latency = 0> <II = 1> <Delay = 0.97> <FuncUnit> <Opcode : 'and' 'or' 'xor'> <InPorts = 2> <OutPorts = 1>
ST_19 : Operation 101 [1/2] (5.43ns)   --->   "%tmp_3 = fcmp_ole  i32 %add22_i1, i32 0" [/home/idec/work/ai_fpga/codes/Deep_Learning_Routines/v1.4.1/src/linear_1d.hpp:74]   --->   Operation 101 'fcmp' 'tmp_3' <Predicate = (ifzero6)> <Delay = 5.43> <CoreInst = "FCompare">   --->   Core 19 'FCompare' <Latency = 1> <II = 1> <Delay = 5.43> <FuncUnit> <Opcode : 'fcmp'> <InPorts = 2> <OutPorts = 1>
ST_19 : Operation 102 [1/1] (0.00ns) (grouped into LUT with out node select_ln74)   --->   "%and_ln74 = and i1 %or_ln74, i1 %tmp_3" [/home/idec/work/ai_fpga/codes/Deep_Learning_Routines/v1.4.1/src/linear_1d.hpp:74]   --->   Operation 102 'and' 'and_ln74' <Predicate = (ifzero6)> <Delay = 0.00> <CoreInst = "LogicGate">   --->   Core 74 'LogicGate' <Latency = 0> <II = 1> <Delay = 0.97> <FuncUnit> <Opcode : 'and' 'or' 'xor'> <InPorts = 2> <OutPorts = 1>
ST_19 : Operation 103 [1/1] (0.97ns) (out node of the LUT)   --->   "%select_ln74 = select i1 %and_ln74, i32 0, i32 %add22_i1" [/home/idec/work/ai_fpga/codes/Deep_Learning_Routines/v1.4.1/src/linear_1d.hpp:74]   --->   Operation 103 'select' 'select_ln74' <Predicate = (ifzero6)> <Delay = 0.97> <CoreInst = "Sel">   --->   Core 73 'Sel' <Latency = 0> <II = 1> <Delay = 0.69> <FuncUnit> <Opcode : 'select'> <InPorts = 3> <OutPorts = 1>

State 20 <SV = 19> <Delay = 3.25>
ST_20 : Operation 104 [1/1] (0.00ns)   --->   "%pZ = getelementptr i32 %f2_out_data, i32 0, i32 %zext_ln62" [/home/idec/work/ai_fpga/codes/Deep_Learning_Routines/v1.4.1/src/linear_1d.hpp:66]   --->   Operation 104 'getelementptr' 'pZ' <Predicate = (ifzero6)> <Delay = 0.00>
ST_20 : Operation 105 [1/1] (3.25ns)   --->   "%store_ln74 = store i32 %select_ln74, i7 %pZ" [/home/idec/work/ai_fpga/codes/Deep_Learning_Routines/v1.4.1/src/linear_1d.hpp:74]   --->   Operation 105 'store' 'store_ln74' <Predicate = (ifzero6)> <Delay = 3.25> <CoreInst = "RAM">   --->   Core 82 'RAM' <Latency = 1> <II = 1> <Delay = 3.25> <Storage> <Opcode : 'load' 'store'> <Ports = 2> <Width = 32> <Depth = 84> <RAM>
ST_20 : Operation 106 [1/1] (0.00ns)   --->   "%br_ln0 = br void %ifFalse5"   --->   Operation 106 'br' 'br_ln0' <Predicate = (ifzero6)> <Delay = 0.00>


============================================================
+ Verbose Summary: Timing violations
============================================================
Target clock period: 10ns, clock uncertainty: 2.7ns.

 <State 1>: 5.94ns
The critical path consists of the following:
	'alloca' operation ('i') [5]  (0 ns)
	'load' operation ('i_load', /home/idec/work/ai_fpga/codes/Deep_Learning_Routines/v1.4.1/src/linear_1d.hpp:68) on local variable 'i' [26]  (0 ns)
	'icmp' operation ('icmp_ln68', /home/idec/work/ai_fpga/codes/Deep_Learning_Routines/v1.4.1/src/linear_1d.hpp:68) [31]  (1.49 ns)
	'select' operation ('select_ln62_1', /home/idec/work/ai_fpga/codes/Deep_Learning_Routines/v1.4.1/src/linear_1d.hpp:62) [33]  (0.993 ns)
	'add' operation ('i', /home/idec/work/ai_fpga/codes/Deep_Learning_Routines/v1.4.1/src/linear_1d.hpp:68) [55]  (1.87 ns)
	'store' operation ('store_ln68', /home/idec/work/ai_fpga/codes/Deep_Learning_Routines/v1.4.1/src/linear_1d.hpp:68) of variable 'i', /home/idec/work/ai_fpga/codes/Deep_Learning_Routines/v1.4.1/src/linear_1d.hpp:68 on local variable 'i' [76]  (1.59 ns)

 <State 2>: 3.25ns
The critical path consists of the following:
	'load' operation ('pX_load', /home/idec/work/ai_fpga/codes/Deep_Learning_Routines/v1.4.1/src/linear_1d.hpp:71) on array 'f1_out_data' [51]  (3.25 ns)

 <State 3>: 3.25ns
The critical path consists of the following:
	'load' operation ('pW_load', /home/idec/work/ai_fpga/codes/Deep_Learning_Routines/v1.4.1/src/linear_1d.hpp:71) on array 'fc2_weight' [52]  (3.25 ns)

 <State 4>: 5.7ns
The critical path consists of the following:
	'fmul' operation ('mul20_i1', /home/idec/work/ai_fpga/codes/Deep_Learning_Routines/v1.4.1/src/linear_1d.hpp:71) [53]  (5.7 ns)

 <State 5>: 5.7ns
The critical path consists of the following:
	'fmul' operation ('mul20_i1', /home/idec/work/ai_fpga/codes/Deep_Learning_Routines/v1.4.1/src/linear_1d.hpp:71) [53]  (5.7 ns)

 <State 6>: 5.7ns
The critical path consists of the following:
	'fmul' operation ('mul20_i1', /home/idec/work/ai_fpga/codes/Deep_Learning_Routines/v1.4.1/src/linear_1d.hpp:71) [53]  (5.7 ns)

 <State 7>: 5.7ns
The critical path consists of the following:
	'fmul' operation ('mul20_i1', /home/idec/work/ai_fpga/codes/Deep_Learning_Routines/v1.4.1/src/linear_1d.hpp:71) [53]  (5.7 ns)

 <State 8>: 7.26ns
The critical path consists of the following:
	'fadd' operation ('sum', /home/idec/work/ai_fpga/codes/Deep_Learning_Routines/v1.4.1/src/linear_1d.hpp:71) [54]  (7.26 ns)

 <State 9>: 7.26ns
The critical path consists of the following:
	'fadd' operation ('sum', /home/idec/work/ai_fpga/codes/Deep_Learning_Routines/v1.4.1/src/linear_1d.hpp:71) [54]  (7.26 ns)

 <State 10>: 7.26ns
The critical path consists of the following:
	'fadd' operation ('sum', /home/idec/work/ai_fpga/codes/Deep_Learning_Routines/v1.4.1/src/linear_1d.hpp:71) [54]  (7.26 ns)

 <State 11>: 7.26ns
The critical path consists of the following:
	'fadd' operation ('sum', /home/idec/work/ai_fpga/codes/Deep_Learning_Routines/v1.4.1/src/linear_1d.hpp:71) [54]  (7.26 ns)

 <State 12>: 7.26ns
The critical path consists of the following:
	'fadd' operation ('sum', /home/idec/work/ai_fpga/codes/Deep_Learning_Routines/v1.4.1/src/linear_1d.hpp:71) [54]  (7.26 ns)

 <State 13>: 7.26ns
The critical path consists of the following:
	'fadd' operation ('add22_i1', /home/idec/work/ai_fpga/codes/Deep_Learning_Routines/v1.4.1/src/linear_1d.hpp:74) [60]  (7.26 ns)

 <State 14>: 7.26ns
The critical path consists of the following:
	'fadd' operation ('add22_i1', /home/idec/work/ai_fpga/codes/Deep_Learning_Routines/v1.4.1/src/linear_1d.hpp:74) [60]  (7.26 ns)

 <State 15>: 7.26ns
The critical path consists of the following:
	'fadd' operation ('add22_i1', /home/idec/work/ai_fpga/codes/Deep_Learning_Routines/v1.4.1/src/linear_1d.hpp:74) [60]  (7.26 ns)

 <State 16>: 7.26ns
The critical path consists of the following:
	'fadd' operation ('add22_i1', /home/idec/work/ai_fpga/codes/Deep_Learning_Routines/v1.4.1/src/linear_1d.hpp:74) [60]  (7.26 ns)

 <State 17>: 7.26ns
The critical path consists of the following:
	'fadd' operation ('add22_i1', /home/idec/work/ai_fpga/codes/Deep_Learning_Routines/v1.4.1/src/linear_1d.hpp:74) [60]  (7.26 ns)

 <State 18>: 5.43ns
The critical path consists of the following:
	'fcmp' operation ('tmp_3', /home/idec/work/ai_fpga/codes/Deep_Learning_Routines/v1.4.1/src/linear_1d.hpp:74) [67]  (5.43 ns)

 <State 19>: 6.41ns
The critical path consists of the following:
	'fcmp' operation ('tmp_3', /home/idec/work/ai_fpga/codes/Deep_Learning_Routines/v1.4.1/src/linear_1d.hpp:74) [67]  (5.43 ns)
	'and' operation ('and_ln74', /home/idec/work/ai_fpga/codes/Deep_Learning_Routines/v1.4.1/src/linear_1d.hpp:74) [68]  (0 ns)
	'select' operation ('select_ln74', /home/idec/work/ai_fpga/codes/Deep_Learning_Routines/v1.4.1/src/linear_1d.hpp:74) [69]  (0.978 ns)

 <State 20>: 3.25ns
The critical path consists of the following:
	'getelementptr' operation ('pZ', /home/idec/work/ai_fpga/codes/Deep_Learning_Routines/v1.4.1/src/linear_1d.hpp:66) [59]  (0 ns)
	'store' operation ('store_ln74', /home/idec/work/ai_fpga/codes/Deep_Learning_Routines/v1.4.1/src/linear_1d.hpp:74) of variable 'select_ln74', /home/idec/work/ai_fpga/codes/Deep_Learning_Routines/v1.4.1/src/linear_1d.hpp:74 on array 'f2_out_data' [70]  (3.25 ns)


============================================================
+ Verbose Summary: Binding
============================================================
N/A
* FSMD analyzer results:
  - Output states:
 - Input state : 
  - Chain level:
	State 1
	State 2
	State 3
	State 4
	State 5
	State 6
	State 7
	State 8
	State 9
	State 10
	State 11
	State 12
	State 13
	State 14
	State 15
	State 16
	State 17
	State 18
	State 19
	State 20


============================================================
+ Verbose Summary: Datapath Resource usage 
============================================================
N/A
